<?xml version="1.0" encoding="UTF-8"?>
<testsuites name="TS004 - Landing Page" time="70.446" tests="3" failures="1" errors="0">
   <testsuite name="TS004 - Landing Page" tests="3" failures="1" errors="0" time="70.446" skipped="0" timestamp="12-07-2024T19:44:23" hostname="Lenovo - LAPTOP-7QB5JFLU" id="Test Suites/Eklipse Test suite/TS004 - Landing Page">
      <properties>
         <property name="deviceName" value=""/>
         <property name="devicePlatform"/>
         <property name="logFolder" value="C:\\Users\\Lenovo\\git\\KatalonPractitionerLevel\\Reports\\20240712_194417\\Eklipse Test suite\\TS004 - Landing Page\\20240712_194417"/>
         <property name="logFiles" value="C:\\Users\\Lenovo\\git\\KatalonPractitionerLevel\\Reports\\20240712_194417\\Eklipse Test suite\\TS004 - Landing Page\\20240712_194417\\execution0.log"/>
         <property name="attachments" value="C:\\Users\\Lenovo\\git\\KatalonPractitionerLevel\\Reports\\20240712_194417\\Eklipse Test suite\\TS004 - Landing Page\\20240712_194417\\1720788283658.png, C:\\Users\\Lenovo\\git\\KatalonPractitionerLevel\\Reports\\20240712_194417\\Eklipse Test suite\\TS004 - Landing Page\\20240712_194417\\1720788295759.png, C:\\Users\\Lenovo\\git\\KatalonPractitionerLevel\\Reports\\20240712_194417\\Eklipse Test suite\\TS004 - Landing Page\\20240712_194417\\1720788308541.png, C:\\Users\\Lenovo\\git\\KatalonPractitionerLevel\\Reports\\20240712_194417\\Eklipse Test suite\\TS004 - Landing Page\\20240712_194417\\1720788321962.png"/>
         <property name="hostName" value="Lenovo - LAPTOP-7QB5JFLU"/>
         <property name="os" value="Windows 11 64bit"/>
         <property name="katalonVersion" value="9.6.0.217"/>
         <property name="browser" value="Chrome 126.0.0.0"/>
         <property name="hostAddress" value="192.168.1.12"/>
         <property name="sessionId" value="aa2ddef19ffd7ed13b4d9930cfd8a7e4"/>
         <property name="seleniumVersion" value="3.141.59"/>
         <property name="proxyInformation" value="ProxyInformation { proxyOption=NO_PROXY, proxyServerType=HTTP, username=, password=********, proxyServerAddress=, proxyServerPort=0, executionList=&quot;&quot;, isApplyToDesiredCapabilities=true }"/>
         <property name="platform" value="Windows 11"/>
      </properties>
      <testcase name="Test Cases/Eklipse Test/Landing page/TC001 - Open browser" time="10.134" classname="Test Cases/Eklipse Test/Landing page/TC001 - Open browser" status="PASSED">
         <system-out><![CDATA[12-07-2024T19:44:23 - [TEST_CASE][PASSED] - Test Cases/Eklipse Test/Landing page/TC001 - Open browser: Test Cases/Eklipse Test/Landing page/TC001 - Open browser

12-07-2024T19:44:24 - [TEST_STEP][PASSED] - openBrowser(""): Browser is opened with url: ''

12-07-2024T19:44:24 - [MESSAGE][INFO] - Starting 'Chrome' driver

12-07-2024T19:44:24 - [MESSAGE][INFO] - Action delay is set to 0 milliseconds

12-07-2024T19:44:25 - [MESSAGE][PASSED] - Browser is opened with url: ''

12-07-2024T19:44:25 - [TEST_STEP][PASSED] - navigateToUrl("https://eklipse.gg/"): Navigate to 'https://eklipse.gg/' successfully

12-07-2024T19:44:34 - [MESSAGE][PASSED] - Navigate to 'https://eklipse.gg/' successfully

12-07-2024T19:44:34 - [TEST_STEP][NOT_RUN] - maximizeWindow(): NOT_RUN: maximizeWindow()

12-07-2024T19:44:34 - [MESSAGE][NOT_RUN] - NOT_RUN: maximizeWindow()]]></system-out>
         <system-err><![CDATA[]]></system-err>
      </testcase>
      <testcase name="Test Cases/Eklipse Test/Landing page/TC002 - Verify header main" time="13.433" classname="Test Cases/Eklipse Test/Landing page/TC002 - Verify header main" status="FAILED">
         <failure type="FAILED" message="Test Cases/Eklipse Test/Landing page/TC002 - Verify header main FAILED.&#xa;Reason:&#xa;com.kms.katalon.core.exception.StepFailedException: Image: 'C:\Users\Lenovo\git\KatalonPractitionerLevel\../../OneDrive/Dokument/Tita/Lamaran kerja/Eklipse.gg/Eklipse.gg logo.png' is NOT present (Root cause: com.kms.katalon.core.exception.StepFailedException: Image: 'C:\Users\Lenovo\git\KatalonPractitionerLevel\../../OneDrive/Dokument/Tita/Lamaran kerja/Eklipse.gg/Eklipse.gg logo.png' is NOT present&#xa;	at com.kms.katalon.core.webui.keyword.internal.WebUIKeywordMain.stepFailed(WebUIKeywordMain.groovy:64)&#xa;	at com.kms.katalon.core.webui.keyword.builtin.VerifyImagePresentKeyword$_verifyImagePresent_closure1.doCall(VerifyImagePresentKeyword.groovy:92)&#xa;	at com.kms.katalon.core.webui.keyword.builtin.VerifyImagePresentKeyword$_verifyImagePresent_closure1.call(VerifyImagePresentKeyword.groovy)&#xa;	at com.kms.katalon.core.webui.keyword.internal.WebUIKeywordMain.runKeyword(WebUIKeywordMain.groovy:20)&#xa;	at com.kms.katalon.core.webui.keyword.builtin.VerifyImagePresentKeyword.verifyImagePresent(VerifyImagePresentKeyword.groovy:94)&#xa;	at com.kms.katalon.core.webui.keyword.builtin.VerifyImagePresentKeyword.execute(VerifyImagePresentKeyword.groovy:67)&#xa;	at com.kms.katalon.core.keyword.internal.KeywordExecutor.executeKeywordForPlatform(KeywordExecutor.groovy:74)&#xa;	at com.kms.katalon.core.webui.keyword.WebUiBuiltInKeywords.verifyImagePresent(WebUiBuiltInKeywords.groovy:2820)&#xa;	at TC002 - Verify header main.run(TC002 - Verify header main:26)&#xa;	at com.kms.katalon.core.main.ScriptEngine.run(ScriptEngine.java:194)&#xa;	at com.kms.katalon.core.main.ScriptEngine.runScriptAsRawText(ScriptEngine.java:119)&#xa;	at com.kms.katalon.core.main.TestCaseExecutor.runScript(TestCaseExecutor.java:448)&#xa;	at com.kms.katalon.core.main.TestCaseExecutor.doExecute(TestCaseExecutor.java:439)&#xa;	at com.kms.katalon.core.main.TestCaseExecutor.processExecutionPhase(TestCaseExecutor.java:418)&#xa;	at com.kms.katalon.core.main.TestCaseExecutor.accessMainPhase(TestCaseExecutor.java:410)&#xa;	at com.kms.katalon.core.main.TestCaseExecutor.execute(TestCaseExecutor.java:285)&#xa;	at com.kms.katalon.core.main.TestCaseExecutor.execute(TestCaseExecutor.java:369)&#xa;	at com.kms.katalon.core.main.TestCaseExecutor.execute(TestCaseExecutor.java:369)&#xa;	at com.kms.katalon.core.main.TestCaseExecutor.execute(TestCaseExecutor.java:369)&#xa;	at com.kms.katalon.core.common.CommonExecutor.accessTestCaseMainPhase(CommonExecutor.java:65)&#xa;	at com.kms.katalon.core.main.TestSuiteExecutor.accessTestSuiteMainPhase(TestSuiteExecutor.java:150)&#xa;	at com.kms.katalon.core.main.TestSuiteExecutor.execute(TestSuiteExecutor.java:106)&#xa;	at com.kms.katalon.core.main.TestCaseMain.startTestSuite(TestCaseMain.java:180)&#xa;	at TempTestSuite1720788257067.run(TempTestSuite1720788257067.groovy:35)&#xa;	at java.base/jdk.internal.reflect.NativeMethodAccessorImpl.invoke0(Native Method)&#xa;	at java.base/jdk.internal.reflect.NativeMethodAccessorImpl.invoke(NativeMethodAccessorImpl.java:77)&#xa;	at java.base/jdk.internal.reflect.DelegatingMethodAccessorImpl.invoke(DelegatingMethodAccessorImpl.java:43)&#xa;)&#xa;	at com.kms.katalon.core.keyword.internal.KeywordMain.stepFailed(KeywordMain.groovy:39)&#xa;	at com.kms.katalon.core.webui.keyword.internal.WebUIKeywordMain.stepFailed(WebUIKeywordMain.groovy:64)&#xa;	at com.kms.katalon.core.webui.keyword.builtin.VerifyImagePresentKeyword$_verifyImagePresent_closure1.doCall(VerifyImagePresentKeyword.groovy:92)&#xa;	at com.kms.katalon.core.webui.keyword.builtin.VerifyImagePresentKeyword$_verifyImagePresent_closure1.call(VerifyImagePresentKeyword.groovy)&#xa;	at com.kms.katalon.core.webui.keyword.internal.WebUIKeywordMain.runKeyword(WebUIKeywordMain.groovy:20)&#xa;	at com.kms.katalon.core.webui.keyword.builtin.VerifyImagePresentKeyword.verifyImagePresent(VerifyImagePresentKeyword.groovy:94)&#xa;	at com.kms.katalon.core.webui.keyword.builtin.VerifyImagePresentKeyword.execute(VerifyImagePresentKeyword.groovy:67)&#xa;	at com.kms.katalon.core.keyword.internal.KeywordExecutor.executeKeywordForPlatform(KeywordExecutor.groovy:74)&#xa;	at com.kms.katalon.core.webui.keyword.WebUiBuiltInKeywords.verifyImagePresent(WebUiBuiltInKeywords.groovy:2820)&#xa;	at TC002 - Verify header main.run(TC002 - Verify header main:26)&#xa;	at com.kms.katalon.core.main.ScriptEngine.run(ScriptEngine.java:194)&#xa;	at com.kms.katalon.core.main.ScriptEngine.runScriptAsRawText(ScriptEngine.java:119)&#xa;	at com.kms.katalon.core.main.TestCaseExecutor.runScript(TestCaseExecutor.java:448)&#xa;	at com.kms.katalon.core.main.TestCaseExecutor.doExecute(TestCaseExecutor.java:439)&#xa;	at com.kms.katalon.core.main.TestCaseExecutor.processExecutionPhase(TestCaseExecutor.java:418)&#xa;	at com.kms.katalon.core.main.TestCaseExecutor.accessMainPhase(TestCaseExecutor.java:410)&#xa;	at com.kms.katalon.core.main.TestCaseExecutor.execute(TestCaseExecutor.java:285)&#xa;	at com.kms.katalon.core.main.TestCaseExecutor.execute(TestCaseExecutor.java:369)&#xa;	at com.kms.katalon.core.main.TestCaseExecutor.execute(TestCaseExecutor.java:369)&#xa;	at com.kms.katalon.core.main.TestCaseExecutor.execute(TestCaseExecutor.java:369)&#xa;	at com.kms.katalon.core.common.CommonExecutor.accessTestCaseMainPhase(CommonExecutor.java:65)&#xa;	at com.kms.katalon.core.main.TestSuiteExecutor.accessTestSuiteMainPhase(TestSuiteExecutor.java:150)&#xa;	at com.kms.katalon.core.main.TestSuiteExecutor.execute(TestSuiteExecutor.java:106)&#xa;	at com.kms.katalon.core.main.TestCaseMain.startTestSuite(TestCaseMain.java:180)&#xa;	at TempTestSuite1720788257067.run(TempTestSuite1720788257067.groovy:35)&#xa;	at java.base/jdk.internal.reflect.NativeMethodAccessorImpl.invoke0(Native Method)&#xa;	at java.base/jdk.internal.reflect.NativeMethodAccessorImpl.invoke(NativeMethodAccessorImpl.java:77)&#xa;	at java.base/jdk.internal.reflect.DelegatingMethodAccessorImpl.invoke(DelegatingMethodAccessorImpl.java:43)&#xa;Caused by: com.kms.katalon.core.exception.StepFailedException: Image: 'C:\Users\Lenovo\git\KatalonPractitionerLevel\../../OneDrive/Dokument/Tita/Lamaran kerja/Eklipse.gg/Eklipse.gg logo.png' is NOT present&#xa;	... 27 more&#xa;"/>
         <system-out><![CDATA[12-07-2024T19:45:13 - [TEST_CASE][FAILED] - Test Cases/Eklipse Test/Landing page/TC002 - Verify header main: Test Cases/Eklipse Test/Landing page/TC002 - Verify header main FAILED.
Reason:
com.kms.katalon.core.exception.StepFailedException: Image: 'C:\Users\Lenovo\git\KatalonPractitionerLevel\../../OneDrive/Dokument/Tita/Lamaran kerja/Eklipse.gg/Eklipse.gg logo.png' is NOT present (Root cause: com.kms.katalon.core.exception.StepFailedException: Image: 'C:\Users\Lenovo\git\KatalonPractitionerLevel\../../OneDrive/Dokument/Tita/Lamaran kerja/Eklipse.gg/Eklipse.gg logo.png' is NOT present
	at com.kms.katalon.core.webui.keyword.internal.WebUIKeywordMain.stepFailed(WebUIKeywordMain.groovy:64)
	at com.kms.katalon.core.webui.keyword.builtin.VerifyImagePresentKeyword$_verifyImagePresent_closure1.doCall(VerifyImagePresentKeyword.groovy:92)
	at com.kms.katalon.core.webui.keyword.builtin.VerifyImagePresentKeyword$_verifyImagePresent_closure1.call(VerifyImagePresentKeyword.groovy)
	at com.kms.katalon.core.webui.keyword.internal.WebUIKeywordMain.runKeyword(WebUIKeywordMain.groovy:20)
	at com.kms.katalon.core.webui.keyword.builtin.VerifyImagePresentKeyword.verifyImagePresent(VerifyImagePresentKeyword.groovy:94)
	at com.kms.katalon.core.webui.keyword.builtin.VerifyImagePresentKeyword.execute(VerifyImagePresentKeyword.groovy:67)
	at com.kms.katalon.core.keyword.internal.KeywordExecutor.executeKeywordForPlatform(KeywordExecutor.groovy:74)
	at com.kms.katalon.core.webui.keyword.WebUiBuiltInKeywords.verifyImagePresent(WebUiBuiltInKeywords.groovy:2820)
	at TC002 - Verify header main.run(TC002 - Verify header main:26)
	at com.kms.katalon.core.main.ScriptEngine.run(ScriptEngine.java:194)
	at com.kms.katalon.core.main.ScriptEngine.runScriptAsRawText(ScriptEngine.java:119)
	at com.kms.katalon.core.main.TestCaseExecutor.runScript(TestCaseExecutor.java:448)
	at com.kms.katalon.core.main.TestCaseExecutor.doExecute(TestCaseExecutor.java:439)
	at com.kms.katalon.core.main.TestCaseExecutor.processExecutionPhase(TestCaseExecutor.java:418)
	at com.kms.katalon.core.main.TestCaseExecutor.accessMainPhase(TestCaseExecutor.java:410)
	at com.kms.katalon.core.main.TestCaseExecutor.execute(TestCaseExecutor.java:285)
	at com.kms.katalon.core.main.TestCaseExecutor.execute(TestCaseExecutor.java:369)
	at com.kms.katalon.core.main.TestCaseExecutor.execute(TestCaseExecutor.java:369)
	at com.kms.katalon.core.main.TestCaseExecutor.execute(TestCaseExecutor.java:369)
	at com.kms.katalon.core.common.CommonExecutor.accessTestCaseMainPhase(CommonExecutor.java:65)
	at com.kms.katalon.core.main.TestSuiteExecutor.accessTestSuiteMainPhase(TestSuiteExecutor.java:150)
	at com.kms.katalon.core.main.TestSuiteExecutor.execute(TestSuiteExecutor.java:106)
	at com.kms.katalon.core.main.TestCaseMain.startTestSuite(TestCaseMain.java:180)
	at TempTestSuite1720788257067.run(TempTestSuite1720788257067.groovy:35)
	at java.base/jdk.internal.reflect.NativeMethodAccessorImpl.invoke0(Native Method)
	at java.base/jdk.internal.reflect.NativeMethodAccessorImpl.invoke(NativeMethodAccessorImpl.java:77)
	at java.base/jdk.internal.reflect.DelegatingMethodAccessorImpl.invoke(DelegatingMethodAccessorImpl.java:43)
)
	at com.kms.katalon.core.keyword.internal.KeywordMain.stepFailed(KeywordMain.groovy:39)
	at com.kms.katalon.core.webui.keyword.internal.WebUIKeywordMain.stepFailed(WebUIKeywordMain.groovy:64)
	at com.kms.katalon.core.webui.keyword.builtin.VerifyImagePresentKeyword$_verifyImagePresent_closure1.doCall(VerifyImagePresentKeyword.groovy:92)
	at com.kms.katalon.core.webui.keyword.builtin.VerifyImagePresentKeyword$_verifyImagePresent_closure1.call(VerifyImagePresentKeyword.groovy)
	at com.kms.katalon.core.webui.keyword.internal.WebUIKeywordMain.runKeyword(WebUIKeywordMain.groovy:20)
	at com.kms.katalon.core.webui.keyword.builtin.VerifyImagePresentKeyword.verifyImagePresent(VerifyImagePresentKeyword.groovy:94)
	at com.kms.katalon.core.webui.keyword.builtin.VerifyImagePresentKeyword.execute(VerifyImagePresentKeyword.groovy:67)
	at com.kms.katalon.core.keyword.internal.KeywordExecutor.executeKeywordForPlatform(KeywordExecutor.groovy:74)
	at com.kms.katalon.core.webui.keyword.WebUiBuiltInKeywords.verifyImagePresent(WebUiBuiltInKeywords.groovy:2820)
	at TC002 - Verify header main.run(TC002 - Verify header main:26)
	at com.kms.katalon.core.main.ScriptEngine.run(ScriptEngine.java:194)
	at com.kms.katalon.core.main.ScriptEngine.runScriptAsRawText(ScriptEngine.java:119)
	at com.kms.katalon.core.main.TestCaseExecutor.runScript(TestCaseExecutor.java:448)
	at com.kms.katalon.core.main.TestCaseExecutor.doExecute(TestCaseExecutor.java:439)
	at com.kms.katalon.core.main.TestCaseExecutor.processExecutionPhase(TestCaseExecutor.java:418)
	at com.kms.katalon.core.main.TestCaseExecutor.accessMainPhase(TestCaseExecutor.java:410)
	at com.kms.katalon.core.main.TestCaseExecutor.execute(TestCaseExecutor.java:285)
	at com.kms.katalon.core.main.TestCaseExecutor.execute(TestCaseExecutor.java:369)
	at com.kms.katalon.core.main.TestCaseExecutor.execute(TestCaseExecutor.java:369)
	at com.kms.katalon.core.main.TestCaseExecutor.execute(TestCaseExecutor.java:369)
	at com.kms.katalon.core.common.CommonExecutor.accessTestCaseMainPhase(CommonExecutor.java:65)
	at com.kms.katalon.core.main.TestSuiteExecutor.accessTestSuiteMainPhase(TestSuiteExecutor.java:150)
	at com.kms.katalon.core.main.TestSuiteExecutor.execute(TestSuiteExecutor.java:106)
	at com.kms.katalon.core.main.TestCaseMain.startTestSuite(TestCaseMain.java:180)
	at TempTestSuite1720788257067.run(TempTestSuite1720788257067.groovy:35)
	at java.base/jdk.internal.reflect.NativeMethodAccessorImpl.invoke0(Native Method)
	at java.base/jdk.internal.reflect.NativeMethodAccessorImpl.invoke(NativeMethodAccessorImpl.java:77)
	at java.base/jdk.internal.reflect.DelegatingMethodAccessorImpl.invoke(DelegatingMethodAccessorImpl.java:43)
Caused by: com.kms.katalon.core.exception.StepFailedException: Image: 'C:\Users\Lenovo\git\KatalonPractitionerLevel\../../OneDrive/Dokument/Tita/Lamaran kerja/Eklipse.gg/Eklipse.gg logo.png' is NOT present
	... 27 more


12-07-2024T19:45:13 - [TEST_STEP][PASSED] - openBrowser(""): Browser is opened with url: ''

12-07-2024T19:45:13 - [MESSAGE][INFO] - Starting 'Chrome' driver

12-07-2024T19:45:13 - [MESSAGE][INFO] - Action delay is set to 0 milliseconds

12-07-2024T19:45:13 - [MESSAGE][PASSED] - Browser is opened with url: ''

12-07-2024T19:45:13 - [TEST_STEP][PASSED] - navigateToUrl("https://eklipse.gg/"): Navigate to 'https://eklipse.gg/' successfully

12-07-2024T19:45:21 - [MESSAGE][PASSED] - Navigate to 'https://eklipse.gg/' successfully

12-07-2024T19:45:21 - [TEST_STEP][PASSED] - maximizeWindow(): Current window maximized

12-07-2024T19:45:21 - [MESSAGE][PASSED] - Current window maximized

12-07-2024T19:45:21 - [TEST_STEP][FAILED] - verifyImagePresent(findTestObject("Eklipse Landing Page/Page_Eklipse/img_Features_logo-desktop"), CONTINUE_ON_FAILURE): Image: 'C:\Users\Lenovo\git\KatalonPractitionerLevel\../../OneDrive/Dokument/Tita/Lamaran kerja/Eklipse.gg/Eklipse.gg logo.png' is NOT present (Root cause: com.kms.katalon.core.exception.StepFailedException: Image: 'C:\Users\Lenovo\git\KatalonPractitionerLevel\../../OneDrive/Dokument/Tita/Lamaran kerja/Eklipse.gg/Eklipse.gg logo.png' is NOT present
	at com.kms.katalon.core.webui.keyword.internal.WebUIKeywordMain.stepFailed(WebUIKeywordMain.groovy:64)
	at com.kms.katalon.core.webui.keyword.builtin.VerifyImagePresentKeyword$_verifyImagePresent_closure1.doCall(VerifyImagePresentKeyword.groovy:92)
	at com.kms.katalon.core.webui.keyword.builtin.VerifyImagePresentKeyword$_verifyImagePresent_closure1.call(VerifyImagePresentKeyword.groovy)
	at com.kms.katalon.core.webui.keyword.internal.WebUIKeywordMain.runKeyword(WebUIKeywordMain.groovy:20)
	at com.kms.katalon.core.webui.keyword.builtin.VerifyImagePresentKeyword.verifyImagePresent(VerifyImagePresentKeyword.groovy:94)
	at com.kms.katalon.core.webui.keyword.builtin.VerifyImagePresentKeyword.execute(VerifyImagePresentKeyword.groovy:67)
	at com.kms.katalon.core.keyword.internal.KeywordExecutor.executeKeywordForPlatform(KeywordExecutor.groovy:74)
	at com.kms.katalon.core.webui.keyword.WebUiBuiltInKeywords.verifyImagePresent(WebUiBuiltInKeywords.groovy:2820)
	at TC002 - Verify header main.run(TC002 - Verify header main:26)
	at com.kms.katalon.core.main.ScriptEngine.run(ScriptEngine.java:194)
	at com.kms.katalon.core.main.ScriptEngine.runScriptAsRawText(ScriptEngine.java:119)
	at com.kms.katalon.core.main.TestCaseExecutor.runScript(TestCaseExecutor.java:448)
	at com.kms.katalon.core.main.TestCaseExecutor.doExecute(TestCaseExecutor.java:439)
	at com.kms.katalon.core.main.TestCaseExecutor.processExecutionPhase(TestCaseExecutor.java:418)
	at com.kms.katalon.core.main.TestCaseExecutor.accessMainPhase(TestCaseExecutor.java:410)
	at com.kms.katalon.core.main.TestCaseExecutor.execute(TestCaseExecutor.java:285)
	at com.kms.katalon.core.main.TestCaseExecutor.execute(TestCaseExecutor.java:369)
	at com.kms.katalon.core.main.TestCaseExecutor.execute(TestCaseExecutor.java:369)
	at com.kms.katalon.core.main.TestCaseExecutor.execute(TestCaseExecutor.java:369)
	at com.kms.katalon.core.common.CommonExecutor.accessTestCaseMainPhase(CommonExecutor.java:65)
	at com.kms.katalon.core.main.TestSuiteExecutor.accessTestSuiteMainPhase(TestSuiteExecutor.java:150)
	at com.kms.katalon.core.main.TestSuiteExecutor.execute(TestSuiteExecutor.java:106)
	at com.kms.katalon.core.main.TestCaseMain.startTestSuite(TestCaseMain.java:180)
	at TempTestSuite1720788257067.run(TempTestSuite1720788257067.groovy:35)
	at java.base/jdk.internal.reflect.NativeMethodAccessorImpl.invoke0(Native Method)
	at java.base/jdk.internal.reflect.NativeMethodAccessorImpl.invoke(NativeMethodAccessorImpl.java:77)
	at java.base/jdk.internal.reflect.DelegatingMethodAccessorImpl.invoke(DelegatingMethodAccessorImpl.java:43)
)

12-07-2024T19:45:22 - [MESSAGE][FAILED] - Image: 'C:\Users\Lenovo\git\KatalonPractitionerLevel\../../OneDrive/Dokument/Tita/Lamaran kerja/Eklipse.gg/Eklipse.gg logo.png' is NOT present (Root cause: com.kms.katalon.core.exception.StepFailedException: Image: 'C:\Users\Lenovo\git\KatalonPractitionerLevel\../../OneDrive/Dokument/Tita/Lamaran kerja/Eklipse.gg/Eklipse.gg logo.png' is NOT present
	at com.kms.katalon.core.webui.keyword.internal.WebUIKeywordMain.stepFailed(WebUIKeywordMain.groovy:64)
	at com.kms.katalon.core.webui.keyword.builtin.VerifyImagePresentKeyword$_verifyImagePresent_closure1.doCall(VerifyImagePresentKeyword.groovy:92)
	at com.kms.katalon.core.webui.keyword.builtin.VerifyImagePresentKeyword$_verifyImagePresent_closure1.call(VerifyImagePresentKeyword.groovy)
	at com.kms.katalon.core.webui.keyword.internal.WebUIKeywordMain.runKeyword(WebUIKeywordMain.groovy:20)
	at com.kms.katalon.core.webui.keyword.builtin.VerifyImagePresentKeyword.verifyImagePresent(VerifyImagePresentKeyword.groovy:94)
	at com.kms.katalon.core.webui.keyword.builtin.VerifyImagePresentKeyword.execute(VerifyImagePresentKeyword.groovy:67)
	at com.kms.katalon.core.keyword.internal.KeywordExecutor.executeKeywordForPlatform(KeywordExecutor.groovy:74)
	at com.kms.katalon.core.webui.keyword.WebUiBuiltInKeywords.verifyImagePresent(WebUiBuiltInKeywords.groovy:2820)
	at TC002 - Verify header main.run(TC002 - Verify header main:26)
	at com.kms.katalon.core.main.ScriptEngine.run(ScriptEngine.java:194)
	at com.kms.katalon.core.main.ScriptEngine.runScriptAsRawText(ScriptEngine.java:119)
	at com.kms.katalon.core.main.TestCaseExecutor.runScript(TestCaseExecutor.java:448)
	at com.kms.katalon.core.main.TestCaseExecutor.doExecute(TestCaseExecutor.java:439)
	at com.kms.katalon.core.main.TestCaseExecutor.processExecutionPhase(TestCaseExecutor.java:418)
	at com.kms.katalon.core.main.TestCaseExecutor.accessMainPhase(TestCaseExecutor.java:410)
	at com.kms.katalon.core.main.TestCaseExecutor.execute(TestCaseExecutor.java:285)
	at com.kms.katalon.core.main.TestCaseExecutor.execute(TestCaseExecutor.java:369)
	at com.kms.katalon.core.main.TestCaseExecutor.execute(TestCaseExecutor.java:369)
	at com.kms.katalon.core.main.TestCaseExecutor.execute(TestCaseExecutor.java:369)
	at com.kms.katalon.core.common.CommonExecutor.accessTestCaseMainPhase(CommonExecutor.java:65)
	at com.kms.katalon.core.main.TestSuiteExecutor.accessTestSuiteMainPhase(TestSuiteExecutor.java:150)
	at com.kms.katalon.core.main.TestSuiteExecutor.execute(TestSuiteExecutor.java:106)
	at com.kms.katalon.core.main.TestCaseMain.startTestSuite(TestCaseMain.java:180)
	at TempTestSuite1720788257067.run(TempTestSuite1720788257067.groovy:35)
	at java.base/jdk.internal.reflect.NativeMethodAccessorImpl.invoke0(Native Method)
	at java.base/jdk.internal.reflect.NativeMethodAccessorImpl.invoke(NativeMethodAccessorImpl.java:77)
	at java.base/jdk.internal.reflect.DelegatingMethodAccessorImpl.invoke(DelegatingMethodAccessorImpl.java:43)
)
[[ATTACHMENT|C:\\Users\\Lenovo\\git\\KatalonPractitionerLevel\\Reports\\20240712_194417\\Eklipse Test suite\\TS004 - Landing Page\\20240712_194417\\1720788321962.png]]

12-07-2024T19:45:22 - [TEST_STEP][PASSED] - verifyElementVisibleInViewport(findTestObject("Eklipse Landing Page/Page_Eklipse/FEATURES landing page"), 0): Object 'Object Repository/Eklipse Landing Page/Page_Eklipse/FEATURES landing page' is present and visible in viewport

12-07-2024T19:45:22 - [MESSAGE][WARNING] - Timeout '0' is invalid. Using default page load timeout: '30'

12-07-2024T19:45:22 - [MESSAGE][PASSED] - Object 'Object Repository/Eklipse Landing Page/Page_Eklipse/FEATURES landing page' is present and visible in viewport

12-07-2024T19:45:22 - [TEST_STEP][PASSED] - verifyElementClickable(findTestObject("Eklipse Landing Page/Page_Eklipse/FEATURES landing page")): Object 'Object Repository/Eklipse Landing Page/Page_Eklipse/FEATURES landing page' is clickable

12-07-2024T19:45:22 - [MESSAGE][PASSED] - Object 'Object Repository/Eklipse Landing Page/Page_Eklipse/FEATURES landing page' is clickable

12-07-2024T19:45:22 - [TEST_STEP][PASSED] - verifyElementVisibleInViewport(findTestObject("Eklipse Landing Page/Page_Eklipse/Use Case                                                                                                                                                    COD Streamers"), 0): Object 'Object Repository/Eklipse Landing Page/Page_Eklipse/Use Case                                                                                                                                                    COD Streamers' is present and visible in viewport

12-07-2024T19:45:22 - [MESSAGE][WARNING] - Timeout '0' is invalid. Using default page load timeout: '30'

12-07-2024T19:45:23 - [MESSAGE][PASSED] - Object 'Object Repository/Eklipse Landing Page/Page_Eklipse/Use Case                                                                                                                                                    COD Streamers' is present and visible in viewport

12-07-2024T19:45:23 - [TEST_STEP][PASSED] - verifyElementClickable(findTestObject("Eklipse Landing Page/Page_Eklipse/Use Case                                                                                                                                                    COD Streamers")): Object 'Object Repository/Eklipse Landing Page/Page_Eklipse/Use Case                                                                                                                                                    COD Streamers' is clickable

12-07-2024T19:45:23 - [MESSAGE][PASSED] - Object 'Object Repository/Eklipse Landing Page/Page_Eklipse/Use Case                                                                                                                                                    COD Streamers' is clickable

12-07-2024T19:45:23 - [TEST_STEP][PASSED] - verifyElementVisibleInViewport(findTestObject("Eklipse Landing Page/Page_Eklipse/Discovery"), 0): Object 'Object Repository/Eklipse Landing Page/Page_Eklipse/Discovery' is present and visible in viewport

12-07-2024T19:45:23 - [MESSAGE][WARNING] - Timeout '0' is invalid. Using default page load timeout: '30'

12-07-2024T19:45:23 - [MESSAGE][PASSED] - Object 'Object Repository/Eklipse Landing Page/Page_Eklipse/Discovery' is present and visible in viewport

12-07-2024T19:45:23 - [TEST_STEP][PASSED] - verifyElementClickable(findTestObject("Eklipse Landing Page/Page_Eklipse/Discovery")): Object 'Object Repository/Eklipse Landing Page/Page_Eklipse/Discovery' is clickable

12-07-2024T19:45:24 - [MESSAGE][PASSED] - Object 'Object Repository/Eklipse Landing Page/Page_Eklipse/Discovery' is clickable

12-07-2024T19:45:24 - [TEST_STEP][PASSED] - verifyElementVisibleInViewport(findTestObject("Eklipse Landing Page/Page_Eklipse/Premium"), 0): Object 'Object Repository/Eklipse Landing Page/Page_Eklipse/Premium' is present and visible in viewport

12-07-2024T19:45:24 - [MESSAGE][WARNING] - Timeout '0' is invalid. Using default page load timeout: '30'

12-07-2024T19:45:24 - [MESSAGE][PASSED] - Object 'Object Repository/Eklipse Landing Page/Page_Eklipse/Premium' is present and visible in viewport

12-07-2024T19:45:24 - [TEST_STEP][PASSED] - verifyElementClickable(findTestObject("Eklipse Landing Page/Page_Eklipse/Premium")): Object 'Object Repository/Eklipse Landing Page/Page_Eklipse/Premium' is clickable

12-07-2024T19:45:25 - [MESSAGE][PASSED] - Object 'Object Repository/Eklipse Landing Page/Page_Eklipse/Premium' is clickable

12-07-2024T19:45:25 - [TEST_STEP][PASSED] - verifyElementVisibleInViewport(findTestObject("Eklipse Landing Page/Page_Eklipse/Sign In"), 0): Object 'Object Repository/Eklipse Landing Page/Page_Eklipse/Sign In' is present and visible in viewport

12-07-2024T19:45:25 - [MESSAGE][WARNING] - Timeout '0' is invalid. Using default page load timeout: '30'

12-07-2024T19:45:25 - [MESSAGE][PASSED] - Object 'Object Repository/Eklipse Landing Page/Page_Eklipse/Sign In' is present and visible in viewport

12-07-2024T19:45:25 - [TEST_STEP][PASSED] - verifyElementClickable(findTestObject("Eklipse Landing Page/Page_Eklipse/Sign In")): Object 'Object Repository/Eklipse Landing Page/Page_Eklipse/Sign In' is clickable

12-07-2024T19:45:25 - [MESSAGE][PASSED] - Object 'Object Repository/Eklipse Landing Page/Page_Eklipse/Sign In' is clickable

12-07-2024T19:45:25 - [TEST_STEP][PASSED] - verifyElementVisibleInViewport(findTestObject("Eklipse Landing Page/Page_Eklipse/Start for Free"), 0): Object 'Object Repository/Eklipse Landing Page/Page_Eklipse/Start for Free' is present and visible in viewport

12-07-2024T19:45:25 - [MESSAGE][WARNING] - Timeout '0' is invalid. Using default page load timeout: '30'

12-07-2024T19:45:25 - [MESSAGE][PASSED] - Object 'Object Repository/Eklipse Landing Page/Page_Eklipse/Start for Free' is present and visible in viewport

12-07-2024T19:45:25 - [TEST_STEP][PASSED] - verifyElementClickable(findTestObject("Eklipse Landing Page/Page_Eklipse/Start for Free")): Object 'Object Repository/Eklipse Landing Page/Page_Eklipse/Start for Free' is clickable

12-07-2024T19:45:26 - [MESSAGE][PASSED] - Object 'Object Repository/Eklipse Landing Page/Page_Eklipse/Start for Free' is clickable

12-07-2024T19:45:26 - [TEST_STEP][PASSED] - closeBrowser(): Browser is closed

12-07-2024T19:45:26 - [MESSAGE][PASSED] - Browser is closed]]></system-out>
         <system-err><![CDATA[12-07-2024T19:45:13 - [TEST_CASE][FAILED] - Test Cases/Eklipse Test/Landing page/TC002 - Verify header main: Test Cases/Eklipse Test/Landing page/TC002 - Verify header main FAILED.
Reason:
com.kms.katalon.core.exception.StepFailedException: Image: 'C:\Users\Lenovo\git\KatalonPractitionerLevel\../../OneDrive/Dokument/Tita/Lamaran kerja/Eklipse.gg/Eklipse.gg logo.png' is NOT present (Root cause: com.kms.katalon.core.exception.StepFailedException: Image: 'C:\Users\Lenovo\git\KatalonPractitionerLevel\../../OneDrive/Dokument/Tita/Lamaran kerja/Eklipse.gg/Eklipse.gg logo.png' is NOT present
	at com.kms.katalon.core.webui.keyword.internal.WebUIKeywordMain.stepFailed(WebUIKeywordMain.groovy:64)
	at com.kms.katalon.core.webui.keyword.builtin.VerifyImagePresentKeyword$_verifyImagePresent_closure1.doCall(VerifyImagePresentKeyword.groovy:92)
	at com.kms.katalon.core.webui.keyword.builtin.VerifyImagePresentKeyword$_verifyImagePresent_closure1.call(VerifyImagePresentKeyword.groovy)
	at com.kms.katalon.core.webui.keyword.internal.WebUIKeywordMain.runKeyword(WebUIKeywordMain.groovy:20)
	at com.kms.katalon.core.webui.keyword.builtin.VerifyImagePresentKeyword.verifyImagePresent(VerifyImagePresentKeyword.groovy:94)
	at com.kms.katalon.core.webui.keyword.builtin.VerifyImagePresentKeyword.execute(VerifyImagePresentKeyword.groovy:67)
	at com.kms.katalon.core.keyword.internal.KeywordExecutor.executeKeywordForPlatform(KeywordExecutor.groovy:74)
	at com.kms.katalon.core.webui.keyword.WebUiBuiltInKeywords.verifyImagePresent(WebUiBuiltInKeywords.groovy:2820)
	at TC002 - Verify header main.run(TC002 - Verify header main:26)
	at com.kms.katalon.core.main.ScriptEngine.run(ScriptEngine.java:194)
	at com.kms.katalon.core.main.ScriptEngine.runScriptAsRawText(ScriptEngine.java:119)
	at com.kms.katalon.core.main.TestCaseExecutor.runScript(TestCaseExecutor.java:448)
	at com.kms.katalon.core.main.TestCaseExecutor.doExecute(TestCaseExecutor.java:439)
	at com.kms.katalon.core.main.TestCaseExecutor.processExecutionPhase(TestCaseExecutor.java:418)
	at com.kms.katalon.core.main.TestCaseExecutor.accessMainPhase(TestCaseExecutor.java:410)
	at com.kms.katalon.core.main.TestCaseExecutor.execute(TestCaseExecutor.java:285)
	at com.kms.katalon.core.main.TestCaseExecutor.execute(TestCaseExecutor.java:369)
	at com.kms.katalon.core.main.TestCaseExecutor.execute(TestCaseExecutor.java:369)
	at com.kms.katalon.core.main.TestCaseExecutor.execute(TestCaseExecutor.java:369)
	at com.kms.katalon.core.common.CommonExecutor.accessTestCaseMainPhase(CommonExecutor.java:65)
	at com.kms.katalon.core.main.TestSuiteExecutor.accessTestSuiteMainPhase(TestSuiteExecutor.java:150)
	at com.kms.katalon.core.main.TestSuiteExecutor.execute(TestSuiteExecutor.java:106)
	at com.kms.katalon.core.main.TestCaseMain.startTestSuite(TestCaseMain.java:180)
	at TempTestSuite1720788257067.run(TempTestSuite1720788257067.groovy:35)
	at java.base/jdk.internal.reflect.NativeMethodAccessorImpl.invoke0(Native Method)
	at java.base/jdk.internal.reflect.NativeMethodAccessorImpl.invoke(NativeMethodAccessorImpl.java:77)
	at java.base/jdk.internal.reflect.DelegatingMethodAccessorImpl.invoke(DelegatingMethodAccessorImpl.java:43)
)
	at com.kms.katalon.core.keyword.internal.KeywordMain.stepFailed(KeywordMain.groovy:39)
	at com.kms.katalon.core.webui.keyword.internal.WebUIKeywordMain.stepFailed(WebUIKeywordMain.groovy:64)
	at com.kms.katalon.core.webui.keyword.builtin.VerifyImagePresentKeyword$_verifyImagePresent_closure1.doCall(VerifyImagePresentKeyword.groovy:92)
	at com.kms.katalon.core.webui.keyword.builtin.VerifyImagePresentKeyword$_verifyImagePresent_closure1.call(VerifyImagePresentKeyword.groovy)
	at com.kms.katalon.core.webui.keyword.internal.WebUIKeywordMain.runKeyword(WebUIKeywordMain.groovy:20)
	at com.kms.katalon.core.webui.keyword.builtin.VerifyImagePresentKeyword.verifyImagePresent(VerifyImagePresentKeyword.groovy:94)
	at com.kms.katalon.core.webui.keyword.builtin.VerifyImagePresentKeyword.execute(VerifyImagePresentKeyword.groovy:67)
	at com.kms.katalon.core.keyword.internal.KeywordExecutor.executeKeywordForPlatform(KeywordExecutor.groovy:74)
	at com.kms.katalon.core.webui.keyword.WebUiBuiltInKeywords.verifyImagePresent(WebUiBuiltInKeywords.groovy:2820)
	at TC002 - Verify header main.run(TC002 - Verify header main:26)
	at com.kms.katalon.core.main.ScriptEngine.run(ScriptEngine.java:194)
	at com.kms.katalon.core.main.ScriptEngine.runScriptAsRawText(ScriptEngine.java:119)
	at com.kms.katalon.core.main.TestCaseExecutor.runScript(TestCaseExecutor.java:448)
	at com.kms.katalon.core.main.TestCaseExecutor.doExecute(TestCaseExecutor.java:439)
	at com.kms.katalon.core.main.TestCaseExecutor.processExecutionPhase(TestCaseExecutor.java:418)
	at com.kms.katalon.core.main.TestCaseExecutor.accessMainPhase(TestCaseExecutor.java:410)
	at com.kms.katalon.core.main.TestCaseExecutor.execute(TestCaseExecutor.java:285)
	at com.kms.katalon.core.main.TestCaseExecutor.execute(TestCaseExecutor.java:369)
	at com.kms.katalon.core.main.TestCaseExecutor.execute(TestCaseExecutor.java:369)
	at com.kms.katalon.core.main.TestCaseExecutor.execute(TestCaseExecutor.java:369)
	at com.kms.katalon.core.common.CommonExecutor.accessTestCaseMainPhase(CommonExecutor.java:65)
	at com.kms.katalon.core.main.TestSuiteExecutor.accessTestSuiteMainPhase(TestSuiteExecutor.java:150)
	at com.kms.katalon.core.main.TestSuiteExecutor.execute(TestSuiteExecutor.java:106)
	at com.kms.katalon.core.main.TestCaseMain.startTestSuite(TestCaseMain.java:180)
	at TempTestSuite1720788257067.run(TempTestSuite1720788257067.groovy:35)
	at java.base/jdk.internal.reflect.NativeMethodAccessorImpl.invoke0(Native Method)
	at java.base/jdk.internal.reflect.NativeMethodAccessorImpl.invoke(NativeMethodAccessorImpl.java:77)
	at java.base/jdk.internal.reflect.DelegatingMethodAccessorImpl.invoke(DelegatingMethodAccessorImpl.java:43)
Caused by: com.kms.katalon.core.exception.StepFailedException: Image: 'C:\Users\Lenovo\git\KatalonPractitionerLevel\../../OneDrive/Dokument/Tita/Lamaran kerja/Eklipse.gg/Eklipse.gg logo.png' is NOT present
	... 27 more]]></system-err>
      </testcase>
      <testcase name="Test Cases/Eklipse Test/Landing page/TC003 - Verify web title" time="7.806" classname="Test Cases/Eklipse Test/Landing page/TC003 - Verify web title" status="PASSED">
         <system-out><![CDATA[12-07-2024T19:45:26 - [TEST_CASE][PASSED] - Test Cases/Eklipse Test/Landing page/TC003 - Verify web title: Test Cases/Eklipse Test/Landing page/TC003 - Verify web title

12-07-2024T19:45:26 - [TEST_STEP][PASSED] - openBrowser(""): Browser is opened with url: ''

12-07-2024T19:45:26 - [MESSAGE][INFO] - Starting 'Chrome' driver

12-07-2024T19:45:26 - [MESSAGE][INFO] - Action delay is set to 0 milliseconds

12-07-2024T19:45:27 - [MESSAGE][PASSED] - Browser is opened with url: ''

12-07-2024T19:45:27 - [TEST_STEP][PASSED] - navigateToUrl("https://eklipse.gg/"): Navigate to 'https://eklipse.gg/' successfully

12-07-2024T19:45:33 - [MESSAGE][PASSED] - Navigate to 'https://eklipse.gg/' successfully

12-07-2024T19:45:33 - [TEST_STEP][NOT_RUN] - waitForImagePresent(findTestObject("Eklipse Landing Page/Page_Eklipse/img_Features_logo-desktop"), 3): NOT_RUN: waitForImagePresent(findTestObject("Eklipse Landing Page/Page_Eklipse/img_Features_logo-desktop"), 3)

12-07-2024T19:45:33 - [MESSAGE][NOT_RUN] - NOT_RUN: waitForImagePresent(findTestObject("Eklipse Landing Page/Page_Eklipse/img_Features_logo-desktop"), 3)

12-07-2024T19:45:33 - [TEST_STEP][NOT_RUN] - takeFullPageScreenshot(): NOT_RUN: takeFullPageScreenshot()

12-07-2024T19:45:33 - [MESSAGE][NOT_RUN] - NOT_RUN: takeFullPageScreenshot()

12-07-2024T19:45:33 - [TEST_STEP][PASSED] - title1 = getWindowTitle(): Current window's title is: 'Eklipse - Convert Twitch Clip To TikTok, Reels, & Shorts For Free'

12-07-2024T19:45:34 - [MESSAGE][PASSED] - Current window's title is: 'Eklipse - Convert Twitch Clip To TikTok, Reels, & Shorts For Free'

12-07-2024T19:45:34 - [TEST_STEP][PASSED] - title2 = "Eklipse - Convert Twitch Clip To TikTok, Reels, & Shorts For Free": null

12-07-2024T19:45:34 - [TEST_STEP][PASSED] - verifyEqual(title1, title2): Actual object 'Eklipse - Convert Twitch Clip To TikTok, Reels, & Shorts For Free' and expected object 'Eklipse - Convert Twitch Clip To TikTok, Reels, & Shorts For Free' are equal

12-07-2024T19:45:34 - [MESSAGE][PASSED] - Actual object 'Eklipse - Convert Twitch Clip To TikTok, Reels, & Shorts For Free' and expected object 'Eklipse - Convert Twitch Clip To TikTok, Reels, & Shorts For Free' are equal

12-07-2024T19:45:34 - [TEST_STEP][PASSED] - if (title1.equals(title2)): Execute JavaScript 'alert('PAGE TITLE MATCHED')' successfully

12-07-2024T19:45:34 - [TEST_STEP][PASSED] - comment("PAGE TITLE MATCHED"): PAGE TITLE MATCHED

12-07-2024T19:45:34 - [MESSAGE][INFO] - PAGE TITLE MATCHED

12-07-2024T19:45:34 - [TEST_STEP][PASSED] - executeJavaScript("alert('PAGE TITLE MATCHED')", null): Execute JavaScript 'alert('PAGE TITLE MATCHED')' successfully

12-07-2024T19:45:34 - [MESSAGE][PASSED] - Execute JavaScript 'alert('PAGE TITLE MATCHED')' successfully

12-07-2024T19:45:34 - [TEST_STEP][PASSED] - closeBrowser(): Browser is closed

12-07-2024T19:45:34 - [MESSAGE][PASSED] - Browser is closed]]></system-out>
         <system-err><![CDATA[]]></system-err>
      </testcase>
      <system-out><![CDATA[12-07-2024T19:44:23 - [TEST_SUITE][FAILED] - TS004 - Landing Page: Test Cases/Eklipse Test/Landing page/TC002 - Verify header main FAILED.
Reason:
com.kms.katalon.core.exception.StepFailedException: Image: 'C:\Users\Lenovo\git\KatalonPractitionerLevel\../../OneDrive/Dokument/Tita/Lamaran kerja/Eklipse.gg/Eklipse.gg logo.png' is NOT present (Root cause: com.kms.katalon.core.exception.StepFailedException: Image: 'C:\Users\Lenovo\git\KatalonPractitionerLevel\../../OneDrive/Dokument/Tita/Lamaran kerja/Eklipse.gg/Eklipse.gg logo.png' is NOT present
	at com.kms.katalon.core.webui.keyword.internal.WebUIKeywordMain.stepFailed(WebUIKeywordMain.groovy:64)
	at com.kms.katalon.core.webui.keyword.builtin.VerifyImagePresentKeyword$_verifyImagePresent_closure1.doCall(VerifyImagePresentKeyword.groovy:92)
	at com.kms.katalon.core.webui.keyword.builtin.VerifyImagePresentKeyword$_verifyImagePresent_closure1.call(VerifyImagePresentKeyword.groovy)
	at com.kms.katalon.core.webui.keyword.internal.WebUIKeywordMain.runKeyword(WebUIKeywordMain.groovy:20)
	at com.kms.katalon.core.webui.keyword.builtin.VerifyImagePresentKeyword.verifyImagePresent(VerifyImagePresentKeyword.groovy:94)
	at com.kms.katalon.core.webui.keyword.builtin.VerifyImagePresentKeyword.execute(VerifyImagePresentKeyword.groovy:67)
	at com.kms.katalon.core.keyword.internal.KeywordExecutor.executeKeywordForPlatform(KeywordExecutor.groovy:74)
	at com.kms.katalon.core.webui.keyword.WebUiBuiltInKeywords.verifyImagePresent(WebUiBuiltInKeywords.groovy:2820)
	at TC002 - Verify header main.run(TC002 - Verify header main:26)
	at com.kms.katalon.core.main.ScriptEngine.run(ScriptEngine.java:194)
	at com.kms.katalon.core.main.ScriptEngine.runScriptAsRawText(ScriptEngine.java:119)
	at com.kms.katalon.core.main.TestCaseExecutor.runScript(TestCaseExecutor.java:448)
	at com.kms.katalon.core.main.TestCaseExecutor.doExecute(TestCaseExecutor.java:439)
	at com.kms.katalon.core.main.TestCaseExecutor.processExecutionPhase(TestCaseExecutor.java:418)
	at com.kms.katalon.core.main.TestCaseExecutor.accessMainPhase(TestCaseExecutor.java:410)
	at com.kms.katalon.core.main.TestCaseExecutor.execute(TestCaseExecutor.java:285)
	at com.kms.katalon.core.common.CommonExecutor.accessTestCaseMainPhase(CommonExecutor.java:65)
	at com.kms.katalon.core.main.TestSuiteExecutor.accessTestSuiteMainPhase(TestSuiteExecutor.java:150)
	at com.kms.katalon.core.main.TestSuiteExecutor.execute(TestSuiteExecutor.java:106)
	at com.kms.katalon.core.main.TestCaseMain.startTestSuite(TestCaseMain.java:180)
	at TempTestSuite1720788257067.run(TempTestSuite1720788257067.groovy:35)
	at java.base/jdk.internal.reflect.NativeMethodAccessorImpl.invoke0(Native Method)
	at java.base/jdk.internal.reflect.NativeMethodAccessorImpl.invoke(NativeMethodAccessorImpl.java:77)
	at java.base/jdk.internal.reflect.DelegatingMethodAccessorImpl.invoke(DelegatingMethodAccessorImpl.java:43)
)
	at com.kms.katalon.core.keyword.internal.KeywordMain.stepFailed(KeywordMain.groovy:39)
	at com.kms.katalon.core.webui.keyword.internal.WebUIKeywordMain.stepFailed(WebUIKeywordMain.groovy:64)
	at com.kms.katalon.core.webui.keyword.builtin.VerifyImagePresentKeyword$_verifyImagePresent_closure1.doCall(VerifyImagePresentKeyword.groovy:92)
	at com.kms.katalon.core.webui.keyword.builtin.VerifyImagePresentKeyword$_verifyImagePresent_closure1.call(VerifyImagePresentKeyword.groovy)
	at com.kms.katalon.core.webui.keyword.internal.WebUIKeywordMain.runKeyword(WebUIKeywordMain.groovy:20)
	at com.kms.katalon.core.webui.keyword.builtin.VerifyImagePresentKeyword.verifyImagePresent(VerifyImagePresentKeyword.groovy:94)
	at com.kms.katalon.core.webui.keyword.builtin.VerifyImagePresentKeyword.execute(VerifyImagePresentKeyword.groovy:67)
	at com.kms.katalon.core.keyword.internal.KeywordExecutor.executeKeywordForPlatform(KeywordExecutor.groovy:74)
	at com.kms.katalon.core.webui.keyword.WebUiBuiltInKeywords.verifyImagePresent(WebUiBuiltInKeywords.groovy:2820)
	at TC002 - Verify header main.run(TC002 - Verify header main:26)
	at com.kms.katalon.core.main.ScriptEngine.run(ScriptEngine.java:194)
	at com.kms.katalon.core.main.ScriptEngine.runScriptAsRawText(ScriptEngine.java:119)
	at com.kms.katalon.core.main.TestCaseExecutor.runScript(TestCaseExecutor.java:448)
	at com.kms.katalon.core.main.TestCaseExecutor.doExecute(TestCaseExecutor.java:439)
	at com.kms.katalon.core.main.TestCaseExecutor.processExecutionPhase(TestCaseExecutor.java:418)
	at com.kms.katalon.core.main.TestCaseExecutor.accessMainPhase(TestCaseExecutor.java:410)
	at com.kms.katalon.core.main.TestCaseExecutor.execute(TestCaseExecutor.java:285)
	at com.kms.katalon.core.common.CommonExecutor.accessTestCaseMainPhase(CommonExecutor.java:65)
	at com.kms.katalon.core.main.TestSuiteExecutor.accessTestSuiteMainPhase(TestSuiteExecutor.java:150)
	at com.kms.katalon.core.main.TestSuiteExecutor.execute(TestSuiteExecutor.java:106)
	at com.kms.katalon.core.main.TestCaseMain.startTestSuite(TestCaseMain.java:180)
	at TempTestSuite1720788257067.run(TempTestSuite1720788257067.groovy:35)
	at java.base/jdk.internal.reflect.NativeMethodAccessorImpl.invoke0(Native Method)
	at java.base/jdk.internal.reflect.NativeMethodAccessorImpl.invoke(NativeMethodAccessorImpl.java:77)
	at java.base/jdk.internal.reflect.DelegatingMethodAccessorImpl.invoke(DelegatingMethodAccessorImpl.java:43)
Caused by: com.kms.katalon.core.exception.StepFailedException: Image: 'C:\Users\Lenovo\git\KatalonPractitionerLevel\../../OneDrive/Dokument/Tita/Lamaran kerja/Eklipse.gg/Eklipse.gg logo.png' is NOT present
	... 24 more]]></system-out>
      <system-err><![CDATA[12-07-2024T19:44:23 - [TEST_SUITE][FAILED] - TS004 - Landing Page: Test Cases/Eklipse Test/Landing page/TC002 - Verify header main FAILED.
Reason:
com.kms.katalon.core.exception.StepFailedException: Image: 'C:\Users\Lenovo\git\KatalonPractitionerLevel\../../OneDrive/Dokument/Tita/Lamaran kerja/Eklipse.gg/Eklipse.gg logo.png' is NOT present (Root cause: com.kms.katalon.core.exception.StepFailedException: Image: 'C:\Users\Lenovo\git\KatalonPractitionerLevel\../../OneDrive/Dokument/Tita/Lamaran kerja/Eklipse.gg/Eklipse.gg logo.png' is NOT present
	at com.kms.katalon.core.webui.keyword.internal.WebUIKeywordMain.stepFailed(WebUIKeywordMain.groovy:64)
	at com.kms.katalon.core.webui.keyword.builtin.VerifyImagePresentKeyword$_verifyImagePresent_closure1.doCall(VerifyImagePresentKeyword.groovy:92)
	at com.kms.katalon.core.webui.keyword.builtin.VerifyImagePresentKeyword$_verifyImagePresent_closure1.call(VerifyImagePresentKeyword.groovy)
	at com.kms.katalon.core.webui.keyword.internal.WebUIKeywordMain.runKeyword(WebUIKeywordMain.groovy:20)
	at com.kms.katalon.core.webui.keyword.builtin.VerifyImagePresentKeyword.verifyImagePresent(VerifyImagePresentKeyword.groovy:94)
	at com.kms.katalon.core.webui.keyword.builtin.VerifyImagePresentKeyword.execute(VerifyImagePresentKeyword.groovy:67)
	at com.kms.katalon.core.keyword.internal.KeywordExecutor.executeKeywordForPlatform(KeywordExecutor.groovy:74)
	at com.kms.katalon.core.webui.keyword.WebUiBuiltInKeywords.verifyImagePresent(WebUiBuiltInKeywords.groovy:2820)
	at TC002 - Verify header main.run(TC002 - Verify header main:26)
	at com.kms.katalon.core.main.ScriptEngine.run(ScriptEngine.java:194)
	at com.kms.katalon.core.main.ScriptEngine.runScriptAsRawText(ScriptEngine.java:119)
	at com.kms.katalon.core.main.TestCaseExecutor.runScript(TestCaseExecutor.java:448)
	at com.kms.katalon.core.main.TestCaseExecutor.doExecute(TestCaseExecutor.java:439)
	at com.kms.katalon.core.main.TestCaseExecutor.processExecutionPhase(TestCaseExecutor.java:418)
	at com.kms.katalon.core.main.TestCaseExecutor.accessMainPhase(TestCaseExecutor.java:410)
	at com.kms.katalon.core.main.TestCaseExecutor.execute(TestCaseExecutor.java:285)
	at com.kms.katalon.core.common.CommonExecutor.accessTestCaseMainPhase(CommonExecutor.java:65)
	at com.kms.katalon.core.main.TestSuiteExecutor.accessTestSuiteMainPhase(TestSuiteExecutor.java:150)
	at com.kms.katalon.core.main.TestSuiteExecutor.execute(TestSuiteExecutor.java:106)
	at com.kms.katalon.core.main.TestCaseMain.startTestSuite(TestCaseMain.java:180)
	at TempTestSuite1720788257067.run(TempTestSuite1720788257067.groovy:35)
	at java.base/jdk.internal.reflect.NativeMethodAccessorImpl.invoke0(Native Method)
	at java.base/jdk.internal.reflect.NativeMethodAccessorImpl.invoke(NativeMethodAccessorImpl.java:77)
	at java.base/jdk.internal.reflect.DelegatingMethodAccessorImpl.invoke(DelegatingMethodAccessorImpl.java:43)
)
	at com.kms.katalon.core.keyword.internal.KeywordMain.stepFailed(KeywordMain.groovy:39)
	at com.kms.katalon.core.webui.keyword.internal.WebUIKeywordMain.stepFailed(WebUIKeywordMain.groovy:64)
	at com.kms.katalon.core.webui.keyword.builtin.VerifyImagePresentKeyword$_verifyImagePresent_closure1.doCall(VerifyImagePresentKeyword.groovy:92)
	at com.kms.katalon.core.webui.keyword.builtin.VerifyImagePresentKeyword$_verifyImagePresent_closure1.call(VerifyImagePresentKeyword.groovy)
	at com.kms.katalon.core.webui.keyword.internal.WebUIKeywordMain.runKeyword(WebUIKeywordMain.groovy:20)
	at com.kms.katalon.core.webui.keyword.builtin.VerifyImagePresentKeyword.verifyImagePresent(VerifyImagePresentKeyword.groovy:94)
	at com.kms.katalon.core.webui.keyword.builtin.VerifyImagePresentKeyword.execute(VerifyImagePresentKeyword.groovy:67)
	at com.kms.katalon.core.keyword.internal.KeywordExecutor.executeKeywordForPlatform(KeywordExecutor.groovy:74)
	at com.kms.katalon.core.webui.keyword.WebUiBuiltInKeywords.verifyImagePresent(WebUiBuiltInKeywords.groovy:2820)
	at TC002 - Verify header main.run(TC002 - Verify header main:26)
	at com.kms.katalon.core.main.ScriptEngine.run(ScriptEngine.java:194)
	at com.kms.katalon.core.main.ScriptEngine.runScriptAsRawText(ScriptEngine.java:119)
	at com.kms.katalon.core.main.TestCaseExecutor.runScript(TestCaseExecutor.java:448)
	at com.kms.katalon.core.main.TestCaseExecutor.doExecute(TestCaseExecutor.java:439)
	at com.kms.katalon.core.main.TestCaseExecutor.processExecutionPhase(TestCaseExecutor.java:418)
	at com.kms.katalon.core.main.TestCaseExecutor.accessMainPhase(TestCaseExecutor.java:410)
	at com.kms.katalon.core.main.TestCaseExecutor.execute(TestCaseExecutor.java:285)
	at com.kms.katalon.core.common.CommonExecutor.accessTestCaseMainPhase(CommonExecutor.java:65)
	at com.kms.katalon.core.main.TestSuiteExecutor.accessTestSuiteMainPhase(TestSuiteExecutor.java:150)
	at com.kms.katalon.core.main.TestSuiteExecutor.execute(TestSuiteExecutor.java:106)
	at com.kms.katalon.core.main.TestCaseMain.startTestSuite(TestCaseMain.java:180)
	at TempTestSuite1720788257067.run(TempTestSuite1720788257067.groovy:35)
	at java.base/jdk.internal.reflect.NativeMethodAccessorImpl.invoke0(Native Method)
	at java.base/jdk.internal.reflect.NativeMethodAccessorImpl.invoke(NativeMethodAccessorImpl.java:77)
	at java.base/jdk.internal.reflect.DelegatingMethodAccessorImpl.invoke(DelegatingMethodAccessorImpl.java:43)
Caused by: com.kms.katalon.core.exception.StepFailedException: Image: 'C:\Users\Lenovo\git\KatalonPractitionerLevel\../../OneDrive/Dokument/Tita/Lamaran kerja/Eklipse.gg/Eklipse.gg logo.png' is NOT present
	... 24 more]]></system-err>
   </testsuite>
</testsuites>
