<?xml version="1.0" encoding="UTF-8"?>
<testsuites name="TS02 - Login variation" time="49.64" tests="5" failures="0" errors="0">
   <testsuite name="TS02 - Login variation" tests="5" failures="0" errors="0" time="49.64" skipped="0" timestamp="11-07-2024T17:11:28" hostname="Lenovo - LAPTOP-7QB5JFLU" id="Test Suites/CURA Test suites/TS02 - Login variation">
      <properties>
         <property name="deviceName" value=""/>
         <property name="devicePlatform"/>
         <property name="logFolder" value="C:\\Users\\Lenovo\\git\\KatalonPractitionerLevel\\Reports\\20240711_171119\\CURA Test suites\\TS02 - Login variation\\20240711_171120"/>
         <property name="logFiles" value="C:\\Users\\Lenovo\\git\\KatalonPractitionerLevel\\Reports\\20240711_171119\\CURA Test suites\\TS02 - Login variation\\20240711_171120\\execution0.log"/>
         <property name="attachments" value="keyes\keyes-Login page.png, keyes\keyes-Login page.png, C:\\Users\\Lenovo\\git\\KatalonPractitionerLevel\\Reports\\20240711_171119\\CURA Test suites\\TS02 - Login variation\\20240711_171120\\1720692728494.png, keyes\keyes-Login page.png, keyes\keyes-Make appointment page.png"/>
         <property name="hostName" value="Lenovo - LAPTOP-7QB5JFLU"/>
         <property name="os" value="Windows 11 64bit"/>
         <property name="katalonVersion" value="9.6.0.217"/>
         <property name="browser" value="Chrome 126.0.0.0"/>
         <property name="hostAddress" value="192.168.1.12"/>
         <property name="sessionId" value="68c7e69e010ff71f2eb837754987e0ab"/>
         <property name="seleniumVersion" value="3.141.59"/>
         <property name="proxyInformation" value="ProxyInformation { proxyOption=NO_PROXY, proxyServerType=HTTP, username=, password=********, proxyServerAddress=, proxyServerPort=0, executionList=&quot;&quot;, isApplyToDesiredCapabilities=true }"/>
         <property name="platform" value="Windows 11"/>
      </properties>
      <testcase name="Test Cases/CURA Web Test/TC05 - Login in another way" time="13.765" classname="Test Cases/CURA Web Test/TC05 - Login in another way" status="PASSED">
         <system-out><![CDATA[11-07-2024T17:11:28 - [TEST_CASE][PASSED] - Test Cases/CURA Web Test/TC05 - Login in another way: Test Cases/CURA Web Test/TC05 - Login in another way

11-07-2024T17:11:29 - [TEST_STEP][PASSED] - callTestCase(findTestCase("CURA Web Test/Properties/TCP01 - Open browser"), [:], STOP_ON_FAILURE): Call Test Case 'Test Cases/CURA Web Test/Properties/TCP01 - Open browser' successfully

11-07-2024T17:11:29 - [TEST_CASE][PASSED] - Test Cases/CURA Web Test/Properties/TCP01 - Open browser: Test Cases/CURA Web Test/Properties/TCP01 - Open browser

11-07-2024T17:11:30 - [TEST_STEP][PASSED] - openBrowser(""): Browser is opened with url: ''

11-07-2024T17:11:30 - [MESSAGE][INFO] - Starting 'Chrome' driver

11-07-2024T17:11:30 - [MESSAGE][INFO] - Action delay is set to 0 milliseconds

11-07-2024T17:11:31 - [MESSAGE][PASSED] - Browser is opened with url: ''

11-07-2024T17:11:31 - [TEST_STEP][PASSED] - navigateToUrl(URL): Navigate to 'https://katalon-demo-cura.herokuapp.com/' successfully

11-07-2024T17:11:35 - [MESSAGE][PASSED] - Navigate to 'https://katalon-demo-cura.herokuapp.com/' successfully

11-07-2024T17:11:35 - [MESSAGE][PASSED] - Call Test Case 'Test Cases/CURA Web Test/Properties/TCP01 - Open browser' successfully

11-07-2024T17:11:35 - [TEST_STEP][PASSED] - verifyElementText(findTestObject("Object Repository/11. Login menu check/Page_CURA Healthcare Service/h1_CURA Healthcare Service"), "CURA Healthcare Service"): Actual text and expected text of test object 'Object Repository/11. Login menu check/Page_CURA Healthcare Service/h1_CURA Healthcare Service' are matched.

11-07-2024T17:11:35 - [MESSAGE][PASSED] - Actual text and expected text of test object 'Object Repository/11. Login menu check/Page_CURA Healthcare Service/h1_CURA Healthcare Service' are matched.

11-07-2024T17:11:35 - [TEST_STEP][PASSED] - click(findTestObject("Object Repository/11. Login menu check/Page_CURA Healthcare Service/a_Make Appointment")): Object: 'Object Repository/11. Login menu check/Page_CURA Healthcare Service/a_Make Appointment' is clicked on

11-07-2024T17:11:36 - [MESSAGE][PASSED] - Object: 'Object Repository/11. Login menu check/Page_CURA Healthcare Service/a_Make Appointment' is clicked on

11-07-2024T17:11:36 - [TEST_STEP][PASSED] - takeScreenshotAsCheckpoint("Login page"): Taking screenshot successfully

11-07-2024T17:11:37 - [MESSAGE][INFO] - 0 hidden object(s)

11-07-2024T17:11:37 - [MESSAGE][PASSED] - Taking screenshot successfully
[[ATTACHMENT|keyes\keyes-Login page.png]]

11-07-2024T17:11:37 - [TEST_STEP][PASSED] - verifyElementText(findTestObject("Object Repository/11. Login menu check/Page_CURA Healthcare Service/h2_Login"), "Login"): Actual text and expected text of test object 'Object Repository/11. Login menu check/Page_CURA Healthcare Service/h2_Login' are matched.

11-07-2024T17:11:37 - [MESSAGE][PASSED] - Actual text and expected text of test object 'Object Repository/11. Login menu check/Page_CURA Healthcare Service/h2_Login' are matched.

11-07-2024T17:11:37 - [TEST_STEP][PASSED] - click(findTestObject("Object Repository/11. Login menu check/Page_CURA Healthcare Service/a_CURA Healthcare_menu-toggle")): Object: 'Object Repository/11. Login menu check/Page_CURA Healthcare Service/a_CURA Healthcare_menu-toggle' is clicked on

11-07-2024T17:11:38 - [MESSAGE][PASSED] - Object: 'Object Repository/11. Login menu check/Page_CURA Healthcare Service/a_CURA Healthcare_menu-toggle' is clicked on

11-07-2024T17:11:38 - [TEST_STEP][PASSED] - click(findTestObject("Object Repository/11. Login menu check/Page_CURA Healthcare Service/a_Login")): Object: 'Object Repository/11. Login menu check/Page_CURA Healthcare Service/a_Login' is clicked on

11-07-2024T17:11:38 - [MESSAGE][PASSED] - Object: 'Object Repository/11. Login menu check/Page_CURA Healthcare Service/a_Login' is clicked on

11-07-2024T17:11:38 - [TEST_STEP][PASSED] - takeScreenshotAsCheckpoint("Login page"): Taking screenshot successfully

11-07-2024T17:11:39 - [MESSAGE][INFO] - 0 hidden object(s)

11-07-2024T17:11:39 - [MESSAGE][PASSED] - Taking screenshot successfully
[[ATTACHMENT|keyes\keyes-Login page.png]]

11-07-2024T17:11:39 - [TEST_STEP][PASSED] - verifyElementText(findTestObject("Object Repository/11. Login menu check/Page_CURA Healthcare Service/h2_Login"), "Login"): Actual text and expected text of test object 'Object Repository/11. Login menu check/Page_CURA Healthcare Service/h2_Login' are matched.

11-07-2024T17:11:39 - [MESSAGE][PASSED] - Actual text and expected text of test object 'Object Repository/11. Login menu check/Page_CURA Healthcare Service/h2_Login' are matched.

11-07-2024T17:11:39 - [TEST_STEP][PASSED] - click(findTestObject("Object Repository/11. Login menu check/Page_CURA Healthcare Service/i_CURA Healthcare_fa fa-bars")): Object: 'Object Repository/11. Login menu check/Page_CURA Healthcare Service/i_CURA Healthcare_fa fa-bars' is clicked on

11-07-2024T17:11:39 - [MESSAGE][PASSED] - Object: 'Object Repository/11. Login menu check/Page_CURA Healthcare Service/i_CURA Healthcare_fa fa-bars' is clicked on

11-07-2024T17:11:39 - [TEST_STEP][PASSED] - click(findTestObject("Object Repository/11. Login menu check/Page_CURA Healthcare Service/a_Home")): Object: 'Object Repository/11. Login menu check/Page_CURA Healthcare Service/a_Home' is clicked on

11-07-2024T17:11:40 - [MESSAGE][PASSED] - Object: 'Object Repository/11. Login menu check/Page_CURA Healthcare Service/a_Home' is clicked on

11-07-2024T17:11:40 - [TEST_STEP][PASSED] - verifyElementText(findTestObject("Object Repository/11. Login menu check/Page_CURA Healthcare Service/h1_CURA Healthcare Service"), "CURA Healthcare Service"): Actual text and expected text of test object 'Object Repository/11. Login menu check/Page_CURA Healthcare Service/h1_CURA Healthcare Service' are matched.

11-07-2024T17:11:41 - [MESSAGE][PASSED] - Actual text and expected text of test object 'Object Repository/11. Login menu check/Page_CURA Healthcare Service/h1_CURA Healthcare Service' are matched.

11-07-2024T17:11:41 - [TEST_STEP][PASSED] - click(findTestObject("Object Repository/11. Login menu check/Page_CURA Healthcare Service/i_CURA Healthcare_fa fa-bars")): Object: 'Object Repository/11. Login menu check/Page_CURA Healthcare Service/i_CURA Healthcare_fa fa-bars' is clicked on

11-07-2024T17:11:41 - [MESSAGE][PASSED] - Object: 'Object Repository/11. Login menu check/Page_CURA Healthcare Service/i_CURA Healthcare_fa fa-bars' is clicked on

11-07-2024T17:11:41 - [TEST_STEP][PASSED] - click(findTestObject("Object Repository/11. Login menu check/Page_CURA Healthcare Service/a_Login")): Object: 'Object Repository/11. Login menu check/Page_CURA Healthcare Service/a_Login' is clicked on

11-07-2024T17:11:42 - [MESSAGE][PASSED] - Object: 'Object Repository/11. Login menu check/Page_CURA Healthcare Service/a_Login' is clicked on

11-07-2024T17:11:42 - [TEST_STEP][PASSED] - verifyElementText(findTestObject("Object Repository/11. Login menu check/Page_CURA Healthcare Service/h2_Login"), "Login"): Actual text and expected text of test object 'Object Repository/11. Login menu check/Page_CURA Healthcare Service/h2_Login' are matched.

11-07-2024T17:11:42 - [MESSAGE][PASSED] - Actual text and expected text of test object 'Object Repository/11. Login menu check/Page_CURA Healthcare Service/h2_Login' are matched.]]></system-out>
         <system-err><![CDATA[]]></system-err>
      </testcase>
      <testcase name="Test Cases/CURA Web Test/TC04 - Login wrong password" time="10.125" classname="Test Cases/CURA Web Test/TC04 - Login wrong password" status="PASSED">
         <system-out><![CDATA[11-07-2024T17:11:42 - [TEST_CASE][PASSED] - Test Cases/CURA Web Test/TC04 - Login wrong password: Test Cases/CURA Web Test/TC04 - Login wrong password

11-07-2024T17:11:42 - [TEST_STEP][PASSED] - callTestCase(findTestCase("CURA Web Test/Properties/TCP01 - Open browser"), [:], STOP_ON_FAILURE): Call Test Case 'Test Cases/CURA Web Test/Properties/TCP01 - Open browser' successfully

11-07-2024T17:11:42 - [TEST_CASE][PASSED] - Test Cases/CURA Web Test/Properties/TCP01 - Open browser: Test Cases/CURA Web Test/Properties/TCP01 - Open browser

11-07-2024T17:11:43 - [TEST_STEP][PASSED] - openBrowser(""): Browser is opened with url: ''

11-07-2024T17:11:43 - [MESSAGE][WARNING] - A browser is already opened. Closing browser and opening a new one

11-07-2024T17:11:43 - [MESSAGE][INFO] - Starting 'Chrome' driver

11-07-2024T17:11:43 - [MESSAGE][INFO] - Action delay is set to 0 milliseconds

11-07-2024T17:11:44 - [MESSAGE][PASSED] - Browser is opened with url: ''

11-07-2024T17:11:44 - [TEST_STEP][PASSED] - navigateToUrl(URL): Navigate to 'https://katalon-demo-cura.herokuapp.com/' successfully

11-07-2024T17:11:47 - [MESSAGE][PASSED] - Navigate to 'https://katalon-demo-cura.herokuapp.com/' successfully

11-07-2024T17:11:47 - [MESSAGE][PASSED] - Call Test Case 'Test Cases/CURA Web Test/Properties/TCP01 - Open browser' successfully

11-07-2024T17:11:47 - [TEST_STEP][PASSED] - click(findTestObject("7. Failed Login/Page_CURA Healthcare Service/a_Make Appointment")): Object: 'Object Repository/7. Failed Login/Page_CURA Healthcare Service/a_Make Appointment' is clicked on

11-07-2024T17:11:48 - [MESSAGE][PASSED] - Object: 'Object Repository/7. Failed Login/Page_CURA Healthcare Service/a_Make Appointment' is clicked on

11-07-2024T17:11:48 - [TEST_STEP][PASSED] - userName = getAttribute(findTestObject("Object Repository/7. Failed Login/Page_CURA Healthcare Service/input_Username_username"), "username"): Attribute 'username' of object 'Object Repository/7. Failed Login/Page_CURA Healthcare Service/input_Username_username' is: 'null'

11-07-2024T17:11:48 - [MESSAGE][PASSED] - Attribute 'username' of object 'Object Repository/7. Failed Login/Page_CURA Healthcare Service/input_Username_username' is: 'null'

11-07-2024T17:11:48 - [TEST_STEP][PASSED] - passWord = getAttribute(findTestObject("Object Repository/7. Failed Login/Page_CURA Healthcare Service/input_Password_password"), "password"): Attribute 'password' of object 'Object Repository/7. Failed Login/Page_CURA Healthcare Service/input_Password_password' is: 'null'

11-07-2024T17:11:48 - [MESSAGE][PASSED] - Attribute 'password' of object 'Object Repository/7. Failed Login/Page_CURA Healthcare Service/input_Password_password' is: 'null'

11-07-2024T17:11:49 - [TEST_STEP][PASSED] - click(findTestObject("Object Repository/7. Failed Login/Page_CURA Healthcare Service/a_Make Appointment")): Object: 'Object Repository/7. Failed Login/Page_CURA Healthcare Service/a_Make Appointment' is clicked on

11-07-2024T17:11:49 - [MESSAGE][PASSED] - Object: 'Object Repository/7. Failed Login/Page_CURA Healthcare Service/a_Make Appointment' is clicked on

11-07-2024T17:11:49 - [TEST_STEP][PASSED] - setText(findTestObject("Object Repository/7. Failed Login/Page_CURA Healthcare Service/input_Username_username"), " John Doe"): Text ' John Doe' is set on object 'Object Repository/7. Failed Login/Page_CURA Healthcare Service/input_Username_username'

11-07-2024T17:11:50 - [MESSAGE][PASSED] - Text ' John Doe' is set on object 'Object Repository/7. Failed Login/Page_CURA Healthcare Service/input_Username_username'

11-07-2024T17:11:50 - [TEST_STEP][PASSED] - setText(findTestObject("10. Login page/Page_CURA Healthcare Service/input_Password_password"), "This"): Text 'This' is set on object 'Object Repository/10. Login page/Page_CURA Healthcare Service/input_Password_password'

11-07-2024T17:11:50 - [MESSAGE][PASSED] - Text 'This' is set on object 'Object Repository/10. Login page/Page_CURA Healthcare Service/input_Password_password'

11-07-2024T17:11:50 - [TEST_STEP][PASSED] - click(findTestObject("Object Repository/7. Failed Login/Page_CURA Healthcare Service/button_Login")): Object: 'Object Repository/7. Failed Login/Page_CURA Healthcare Service/button_Login' is clicked on

11-07-2024T17:11:52 - [MESSAGE][PASSED] - Object: 'Object Repository/7. Failed Login/Page_CURA Healthcare Service/button_Login' is clicked on

11-07-2024T17:11:52 - [TEST_STEP][PASSED] - if (userName == "John Doe" && passWord == "g3/DOGG74jC3Flrr3yH+3D/yKbOqqUNM"): null

11-07-2024T17:11:52 - [TEST_STEP][PASSED] - else: Object 'Object Repository/7. Failed Login/Page_CURA Healthcare Service/p_Login failed Please ensure the username a_eb55b5' is visible

11-07-2024T17:11:52 - [TEST_STEP][PASSED] - verifyElementVisible(findTestObject("Object Repository/7. Failed Login/Page_CURA Healthcare Service/p_Login failed Please ensure the username a_eb55b5")): Object 'Object Repository/7. Failed Login/Page_CURA Healthcare Service/p_Login failed Please ensure the username a_eb55b5' is visible

11-07-2024T17:11:52 - [MESSAGE][PASSED] - Object 'Object Repository/7. Failed Login/Page_CURA Healthcare Service/p_Login failed Please ensure the username a_eb55b5' is visible]]></system-out>
         <system-err><![CDATA[]]></system-err>
      </testcase>
      <testcase name="Test Cases/CURA Web Test/TC03 - Login wrong username" time="8.955" classname="Test Cases/CURA Web Test/TC03 - Login wrong username" status="PASSED">
         <system-out><![CDATA[11-07-2024T17:11:52 - [TEST_CASE][PASSED] - Test Cases/CURA Web Test/TC03 - Login wrong username: Test Cases/CURA Web Test/TC03 - Login wrong username

11-07-2024T17:11:52 - [TEST_STEP][PASSED] - callTestCase(findTestCase("CURA Web Test/Properties/TCP01 - Open browser"), [:], STOP_ON_FAILURE): Call Test Case 'Test Cases/CURA Web Test/Properties/TCP01 - Open browser' successfully

11-07-2024T17:11:53 - [TEST_CASE][PASSED] - Test Cases/CURA Web Test/Properties/TCP01 - Open browser: Test Cases/CURA Web Test/Properties/TCP01 - Open browser

11-07-2024T17:11:53 - [TEST_STEP][PASSED] - openBrowser(""): Browser is opened with url: ''

11-07-2024T17:11:53 - [MESSAGE][WARNING] - A browser is already opened. Closing browser and opening a new one

11-07-2024T17:11:53 - [MESSAGE][INFO] - Starting 'Chrome' driver

11-07-2024T17:11:53 - [MESSAGE][INFO] - Action delay is set to 0 milliseconds

11-07-2024T17:11:54 - [MESSAGE][PASSED] - Browser is opened with url: ''

11-07-2024T17:11:54 - [TEST_STEP][PASSED] - navigateToUrl(URL): Navigate to 'https://katalon-demo-cura.herokuapp.com/' successfully

11-07-2024T17:11:57 - [MESSAGE][PASSED] - Navigate to 'https://katalon-demo-cura.herokuapp.com/' successfully

11-07-2024T17:11:57 - [MESSAGE][PASSED] - Call Test Case 'Test Cases/CURA Web Test/Properties/TCP01 - Open browser' successfully

11-07-2024T17:11:57 - [TEST_STEP][PASSED] - click(findTestObject("7. Failed Login/Page_CURA Healthcare Service/a_Make Appointment")): Object: 'Object Repository/7. Failed Login/Page_CURA Healthcare Service/a_Make Appointment' is clicked on

11-07-2024T17:11:58 - [MESSAGE][PASSED] - Object: 'Object Repository/7. Failed Login/Page_CURA Healthcare Service/a_Make Appointment' is clicked on

11-07-2024T17:11:58 - [TEST_STEP][PASSED] - userName = getAttribute(findTestObject("Object Repository/7. Failed Login/Page_CURA Healthcare Service/input_Username_username"), "username"): Attribute 'username' of object 'Object Repository/7. Failed Login/Page_CURA Healthcare Service/input_Username_username' is: 'null'

11-07-2024T17:11:58 - [MESSAGE][PASSED] - Attribute 'username' of object 'Object Repository/7. Failed Login/Page_CURA Healthcare Service/input_Username_username' is: 'null'

11-07-2024T17:11:58 - [TEST_STEP][PASSED] - passWord = getAttribute(findTestObject("Object Repository/7. Failed Login/Page_CURA Healthcare Service/input_Password_password"), "password"): Attribute 'password' of object 'Object Repository/7. Failed Login/Page_CURA Healthcare Service/input_Password_password' is: 'null'

11-07-2024T17:11:58 - [MESSAGE][PASSED] - Attribute 'password' of object 'Object Repository/7. Failed Login/Page_CURA Healthcare Service/input_Password_password' is: 'null'

11-07-2024T17:11:58 - [TEST_STEP][PASSED] - click(findTestObject("Object Repository/7. Failed Login/Page_CURA Healthcare Service/a_Make Appointment")): Object: 'Object Repository/7. Failed Login/Page_CURA Healthcare Service/a_Make Appointment' is clicked on

11-07-2024T17:11:59 - [MESSAGE][PASSED] - Object: 'Object Repository/7. Failed Login/Page_CURA Healthcare Service/a_Make Appointment' is clicked on

11-07-2024T17:11:59 - [TEST_STEP][PASSED] - setText(findTestObject("Object Repository/7. Failed Login/Page_CURA Healthcare Service/input_Username_username"), "John"): Text 'John' is set on object 'Object Repository/7. Failed Login/Page_CURA Healthcare Service/input_Username_username'

11-07-2024T17:12:00 - [MESSAGE][PASSED] - Text 'John' is set on object 'Object Repository/7. Failed Login/Page_CURA Healthcare Service/input_Username_username'

11-07-2024T17:12:00 - [TEST_STEP][PASSED] - click(findTestObject("Object Repository/7. Failed Login/Page_CURA Healthcare Service/button_Login")): Object: 'Object Repository/7. Failed Login/Page_CURA Healthcare Service/button_Login' is clicked on

11-07-2024T17:12:01 - [MESSAGE][PASSED] - Object: 'Object Repository/7. Failed Login/Page_CURA Healthcare Service/button_Login' is clicked on

11-07-2024T17:12:01 - [TEST_STEP][PASSED] - if (userName == "John Doe" && passWord == "g3/DOGG74jC3Flrr3yH+3D/yKbOqqUNM"): null

11-07-2024T17:12:01 - [TEST_STEP][PASSED] - else: Object 'Object Repository/7. Failed Login/Page_CURA Healthcare Service/p_Login failed Please ensure the username a_eb55b5' is visible

11-07-2024T17:12:01 - [TEST_STEP][PASSED] - verifyElementVisible(findTestObject("Object Repository/7. Failed Login/Page_CURA Healthcare Service/p_Login failed Please ensure the username a_eb55b5")): Object 'Object Repository/7. Failed Login/Page_CURA Healthcare Service/p_Login failed Please ensure the username a_eb55b5' is visible

11-07-2024T17:12:01 - [MESSAGE][PASSED] - Object 'Object Repository/7. Failed Login/Page_CURA Healthcare Service/p_Login failed Please ensure the username a_eb55b5' is visible]]></system-out>
         <system-err><![CDATA[]]></system-err>
      </testcase>
      <testcase name="Test Cases/CURA Web Test/TC02 - Login normally" time="14.286" classname="Test Cases/CURA Web Test/TC02 - Login normally" status="PASSED">
         <system-out><![CDATA[11-07-2024T17:12:01 - [TEST_CASE][PASSED] - Test Cases/CURA Web Test/TC02 - Login normally: Test Cases/CURA Web Test/TC02 - Login normally

11-07-2024T17:12:01 - [TEST_STEP][PASSED] - callTestCase(findTestCase("CURA Web Test/Properties/TCP01 - Open browser"), [:], STOP_ON_FAILURE): Call Test Case 'Test Cases/CURA Web Test/Properties/TCP01 - Open browser' successfully

11-07-2024T17:12:01 - [TEST_CASE][PASSED] - Test Cases/CURA Web Test/Properties/TCP01 - Open browser: Test Cases/CURA Web Test/Properties/TCP01 - Open browser

11-07-2024T17:12:01 - [TEST_STEP][PASSED] - openBrowser(""): Browser is opened with url: ''

11-07-2024T17:12:01 - [MESSAGE][WARNING] - A browser is already opened. Closing browser and opening a new one

11-07-2024T17:12:02 - [MESSAGE][INFO] - Starting 'Chrome' driver

11-07-2024T17:12:02 - [MESSAGE][INFO] - Action delay is set to 0 milliseconds

11-07-2024T17:12:03 - [MESSAGE][PASSED] - Browser is opened with url: ''

11-07-2024T17:12:03 - [TEST_STEP][PASSED] - navigateToUrl(URL): Navigate to 'https://katalon-demo-cura.herokuapp.com/' successfully

11-07-2024T17:12:06 - [MESSAGE][PASSED] - Navigate to 'https://katalon-demo-cura.herokuapp.com/' successfully

11-07-2024T17:12:06 - [MESSAGE][PASSED] - Call Test Case 'Test Cases/CURA Web Test/Properties/TCP01 - Open browser' successfully

11-07-2024T17:12:06 - [TEST_STEP][PASSED] - delay(2): Delayed 2 second(s)

11-07-2024T17:12:08 - [MESSAGE][PASSED] - Delayed 2 second(s)

11-07-2024T17:12:08 - [TEST_STEP][PASSED] - takeFullPageScreenshot(): Taking screenshot successfully

11-07-2024T17:12:09 - [MESSAGE][INFO] - 0 hidden object(s)

11-07-2024T17:12:09 - [MESSAGE][PASSED] - Taking screenshot successfully
[[ATTACHMENT|C:\\Users\\Lenovo\\git\\KatalonPractitionerLevel\\Reports\\20240711_171119\\CURA Test suites\\TS02 - Login variation\\20240711_171120\\1720692728494.png]]

11-07-2024T17:12:09 - [TEST_STEP][PASSED] - click(findTestObject("1. CURA Test Object (Click, Set, Dropdown)/Make Appointment")): Object: 'Object Repository/1. CURA Test Object (Click, Set, Dropdown)/Make Appointment' is clicked on

11-07-2024T17:12:10 - [MESSAGE][PASSED] - Object: 'Object Repository/1. CURA Test Object (Click, Set, Dropdown)/Make Appointment' is clicked on

11-07-2024T17:12:10 - [TEST_STEP][PASSED] - takeScreenshotAsCheckpoint("Login page"): Taking screenshot successfully

11-07-2024T17:12:11 - [MESSAGE][INFO] - 0 hidden object(s)

11-07-2024T17:12:11 - [MESSAGE][PASSED] - Taking screenshot successfully
[[ATTACHMENT|keyes\keyes-Login page.png]]

11-07-2024T17:12:11 - [TEST_STEP][PASSED] - setText(findTestObject("1. CURA Test Object (Click, Set, Dropdown)/Username"), Username): Text 'John Doe' is set on object 'Object Repository/1. CURA Test Object (Click, Set, Dropdown)/Username'

11-07-2024T17:12:12 - [MESSAGE][PASSED] - Text 'John Doe' is set on object 'Object Repository/1. CURA Test Object (Click, Set, Dropdown)/Username'

11-07-2024T17:12:12 - [TEST_STEP][PASSED] - setEncryptedText(findTestObject("1. CURA Test Object (Click, Set, Dropdown)/Password"), "g3/DOGG74jC3Flrr3yH+3D/yKbOqqUNM"): Text ****** has been set on object 'Object Repository/1. CURA Test Object (Click, Set, Dropdown)/Password'

11-07-2024T17:12:12 - [MESSAGE][PASSED] - Text ****** has been set on object 'Object Repository/1. CURA Test Object (Click, Set, Dropdown)/Password'

11-07-2024T17:12:12 - [TEST_STEP][PASSED] - click(findTestObject("1. CURA Test Object (Click, Set, Dropdown)/Login Button")): Object: 'Object Repository/1. CURA Test Object (Click, Set, Dropdown)/Login Button' is clicked on

11-07-2024T17:12:13 - [MESSAGE][PASSED] - Object: 'Object Repository/1. CURA Test Object (Click, Set, Dropdown)/Login Button' is clicked on

11-07-2024T17:12:13 - [TEST_STEP][PASSED] - delay(2): Delayed 2 second(s)

11-07-2024T17:12:15 - [MESSAGE][PASSED] - Delayed 2 second(s)

11-07-2024T17:12:15 - [TEST_STEP][PASSED] - takeScreenshotAsCheckpoint("Make appointment page"): Taking screenshot successfully

11-07-2024T17:12:15 - [MESSAGE][INFO] - 0 hidden object(s)

11-07-2024T17:12:16 - [MESSAGE][PASSED] - Taking screenshot successfully
[[ATTACHMENT|keyes\keyes-Make appointment page.png]]]]></system-out>
         <system-err><![CDATA[]]></system-err>
      </testcase>
      <testcase name="Test Cases/CURA Web Test/Properties/TCP03 - Logout" time="2.149" classname="Test Cases/CURA Web Test/Properties/TCP03 - Logout" status="PASSED">
         <system-out><![CDATA[11-07-2024T17:12:16 - [TEST_CASE][PASSED] - Test Cases/CURA Web Test/Properties/TCP03 - Logout: Test Cases/CURA Web Test/Properties/TCP03 - Logout

11-07-2024T17:12:16 - [TEST_STEP][PASSED] - verifyElementText(findTestObject("2. CURA Test Object (Verify parameter)/Make Appointment Text"), "Make Appointment"): Actual text and expected text of test object 'Object Repository/2. CURA Test Object (Verify parameter)/Make Appointment Text' are matched.

11-07-2024T17:12:16 - [MESSAGE][PASSED] - Actual text and expected text of test object 'Object Repository/2. CURA Test Object (Verify parameter)/Make Appointment Text' are matched.

11-07-2024T17:12:16 - [TEST_STEP][PASSED] - click(findTestObject("1. CURA Test Object (Click, Set, Dropdown)/Menu")): Object: 'Object Repository/1. CURA Test Object (Click, Set, Dropdown)/Menu' is clicked on

11-07-2024T17:12:16 - [MESSAGE][PASSED] - Object: 'Object Repository/1. CURA Test Object (Click, Set, Dropdown)/Menu' is clicked on

11-07-2024T17:12:16 - [TEST_STEP][PASSED] - click(findTestObject("1. CURA Test Object (Click, Set, Dropdown)/Logout")): Object: 'Object Repository/1. CURA Test Object (Click, Set, Dropdown)/Logout' is clicked on

11-07-2024T17:12:17 - [MESSAGE][PASSED] - Object: 'Object Repository/1. CURA Test Object (Click, Set, Dropdown)/Logout' is clicked on

11-07-2024T17:12:17 - [TEST_STEP][PASSED] - closeBrowser(): Browser is closed

11-07-2024T17:12:18 - [MESSAGE][PASSED] - Browser is closed]]></system-out>
         <system-err><![CDATA[]]></system-err>
      </testcase>
      <system-out><![CDATA[11-07-2024T17:11:28 - [TEST_SUITE][PASSED] - TS02 - Login variation: Test Cases/CURA Web Test/Properties/TCP03 - Logout]]></system-out>
      <system-err><![CDATA[]]></system-err>
   </testsuite>
</testsuites>
