<?xml version="1.0" encoding="UTF-8"?>
<testsuites name="TS005 - Sign In page" time="63.42" tests="1" failures="1" errors="0">
   <testsuite name="TS005 - Sign In page" tests="1" failures="1" errors="0" time="63.42" skipped="0" timestamp="12-07-2024T14:08:25" hostname="Lenovo - LAPTOP-7QB5JFLU" id="Test Suites/Eklipse Test suite/TS005 - Sign In page">
      <properties>
         <property name="deviceName" value=""/>
         <property name="devicePlatform"/>
         <property name="logFolder" value="C:\\Users\\Lenovo\\git\\KatalonPractitionerLevel\\Reports\\20240712_140819\\Eklipse Test suite\\TS005 - Sign In page\\20240712_140820"/>
         <property name="logFiles" value="C:\\Users\\Lenovo\\git\\KatalonPractitionerLevel\\Reports\\20240712_140819\\Eklipse Test suite\\TS005 - Sign In page\\20240712_140820\\execution0.log"/>
         <property name="attachments" value="C:\\Users\\Lenovo\\git\\KatalonPractitionerLevel\\Reports\\20240712_140819\\Eklipse Test suite\\TS005 - Sign In page\\20240712_140820\\1720768117823.png, C:\\Users\\Lenovo\\git\\KatalonPractitionerLevel\\Reports\\20240712_140819\\Eklipse Test suite\\TS005 - Sign In page\\20240712_140820\\1720768119535.png, C:\\Users\\Lenovo\\git\\KatalonPractitionerLevel\\Reports\\20240712_140819\\Eklipse Test suite\\TS005 - Sign In page\\20240712_140820\\1720768119884.png, C:\\Users\\Lenovo\\git\\KatalonPractitionerLevel\\Reports\\20240712_140819\\Eklipse Test suite\\TS005 - Sign In page\\20240712_140820\\1720768133909.png, C:\\Users\\Lenovo\\git\\KatalonPractitionerLevel\\Reports\\20240712_140819\\Eklipse Test suite\\TS005 - Sign In page\\20240712_140820\\1720768134483.png, C:\\Users\\Lenovo\\git\\KatalonPractitionerLevel\\Reports\\20240712_140819\\Eklipse Test suite\\TS005 - Sign In page\\20240712_140820\\1720768134810.png, C:\\Users\\Lenovo\\git\\KatalonPractitionerLevel\\Reports\\20240712_140819\\Eklipse Test suite\\TS005 - Sign In page\\20240712_140820\\1720768149557.png, C:\\Users\\Lenovo\\git\\KatalonPractitionerLevel\\Reports\\20240712_140819\\Eklipse Test suite\\TS005 - Sign In page\\20240712_140820\\1720768150109.png, C:\\Users\\Lenovo\\git\\KatalonPractitionerLevel\\Reports\\20240712_140819\\Eklipse Test suite\\TS005 - Sign In page\\20240712_140820\\1720768150433.png, C:\\Users\\Lenovo\\git\\KatalonPractitionerLevel\\Reports\\20240712_140819\\Eklipse Test suite\\TS005 - Sign In page\\20240712_140820\\1720768163650.png, C:\\Users\\Lenovo\\git\\KatalonPractitionerLevel\\Reports\\20240712_140819\\Eklipse Test suite\\TS005 - Sign In page\\20240712_140820\\1720768164214.png, C:\\Users\\Lenovo\\git\\KatalonPractitionerLevel\\Reports\\20240712_140819\\Eklipse Test suite\\TS005 - Sign In page\\20240712_140820\\1720768164576.png"/>
         <property name="hostName" value="Lenovo - LAPTOP-7QB5JFLU"/>
         <property name="os" value="Windows 11 64bit"/>
         <property name="katalonVersion" value="9.6.0.217"/>
         <property name="browser" value="Chrome 126.0.0.0"/>
         <property name="hostAddress" value="192.168.1.12"/>
         <property name="sessionId" value="06339a401e8794cd5dfc71a580c92984"/>
         <property name="seleniumVersion" value="3.141.59"/>
         <property name="proxyInformation" value="ProxyInformation { proxyOption=NO_PROXY, proxyServerType=HTTP, username=, password=********, proxyServerAddress=, proxyServerPort=0, executionList=&quot;&quot;, isApplyToDesiredCapabilities=true }"/>
         <property name="platform" value="Windows 11"/>
      </properties>
      <testcase name="Test Cases/Eklipse Test/Sign in and Sign Up/TC001 - Verify Sign In Page" time="13.98" classname="Test Cases/Eklipse Test/Sign in and Sign Up/TC001 - Verify Sign In Page" status="FAILED">
         <failure type="FAILED" message="Test Cases/Eklipse Test/Sign in and Sign Up/TC001 - Verify Sign In Page FAILED.&#xa;Reason:&#xa;com.kms.katalon.core.exception.StepFailedException: Image: 'C:\Users\Lenovo\git\KatalonPractitionerLevel\../../OneDrive/Dokument/Tita/Lamaran kerja/Eklipse.gg/Eklipse gg image_Left.png' is NOT present (Root cause: com.kms.katalon.core.exception.StepFailedException: Image: 'C:\Users\Lenovo\git\KatalonPractitionerLevel\../../OneDrive/Dokument/Tita/Lamaran kerja/Eklipse.gg/Eklipse gg image_Left.png' is NOT present&#xa;	at com.kms.katalon.core.webui.keyword.internal.WebUIKeywordMain.stepFailed(WebUIKeywordMain.groovy:64)&#xa;	at com.kms.katalon.core.webui.keyword.builtin.VerifyImagePresentKeyword$_verifyImagePresent_closure1.doCall(VerifyImagePresentKeyword.groovy:92)&#xa;	at com.kms.katalon.core.webui.keyword.builtin.VerifyImagePresentKeyword$_verifyImagePresent_closure1.call(VerifyImagePresentKeyword.groovy)&#xa;	at com.kms.katalon.core.webui.keyword.internal.WebUIKeywordMain.runKeyword(WebUIKeywordMain.groovy:20)&#xa;	at com.kms.katalon.core.webui.keyword.builtin.VerifyImagePresentKeyword.verifyImagePresent(VerifyImagePresentKeyword.groovy:94)&#xa;	at com.kms.katalon.core.webui.keyword.builtin.VerifyImagePresentKeyword.execute(VerifyImagePresentKeyword.groovy:67)&#xa;	at com.kms.katalon.core.keyword.internal.KeywordExecutor.executeKeywordForPlatform(KeywordExecutor.groovy:74)&#xa;	at com.kms.katalon.core.webui.keyword.WebUiBuiltInKeywords.verifyImagePresent(WebUiBuiltInKeywords.groovy:2820)&#xa;	at TC001 - Verify Sign In Page.run(TC001 - Verify Sign In Page:30)&#xa;	at com.kms.katalon.core.main.ScriptEngine.run(ScriptEngine.java:194)&#xa;	at com.kms.katalon.core.main.ScriptEngine.runScriptAsRawText(ScriptEngine.java:119)&#xa;	at com.kms.katalon.core.main.TestCaseExecutor.runScript(TestCaseExecutor.java:448)&#xa;	at com.kms.katalon.core.main.TestCaseExecutor.doExecute(TestCaseExecutor.java:439)&#xa;	at com.kms.katalon.core.main.TestCaseExecutor.processExecutionPhase(TestCaseExecutor.java:418)&#xa;	at com.kms.katalon.core.main.TestCaseExecutor.accessMainPhase(TestCaseExecutor.java:410)&#xa;	at com.kms.katalon.core.main.TestCaseExecutor.execute(TestCaseExecutor.java:285)&#xa;	at com.kms.katalon.core.main.TestCaseExecutor.execute(TestCaseExecutor.java:369)&#xa;	at com.kms.katalon.core.main.TestCaseExecutor.execute(TestCaseExecutor.java:369)&#xa;	at com.kms.katalon.core.main.TestCaseExecutor.execute(TestCaseExecutor.java:369)&#xa;	at com.kms.katalon.core.common.CommonExecutor.accessTestCaseMainPhase(CommonExecutor.java:65)&#xa;	at com.kms.katalon.core.main.TestSuiteExecutor.accessTestSuiteMainPhase(TestSuiteExecutor.java:150)&#xa;	at com.kms.katalon.core.main.TestSuiteExecutor.execute(TestSuiteExecutor.java:106)&#xa;	at com.kms.katalon.core.main.TestCaseMain.startTestSuite(TestCaseMain.java:180)&#xa;	at TempTestSuite1720768100389.run(TempTestSuite1720768100389.groovy:35)&#xa;	at java.base/jdk.internal.reflect.NativeMethodAccessorImpl.invoke0(Native Method)&#xa;	at java.base/jdk.internal.reflect.NativeMethodAccessorImpl.invoke(NativeMethodAccessorImpl.java:77)&#xa;	at java.base/jdk.internal.reflect.DelegatingMethodAccessorImpl.invoke(DelegatingMethodAccessorImpl.java:43)&#xa;)&#xa;	at com.kms.katalon.core.keyword.internal.KeywordMain.stepFailed(KeywordMain.groovy:39)&#xa;	at com.kms.katalon.core.webui.keyword.internal.WebUIKeywordMain.stepFailed(WebUIKeywordMain.groovy:64)&#xa;	at com.kms.katalon.core.webui.keyword.builtin.VerifyImagePresentKeyword$_verifyImagePresent_closure1.doCall(VerifyImagePresentKeyword.groovy:92)&#xa;	at com.kms.katalon.core.webui.keyword.builtin.VerifyImagePresentKeyword$_verifyImagePresent_closure1.call(VerifyImagePresentKeyword.groovy)&#xa;	at com.kms.katalon.core.webui.keyword.internal.WebUIKeywordMain.runKeyword(WebUIKeywordMain.groovy:20)&#xa;	at com.kms.katalon.core.webui.keyword.builtin.VerifyImagePresentKeyword.verifyImagePresent(VerifyImagePresentKeyword.groovy:94)&#xa;	at com.kms.katalon.core.webui.keyword.builtin.VerifyImagePresentKeyword.execute(VerifyImagePresentKeyword.groovy:67)&#xa;	at com.kms.katalon.core.keyword.internal.KeywordExecutor.executeKeywordForPlatform(KeywordExecutor.groovy:74)&#xa;	at com.kms.katalon.core.webui.keyword.WebUiBuiltInKeywords.verifyImagePresent(WebUiBuiltInKeywords.groovy:2820)&#xa;	at TC001 - Verify Sign In Page.run(TC001 - Verify Sign In Page:30)&#xa;	at com.kms.katalon.core.main.ScriptEngine.run(ScriptEngine.java:194)&#xa;	at com.kms.katalon.core.main.ScriptEngine.runScriptAsRawText(ScriptEngine.java:119)&#xa;	at com.kms.katalon.core.main.TestCaseExecutor.runScript(TestCaseExecutor.java:448)&#xa;	at com.kms.katalon.core.main.TestCaseExecutor.doExecute(TestCaseExecutor.java:439)&#xa;	at com.kms.katalon.core.main.TestCaseExecutor.processExecutionPhase(TestCaseExecutor.java:418)&#xa;	at com.kms.katalon.core.main.TestCaseExecutor.accessMainPhase(TestCaseExecutor.java:410)&#xa;	at com.kms.katalon.core.main.TestCaseExecutor.execute(TestCaseExecutor.java:285)&#xa;	at com.kms.katalon.core.main.TestCaseExecutor.execute(TestCaseExecutor.java:369)&#xa;	at com.kms.katalon.core.main.TestCaseExecutor.execute(TestCaseExecutor.java:369)&#xa;	at com.kms.katalon.core.main.TestCaseExecutor.execute(TestCaseExecutor.java:369)&#xa;	at com.kms.katalon.core.common.CommonExecutor.accessTestCaseMainPhase(CommonExecutor.java:65)&#xa;	at com.kms.katalon.core.main.TestSuiteExecutor.accessTestSuiteMainPhase(TestSuiteExecutor.java:150)&#xa;	at com.kms.katalon.core.main.TestSuiteExecutor.execute(TestSuiteExecutor.java:106)&#xa;	at com.kms.katalon.core.main.TestCaseMain.startTestSuite(TestCaseMain.java:180)&#xa;	at TempTestSuite1720768100389.run(TempTestSuite1720768100389.groovy:35)&#xa;	at java.base/jdk.internal.reflect.NativeMethodAccessorImpl.invoke0(Native Method)&#xa;	at java.base/jdk.internal.reflect.NativeMethodAccessorImpl.invoke(NativeMethodAccessorImpl.java:77)&#xa;	at java.base/jdk.internal.reflect.DelegatingMethodAccessorImpl.invoke(DelegatingMethodAccessorImpl.java:43)&#xa;Caused by: com.kms.katalon.core.exception.StepFailedException: Image: 'C:\Users\Lenovo\git\KatalonPractitionerLevel\../../OneDrive/Dokument/Tita/Lamaran kerja/Eklipse.gg/Eklipse gg image_Left.png' is NOT present&#xa;	... 27 more&#xa;"/>
         <system-out><![CDATA[12-07-2024T14:09:15 - [TEST_CASE][FAILED] - Test Cases/Eklipse Test/Sign in and Sign Up/TC001 - Verify Sign In Page: Test Cases/Eklipse Test/Sign in and Sign Up/TC001 - Verify Sign In Page FAILED.
Reason:
com.kms.katalon.core.exception.StepFailedException: Image: 'C:\Users\Lenovo\git\KatalonPractitionerLevel\../../OneDrive/Dokument/Tita/Lamaran kerja/Eklipse.gg/Eklipse gg image_Left.png' is NOT present (Root cause: com.kms.katalon.core.exception.StepFailedException: Image: 'C:\Users\Lenovo\git\KatalonPractitionerLevel\../../OneDrive/Dokument/Tita/Lamaran kerja/Eklipse.gg/Eklipse gg image_Left.png' is NOT present
	at com.kms.katalon.core.webui.keyword.internal.WebUIKeywordMain.stepFailed(WebUIKeywordMain.groovy:64)
	at com.kms.katalon.core.webui.keyword.builtin.VerifyImagePresentKeyword$_verifyImagePresent_closure1.doCall(VerifyImagePresentKeyword.groovy:92)
	at com.kms.katalon.core.webui.keyword.builtin.VerifyImagePresentKeyword$_verifyImagePresent_closure1.call(VerifyImagePresentKeyword.groovy)
	at com.kms.katalon.core.webui.keyword.internal.WebUIKeywordMain.runKeyword(WebUIKeywordMain.groovy:20)
	at com.kms.katalon.core.webui.keyword.builtin.VerifyImagePresentKeyword.verifyImagePresent(VerifyImagePresentKeyword.groovy:94)
	at com.kms.katalon.core.webui.keyword.builtin.VerifyImagePresentKeyword.execute(VerifyImagePresentKeyword.groovy:67)
	at com.kms.katalon.core.keyword.internal.KeywordExecutor.executeKeywordForPlatform(KeywordExecutor.groovy:74)
	at com.kms.katalon.core.webui.keyword.WebUiBuiltInKeywords.verifyImagePresent(WebUiBuiltInKeywords.groovy:2820)
	at TC001 - Verify Sign In Page.run(TC001 - Verify Sign In Page:30)
	at com.kms.katalon.core.main.ScriptEngine.run(ScriptEngine.java:194)
	at com.kms.katalon.core.main.ScriptEngine.runScriptAsRawText(ScriptEngine.java:119)
	at com.kms.katalon.core.main.TestCaseExecutor.runScript(TestCaseExecutor.java:448)
	at com.kms.katalon.core.main.TestCaseExecutor.doExecute(TestCaseExecutor.java:439)
	at com.kms.katalon.core.main.TestCaseExecutor.processExecutionPhase(TestCaseExecutor.java:418)
	at com.kms.katalon.core.main.TestCaseExecutor.accessMainPhase(TestCaseExecutor.java:410)
	at com.kms.katalon.core.main.TestCaseExecutor.execute(TestCaseExecutor.java:285)
	at com.kms.katalon.core.main.TestCaseExecutor.execute(TestCaseExecutor.java:369)
	at com.kms.katalon.core.main.TestCaseExecutor.execute(TestCaseExecutor.java:369)
	at com.kms.katalon.core.main.TestCaseExecutor.execute(TestCaseExecutor.java:369)
	at com.kms.katalon.core.common.CommonExecutor.accessTestCaseMainPhase(CommonExecutor.java:65)
	at com.kms.katalon.core.main.TestSuiteExecutor.accessTestSuiteMainPhase(TestSuiteExecutor.java:150)
	at com.kms.katalon.core.main.TestSuiteExecutor.execute(TestSuiteExecutor.java:106)
	at com.kms.katalon.core.main.TestCaseMain.startTestSuite(TestCaseMain.java:180)
	at TempTestSuite1720768100389.run(TempTestSuite1720768100389.groovy:35)
	at java.base/jdk.internal.reflect.NativeMethodAccessorImpl.invoke0(Native Method)
	at java.base/jdk.internal.reflect.NativeMethodAccessorImpl.invoke(NativeMethodAccessorImpl.java:77)
	at java.base/jdk.internal.reflect.DelegatingMethodAccessorImpl.invoke(DelegatingMethodAccessorImpl.java:43)
)
	at com.kms.katalon.core.keyword.internal.KeywordMain.stepFailed(KeywordMain.groovy:39)
	at com.kms.katalon.core.webui.keyword.internal.WebUIKeywordMain.stepFailed(WebUIKeywordMain.groovy:64)
	at com.kms.katalon.core.webui.keyword.builtin.VerifyImagePresentKeyword$_verifyImagePresent_closure1.doCall(VerifyImagePresentKeyword.groovy:92)
	at com.kms.katalon.core.webui.keyword.builtin.VerifyImagePresentKeyword$_verifyImagePresent_closure1.call(VerifyImagePresentKeyword.groovy)
	at com.kms.katalon.core.webui.keyword.internal.WebUIKeywordMain.runKeyword(WebUIKeywordMain.groovy:20)
	at com.kms.katalon.core.webui.keyword.builtin.VerifyImagePresentKeyword.verifyImagePresent(VerifyImagePresentKeyword.groovy:94)
	at com.kms.katalon.core.webui.keyword.builtin.VerifyImagePresentKeyword.execute(VerifyImagePresentKeyword.groovy:67)
	at com.kms.katalon.core.keyword.internal.KeywordExecutor.executeKeywordForPlatform(KeywordExecutor.groovy:74)
	at com.kms.katalon.core.webui.keyword.WebUiBuiltInKeywords.verifyImagePresent(WebUiBuiltInKeywords.groovy:2820)
	at TC001 - Verify Sign In Page.run(TC001 - Verify Sign In Page:30)
	at com.kms.katalon.core.main.ScriptEngine.run(ScriptEngine.java:194)
	at com.kms.katalon.core.main.ScriptEngine.runScriptAsRawText(ScriptEngine.java:119)
	at com.kms.katalon.core.main.TestCaseExecutor.runScript(TestCaseExecutor.java:448)
	at com.kms.katalon.core.main.TestCaseExecutor.doExecute(TestCaseExecutor.java:439)
	at com.kms.katalon.core.main.TestCaseExecutor.processExecutionPhase(TestCaseExecutor.java:418)
	at com.kms.katalon.core.main.TestCaseExecutor.accessMainPhase(TestCaseExecutor.java:410)
	at com.kms.katalon.core.main.TestCaseExecutor.execute(TestCaseExecutor.java:285)
	at com.kms.katalon.core.main.TestCaseExecutor.execute(TestCaseExecutor.java:369)
	at com.kms.katalon.core.main.TestCaseExecutor.execute(TestCaseExecutor.java:369)
	at com.kms.katalon.core.main.TestCaseExecutor.execute(TestCaseExecutor.java:369)
	at com.kms.katalon.core.common.CommonExecutor.accessTestCaseMainPhase(CommonExecutor.java:65)
	at com.kms.katalon.core.main.TestSuiteExecutor.accessTestSuiteMainPhase(TestSuiteExecutor.java:150)
	at com.kms.katalon.core.main.TestSuiteExecutor.execute(TestSuiteExecutor.java:106)
	at com.kms.katalon.core.main.TestCaseMain.startTestSuite(TestCaseMain.java:180)
	at TempTestSuite1720768100389.run(TempTestSuite1720768100389.groovy:35)
	at java.base/jdk.internal.reflect.NativeMethodAccessorImpl.invoke0(Native Method)
	at java.base/jdk.internal.reflect.NativeMethodAccessorImpl.invoke(NativeMethodAccessorImpl.java:77)
	at java.base/jdk.internal.reflect.DelegatingMethodAccessorImpl.invoke(DelegatingMethodAccessorImpl.java:43)
Caused by: com.kms.katalon.core.exception.StepFailedException: Image: 'C:\Users\Lenovo\git\KatalonPractitionerLevel\../../OneDrive/Dokument/Tita/Lamaran kerja/Eklipse.gg/Eklipse gg image_Left.png' is NOT present
	... 27 more


12-07-2024T14:09:15 - [TEST_STEP][PASSED] - eklipse_keywords.openBrowserEklipse.main(): eklipse_keywords.openBrowserEklipse.main is PASSED

12-07-2024T14:09:15 - [MESSAGE][INFO] - Starting 'Chrome' driver

12-07-2024T14:09:15 - [MESSAGE][INFO] - Action delay is set to 0 milliseconds

12-07-2024T14:09:15 - [MESSAGE][PASSED] - Browser is opened with url: ''

12-07-2024T14:09:21 - [MESSAGE][PASSED] - Navigate to 'https://eklipse.gg/' successfully

12-07-2024T14:09:21 - [MESSAGE][PASSED] - eklipse_keywords.openBrowserEklipse.main is PASSED

12-07-2024T14:09:21 - [TEST_STEP][PASSED] - maximizeWindow(): Current window maximized

12-07-2024T14:09:21 - [MESSAGE][PASSED] - Current window maximized

12-07-2024T14:09:21 - [TEST_STEP][PASSED] - click(findTestObject("Eklipse Landing Page/Page_Eklipse - Convert Twitch Clip To TikTok, Reels,  Shorts For Free/Sign In")): Object: 'Object Repository/Eklipse Landing Page/Page_Eklipse - Convert Twitch Clip To TikTok, Reels,  Shorts For Free/Sign In' is clicked on

12-07-2024T14:09:23 - [MESSAGE][PASSED] - Object: 'Object Repository/Eklipse Landing Page/Page_Eklipse - Convert Twitch Clip To TikTok, Reels,  Shorts For Free/Sign In' is clicked on

12-07-2024T14:09:23 - [TEST_STEP][PASSED] - deleteAllCookies(): Delete all cookies successfully

12-07-2024T14:09:23 - [MESSAGE][PASSED] - Delete all cookies successfully

12-07-2024T14:09:23 - [TEST_STEP][PASSED] - takeFullPageScreenshot(): Taking screenshot successfully

12-07-2024T14:09:23 - [MESSAGE][INFO] - 0 hidden object(s)

12-07-2024T14:09:23 - [MESSAGE][PASSED] - Taking screenshot successfully
[[ATTACHMENT|C:\\Users\\Lenovo\\git\\KatalonPractitionerLevel\\Reports\\20240712_140819\\Eklipse Test suite\\TS005 - Sign In page\\20240712_140820\\1720768163650.png]]

12-07-2024T14:09:23 - [TEST_STEP][FAILED] - verifyImagePresent(findTestObject("Sign in page/Page_Eklipse/Eklipse gg image_Left"), CONTINUE_ON_FAILURE): Image: 'C:\Users\Lenovo\git\KatalonPractitionerLevel\../../OneDrive/Dokument/Tita/Lamaran kerja/Eklipse.gg/Eklipse gg image_Left.png' is NOT present (Root cause: com.kms.katalon.core.exception.StepFailedException: Image: 'C:\Users\Lenovo\git\KatalonPractitionerLevel\../../OneDrive/Dokument/Tita/Lamaran kerja/Eklipse.gg/Eklipse gg image_Left.png' is NOT present
	at com.kms.katalon.core.webui.keyword.internal.WebUIKeywordMain.stepFailed(WebUIKeywordMain.groovy:64)
	at com.kms.katalon.core.webui.keyword.builtin.VerifyImagePresentKeyword$_verifyImagePresent_closure1.doCall(VerifyImagePresentKeyword.groovy:92)
	at com.kms.katalon.core.webui.keyword.builtin.VerifyImagePresentKeyword$_verifyImagePresent_closure1.call(VerifyImagePresentKeyword.groovy)
	at com.kms.katalon.core.webui.keyword.internal.WebUIKeywordMain.runKeyword(WebUIKeywordMain.groovy:20)
	at com.kms.katalon.core.webui.keyword.builtin.VerifyImagePresentKeyword.verifyImagePresent(VerifyImagePresentKeyword.groovy:94)
	at com.kms.katalon.core.webui.keyword.builtin.VerifyImagePresentKeyword.execute(VerifyImagePresentKeyword.groovy:67)
	at com.kms.katalon.core.keyword.internal.KeywordExecutor.executeKeywordForPlatform(KeywordExecutor.groovy:74)
	at com.kms.katalon.core.webui.keyword.WebUiBuiltInKeywords.verifyImagePresent(WebUiBuiltInKeywords.groovy:2820)
	at TC001 - Verify Sign In Page.run(TC001 - Verify Sign In Page:30)
	at com.kms.katalon.core.main.ScriptEngine.run(ScriptEngine.java:194)
	at com.kms.katalon.core.main.ScriptEngine.runScriptAsRawText(ScriptEngine.java:119)
	at com.kms.katalon.core.main.TestCaseExecutor.runScript(TestCaseExecutor.java:448)
	at com.kms.katalon.core.main.TestCaseExecutor.doExecute(TestCaseExecutor.java:439)
	at com.kms.katalon.core.main.TestCaseExecutor.processExecutionPhase(TestCaseExecutor.java:418)
	at com.kms.katalon.core.main.TestCaseExecutor.accessMainPhase(TestCaseExecutor.java:410)
	at com.kms.katalon.core.main.TestCaseExecutor.execute(TestCaseExecutor.java:285)
	at com.kms.katalon.core.main.TestCaseExecutor.execute(TestCaseExecutor.java:369)
	at com.kms.katalon.core.main.TestCaseExecutor.execute(TestCaseExecutor.java:369)
	at com.kms.katalon.core.main.TestCaseExecutor.execute(TestCaseExecutor.java:369)
	at com.kms.katalon.core.common.CommonExecutor.accessTestCaseMainPhase(CommonExecutor.java:65)
	at com.kms.katalon.core.main.TestSuiteExecutor.accessTestSuiteMainPhase(TestSuiteExecutor.java:150)
	at com.kms.katalon.core.main.TestSuiteExecutor.execute(TestSuiteExecutor.java:106)
	at com.kms.katalon.core.main.TestCaseMain.startTestSuite(TestCaseMain.java:180)
	at TempTestSuite1720768100389.run(TempTestSuite1720768100389.groovy:35)
	at java.base/jdk.internal.reflect.NativeMethodAccessorImpl.invoke0(Native Method)
	at java.base/jdk.internal.reflect.NativeMethodAccessorImpl.invoke(NativeMethodAccessorImpl.java:77)
	at java.base/jdk.internal.reflect.DelegatingMethodAccessorImpl.invoke(DelegatingMethodAccessorImpl.java:43)
)

12-07-2024T14:09:24 - [MESSAGE][FAILED] - Image: 'C:\Users\Lenovo\git\KatalonPractitionerLevel\../../OneDrive/Dokument/Tita/Lamaran kerja/Eklipse.gg/Eklipse gg image_Left.png' is NOT present (Root cause: com.kms.katalon.core.exception.StepFailedException: Image: 'C:\Users\Lenovo\git\KatalonPractitionerLevel\../../OneDrive/Dokument/Tita/Lamaran kerja/Eklipse.gg/Eklipse gg image_Left.png' is NOT present
	at com.kms.katalon.core.webui.keyword.internal.WebUIKeywordMain.stepFailed(WebUIKeywordMain.groovy:64)
	at com.kms.katalon.core.webui.keyword.builtin.VerifyImagePresentKeyword$_verifyImagePresent_closure1.doCall(VerifyImagePresentKeyword.groovy:92)
	at com.kms.katalon.core.webui.keyword.builtin.VerifyImagePresentKeyword$_verifyImagePresent_closure1.call(VerifyImagePresentKeyword.groovy)
	at com.kms.katalon.core.webui.keyword.internal.WebUIKeywordMain.runKeyword(WebUIKeywordMain.groovy:20)
	at com.kms.katalon.core.webui.keyword.builtin.VerifyImagePresentKeyword.verifyImagePresent(VerifyImagePresentKeyword.groovy:94)
	at com.kms.katalon.core.webui.keyword.builtin.VerifyImagePresentKeyword.execute(VerifyImagePresentKeyword.groovy:67)
	at com.kms.katalon.core.keyword.internal.KeywordExecutor.executeKeywordForPlatform(KeywordExecutor.groovy:74)
	at com.kms.katalon.core.webui.keyword.WebUiBuiltInKeywords.verifyImagePresent(WebUiBuiltInKeywords.groovy:2820)
	at TC001 - Verify Sign In Page.run(TC001 - Verify Sign In Page:30)
	at com.kms.katalon.core.main.ScriptEngine.run(ScriptEngine.java:194)
	at com.kms.katalon.core.main.ScriptEngine.runScriptAsRawText(ScriptEngine.java:119)
	at com.kms.katalon.core.main.TestCaseExecutor.runScript(TestCaseExecutor.java:448)
	at com.kms.katalon.core.main.TestCaseExecutor.doExecute(TestCaseExecutor.java:439)
	at com.kms.katalon.core.main.TestCaseExecutor.processExecutionPhase(TestCaseExecutor.java:418)
	at com.kms.katalon.core.main.TestCaseExecutor.accessMainPhase(TestCaseExecutor.java:410)
	at com.kms.katalon.core.main.TestCaseExecutor.execute(TestCaseExecutor.java:285)
	at com.kms.katalon.core.main.TestCaseExecutor.execute(TestCaseExecutor.java:369)
	at com.kms.katalon.core.main.TestCaseExecutor.execute(TestCaseExecutor.java:369)
	at com.kms.katalon.core.main.TestCaseExecutor.execute(TestCaseExecutor.java:369)
	at com.kms.katalon.core.common.CommonExecutor.accessTestCaseMainPhase(CommonExecutor.java:65)
	at com.kms.katalon.core.main.TestSuiteExecutor.accessTestSuiteMainPhase(TestSuiteExecutor.java:150)
	at com.kms.katalon.core.main.TestSuiteExecutor.execute(TestSuiteExecutor.java:106)
	at com.kms.katalon.core.main.TestCaseMain.startTestSuite(TestCaseMain.java:180)
	at TempTestSuite1720768100389.run(TempTestSuite1720768100389.groovy:35)
	at java.base/jdk.internal.reflect.NativeMethodAccessorImpl.invoke0(Native Method)
	at java.base/jdk.internal.reflect.NativeMethodAccessorImpl.invoke(NativeMethodAccessorImpl.java:77)
	at java.base/jdk.internal.reflect.DelegatingMethodAccessorImpl.invoke(DelegatingMethodAccessorImpl.java:43)
)
[[ATTACHMENT|C:\\Users\\Lenovo\\git\\KatalonPractitionerLevel\\Reports\\20240712_140819\\Eklipse Test suite\\TS005 - Sign In page\\20240712_140820\\1720768164214.png]]

12-07-2024T14:09:24 - [TEST_STEP][FAILED] - verifyImagePresent(findTestObject("Sign in page/Page_Eklipse/Eklipse gg image_Right"), CONTINUE_ON_FAILURE): Image: 'C:\Users\Lenovo\git\KatalonPractitionerLevel\../../OneDrive/Dokument/Tita/Lamaran kerja/Eklipse.gg/Eklipse gg image_Right.png' is NOT present (Root cause: com.kms.katalon.core.exception.StepFailedException: Image: 'C:\Users\Lenovo\git\KatalonPractitionerLevel\../../OneDrive/Dokument/Tita/Lamaran kerja/Eklipse.gg/Eklipse gg image_Right.png' is NOT present
	at com.kms.katalon.core.webui.keyword.internal.WebUIKeywordMain.stepFailed(WebUIKeywordMain.groovy:64)
	at com.kms.katalon.core.webui.keyword.builtin.VerifyImagePresentKeyword$_verifyImagePresent_closure1.doCall(VerifyImagePresentKeyword.groovy:92)
	at com.kms.katalon.core.webui.keyword.builtin.VerifyImagePresentKeyword$_verifyImagePresent_closure1.call(VerifyImagePresentKeyword.groovy)
	at com.kms.katalon.core.webui.keyword.internal.WebUIKeywordMain.runKeyword(WebUIKeywordMain.groovy:20)
	at com.kms.katalon.core.webui.keyword.builtin.VerifyImagePresentKeyword.verifyImagePresent(VerifyImagePresentKeyword.groovy:94)
	at com.kms.katalon.core.webui.keyword.builtin.VerifyImagePresentKeyword.execute(VerifyImagePresentKeyword.groovy:67)
	at com.kms.katalon.core.keyword.internal.KeywordExecutor.executeKeywordForPlatform(KeywordExecutor.groovy:74)
	at com.kms.katalon.core.webui.keyword.WebUiBuiltInKeywords.verifyImagePresent(WebUiBuiltInKeywords.groovy:2820)
	at TC001 - Verify Sign In Page.run(TC001 - Verify Sign In Page:32)
	at com.kms.katalon.core.main.ScriptEngine.run(ScriptEngine.java:194)
	at com.kms.katalon.core.main.ScriptEngine.runScriptAsRawText(ScriptEngine.java:119)
	at com.kms.katalon.core.main.TestCaseExecutor.runScript(TestCaseExecutor.java:448)
	at com.kms.katalon.core.main.TestCaseExecutor.doExecute(TestCaseExecutor.java:439)
	at com.kms.katalon.core.main.TestCaseExecutor.processExecutionPhase(TestCaseExecutor.java:418)
	at com.kms.katalon.core.main.TestCaseExecutor.accessMainPhase(TestCaseExecutor.java:410)
	at com.kms.katalon.core.main.TestCaseExecutor.execute(TestCaseExecutor.java:285)
	at com.kms.katalon.core.main.TestCaseExecutor.execute(TestCaseExecutor.java:369)
	at com.kms.katalon.core.main.TestCaseExecutor.execute(TestCaseExecutor.java:369)
	at com.kms.katalon.core.main.TestCaseExecutor.execute(TestCaseExecutor.java:369)
	at com.kms.katalon.core.common.CommonExecutor.accessTestCaseMainPhase(CommonExecutor.java:65)
	at com.kms.katalon.core.main.TestSuiteExecutor.accessTestSuiteMainPhase(TestSuiteExecutor.java:150)
	at com.kms.katalon.core.main.TestSuiteExecutor.execute(TestSuiteExecutor.java:106)
	at com.kms.katalon.core.main.TestCaseMain.startTestSuite(TestCaseMain.java:180)
	at TempTestSuite1720768100389.run(TempTestSuite1720768100389.groovy:35)
	at java.base/jdk.internal.reflect.NativeMethodAccessorImpl.invoke0(Native Method)
	at java.base/jdk.internal.reflect.NativeMethodAccessorImpl.invoke(NativeMethodAccessorImpl.java:77)
	at java.base/jdk.internal.reflect.DelegatingMethodAccessorImpl.invoke(DelegatingMethodAccessorImpl.java:43)
)

12-07-2024T14:09:24 - [MESSAGE][FAILED] - Image: 'C:\Users\Lenovo\git\KatalonPractitionerLevel\../../OneDrive/Dokument/Tita/Lamaran kerja/Eklipse.gg/Eklipse gg image_Right.png' is NOT present (Root cause: com.kms.katalon.core.exception.StepFailedException: Image: 'C:\Users\Lenovo\git\KatalonPractitionerLevel\../../OneDrive/Dokument/Tita/Lamaran kerja/Eklipse.gg/Eklipse gg image_Right.png' is NOT present
	at com.kms.katalon.core.webui.keyword.internal.WebUIKeywordMain.stepFailed(WebUIKeywordMain.groovy:64)
	at com.kms.katalon.core.webui.keyword.builtin.VerifyImagePresentKeyword$_verifyImagePresent_closure1.doCall(VerifyImagePresentKeyword.groovy:92)
	at com.kms.katalon.core.webui.keyword.builtin.VerifyImagePresentKeyword$_verifyImagePresent_closure1.call(VerifyImagePresentKeyword.groovy)
	at com.kms.katalon.core.webui.keyword.internal.WebUIKeywordMain.runKeyword(WebUIKeywordMain.groovy:20)
	at com.kms.katalon.core.webui.keyword.builtin.VerifyImagePresentKeyword.verifyImagePresent(VerifyImagePresentKeyword.groovy:94)
	at com.kms.katalon.core.webui.keyword.builtin.VerifyImagePresentKeyword.execute(VerifyImagePresentKeyword.groovy:67)
	at com.kms.katalon.core.keyword.internal.KeywordExecutor.executeKeywordForPlatform(KeywordExecutor.groovy:74)
	at com.kms.katalon.core.webui.keyword.WebUiBuiltInKeywords.verifyImagePresent(WebUiBuiltInKeywords.groovy:2820)
	at TC001 - Verify Sign In Page.run(TC001 - Verify Sign In Page:32)
	at com.kms.katalon.core.main.ScriptEngine.run(ScriptEngine.java:194)
	at com.kms.katalon.core.main.ScriptEngine.runScriptAsRawText(ScriptEngine.java:119)
	at com.kms.katalon.core.main.TestCaseExecutor.runScript(TestCaseExecutor.java:448)
	at com.kms.katalon.core.main.TestCaseExecutor.doExecute(TestCaseExecutor.java:439)
	at com.kms.katalon.core.main.TestCaseExecutor.processExecutionPhase(TestCaseExecutor.java:418)
	at com.kms.katalon.core.main.TestCaseExecutor.accessMainPhase(TestCaseExecutor.java:410)
	at com.kms.katalon.core.main.TestCaseExecutor.execute(TestCaseExecutor.java:285)
	at com.kms.katalon.core.main.TestCaseExecutor.execute(TestCaseExecutor.java:369)
	at com.kms.katalon.core.main.TestCaseExecutor.execute(TestCaseExecutor.java:369)
	at com.kms.katalon.core.main.TestCaseExecutor.execute(TestCaseExecutor.java:369)
	at com.kms.katalon.core.common.CommonExecutor.accessTestCaseMainPhase(CommonExecutor.java:65)
	at com.kms.katalon.core.main.TestSuiteExecutor.accessTestSuiteMainPhase(TestSuiteExecutor.java:150)
	at com.kms.katalon.core.main.TestSuiteExecutor.execute(TestSuiteExecutor.java:106)
	at com.kms.katalon.core.main.TestCaseMain.startTestSuite(TestCaseMain.java:180)
	at TempTestSuite1720768100389.run(TempTestSuite1720768100389.groovy:35)
	at java.base/jdk.internal.reflect.NativeMethodAccessorImpl.invoke0(Native Method)
	at java.base/jdk.internal.reflect.NativeMethodAccessorImpl.invoke(NativeMethodAccessorImpl.java:77)
	at java.base/jdk.internal.reflect.DelegatingMethodAccessorImpl.invoke(DelegatingMethodAccessorImpl.java:43)
)
[[ATTACHMENT|C:\\Users\\Lenovo\\git\\KatalonPractitionerLevel\\Reports\\20240712_140819\\Eklipse Test suite\\TS005 - Sign In page\\20240712_140820\\1720768164576.png]]

12-07-2024T14:09:24 - [TEST_STEP][PASSED] - verifyElementPresent(findTestObject("Sign in page/Page_Eklipse/Easily get highlights, edits, and share Text"), 0): Object 'Object Repository/Sign in page/Page_Eklipse/Easily get highlights, edits, and share Text' is present

12-07-2024T14:09:24 - [MESSAGE][WARNING] - Timeout '0' is invalid. Using default page load timeout: '30'

12-07-2024T14:09:24 - [MESSAGE][PASSED] - Object 'Object Repository/Sign in page/Page_Eklipse/Easily get highlights, edits, and share Text' is present

12-07-2024T14:09:24 - [TEST_STEP][PASSED] - verifyElementPresent(findTestObject("Sign in page/Page_Eklipse/Automate highlights from Twitch, YouTub Text"), 0): Object 'Object Repository/Sign in page/Page_Eklipse/Automate highlights from Twitch, YouTub Text' is present

12-07-2024T14:09:24 - [MESSAGE][WARNING] - Timeout '0' is invalid. Using default page load timeout: '30'

12-07-2024T14:09:25 - [MESSAGE][PASSED] - Object 'Object Repository/Sign in page/Page_Eklipse/Automate highlights from Twitch, YouTub Text' is present

12-07-2024T14:09:25 - [TEST_STEP][PASSED] - verifyElementPresent(findTestObject("Sign in page/Page_Eklipse/Edit highlights into shareable clips Text"), 0): Object 'Object Repository/Sign in page/Page_Eklipse/Edit highlights into shareable clips Text' is present

12-07-2024T14:09:25 - [MESSAGE][WARNING] - Timeout '0' is invalid. Using default page load timeout: '30'

12-07-2024T14:09:25 - [MESSAGE][PASSED] - Object 'Object Repository/Sign in page/Page_Eklipse/Edit highlights into shareable clips Text' is present

12-07-2024T14:09:25 - [TEST_STEP][PASSED] - verifyElementPresent(findTestObject("Sign in page/Page_Eklipse/Publish everything at once and boost Text"), 0): Object 'Object Repository/Sign in page/Page_Eklipse/Publish everything at once and boost Text' is present

12-07-2024T14:09:25 - [MESSAGE][WARNING] - Timeout '0' is invalid. Using default page load timeout: '30'

12-07-2024T14:09:25 - [MESSAGE][PASSED] - Object 'Object Repository/Sign in page/Page_Eklipse/Publish everything at once and boost Text' is present

12-07-2024T14:09:25 - [TEST_STEP][PASSED] - verifyElementPresent(findTestObject("Sign in page/Page_Eklipse/Welcome back Text"), 0): Object 'Object Repository/Sign in page/Page_Eklipse/Welcome back Text' is present

12-07-2024T14:09:25 - [MESSAGE][WARNING] - Timeout '0' is invalid. Using default page load timeout: '30'

12-07-2024T14:09:25 - [MESSAGE][PASSED] - Object 'Object Repository/Sign in page/Page_Eklipse/Welcome back Text' is present

12-07-2024T14:09:25 - [TEST_STEP][PASSED] - verifyElementPresent(findTestObject("Sign in page/Page_Eklipse/Continue with Label"), 0): Object 'Object Repository/Sign in page/Page_Eklipse/Continue with Label' is present

12-07-2024T14:09:25 - [MESSAGE][WARNING] - Timeout '0' is invalid. Using default page load timeout: '30'

12-07-2024T14:09:26 - [MESSAGE][PASSED] - Object 'Object Repository/Sign in page/Page_Eklipse/Continue with Label' is present

12-07-2024T14:09:26 - [TEST_STEP][PASSED] - verifyElementClickable(findTestObject("Sign in page/Page_Eklipse/Continue with twitch button"), STOP_ON_FAILURE): Object 'Object Repository/Sign in page/Page_Eklipse/Continue with twitch button' is clickable

12-07-2024T14:09:26 - [MESSAGE][PASSED] - Object 'Object Repository/Sign in page/Page_Eklipse/Continue with twitch button' is clickable

12-07-2024T14:09:26 - [TEST_STEP][PASSED] - verifyElementClickable(findTestObject("Sign in page/Page_Eklipse/Continue with_bg-white"), STOP_ON_FAILURE): Object 'Object Repository/Sign in page/Page_Eklipse/Continue with_bg-white' is clickable

12-07-2024T14:09:26 - [MESSAGE][PASSED] - Object 'Object Repository/Sign in page/Page_Eklipse/Continue with_bg-white' is clickable

12-07-2024T14:09:26 - [TEST_STEP][PASSED] - verifyElementClickable(findTestObject("Sign in page/Page_Eklipse/Continue with_btn-google nic-google"), STOP_ON_FAILURE): Object 'Object Repository/Sign in page/Page_Eklipse/Continue with_btn-google nic-google' is clickable

12-07-2024T14:09:26 - [MESSAGE][PASSED] - Object 'Object Repository/Sign in page/Page_Eklipse/Continue with_btn-google nic-google' is clickable

12-07-2024T14:09:26 - [TEST_STEP][PASSED] - verifyElementClickable(findTestObject("Sign in page/Page_Eklipse/Continue with_kep-login-facebook metro"), STOP_ON_FAILURE): Object 'Object Repository/Sign in page/Page_Eklipse/Continue with_kep-login-facebook metro' is clickable

12-07-2024T14:09:27 - [MESSAGE][PASSED] - Object 'Object Repository/Sign in page/Page_Eklipse/Continue with_kep-login-facebook metro' is clickable

12-07-2024T14:09:27 - [TEST_STEP][PASSED] - verifyElementClickable(findTestObject("Sign in page/Page_Eklipse/button_Forgot your password"), STOP_ON_FAILURE): Object 'Object Repository/Sign in page/Page_Eklipse/button_Forgot your password' is clickable

12-07-2024T14:09:27 - [MESSAGE][PASSED] - Object 'Object Repository/Sign in page/Page_Eklipse/button_Forgot your password' is clickable

12-07-2024T14:09:27 - [TEST_STEP][PASSED] - verifyElementClickable(findTestObject("Sign in page/Page_Eklipse/button_Sign In"), STOP_ON_FAILURE): Object 'Object Repository/Sign in page/Page_Eklipse/button_Sign In' is clickable

12-07-2024T14:09:27 - [MESSAGE][PASSED] - Object 'Object Repository/Sign in page/Page_Eklipse/button_Sign In' is clickable

12-07-2024T14:09:27 - [TEST_STEP][PASSED] - verifyElementClickable(findTestObject("Sign in page/Page_Eklipse/button_Sign Up"), STOP_ON_FAILURE): Object 'Object Repository/Sign in page/Page_Eklipse/button_Sign Up' is clickable

12-07-2024T14:09:28 - [MESSAGE][PASSED] - Object 'Object Repository/Sign in page/Page_Eklipse/button_Sign Up' is clickable

12-07-2024T14:09:28 - [TEST_STEP][PASSED] - verifyElementClickable(findTestObject("Sign in page/Page_Eklipse/button_Reject"), STOP_ON_FAILURE): Object 'Object Repository/Sign in page/Page_Eklipse/button_Reject' is clickable

12-07-2024T14:09:28 - [MESSAGE][PASSED] - Object 'Object Repository/Sign in page/Page_Eklipse/button_Reject' is clickable

12-07-2024T14:09:28 - [TEST_STEP][PASSED] - verifyElementClickable(findTestObject("Sign in page/Page_Eklipse/button_Accept"), STOP_ON_FAILURE): Object 'Object Repository/Sign in page/Page_Eklipse/button_Accept' is clickable

12-07-2024T14:09:28 - [MESSAGE][PASSED] - Object 'Object Repository/Sign in page/Page_Eklipse/button_Accept' is clickable

12-07-2024T14:09:28 - [TEST_STEP][PASSED] - verifyElementClickable(findTestObject("Sign in page/Page_Eklipse/Privacy Policy"), STOP_ON_FAILURE): Object 'Object Repository/Sign in page/Page_Eklipse/Privacy Policy' is clickable

12-07-2024T14:09:28 - [MESSAGE][PASSED] - Object 'Object Repository/Sign in page/Page_Eklipse/Privacy Policy' is clickable

12-07-2024T14:09:28 - [TEST_STEP][PASSED] - verifyElementClickable(findTestObject("Sign in page/Page_Eklipse/Close cookie"), STOP_ON_FAILURE): Object 'Object Repository/Sign in page/Page_Eklipse/Close cookie' is clickable

12-07-2024T14:09:29 - [MESSAGE][PASSED] - Object 'Object Repository/Sign in page/Page_Eklipse/Close cookie' is clickable

12-07-2024T14:09:29 - [TEST_STEP][PASSED] - closeBrowser(): Browser is closed

12-07-2024T14:09:29 - [MESSAGE][PASSED] - Browser is closed]]></system-out>
         <system-err><![CDATA[12-07-2024T14:09:15 - [TEST_CASE][FAILED] - Test Cases/Eklipse Test/Sign in and Sign Up/TC001 - Verify Sign In Page: Test Cases/Eklipse Test/Sign in and Sign Up/TC001 - Verify Sign In Page FAILED.
Reason:
com.kms.katalon.core.exception.StepFailedException: Image: 'C:\Users\Lenovo\git\KatalonPractitionerLevel\../../OneDrive/Dokument/Tita/Lamaran kerja/Eklipse.gg/Eklipse gg image_Left.png' is NOT present (Root cause: com.kms.katalon.core.exception.StepFailedException: Image: 'C:\Users\Lenovo\git\KatalonPractitionerLevel\../../OneDrive/Dokument/Tita/Lamaran kerja/Eklipse.gg/Eklipse gg image_Left.png' is NOT present
	at com.kms.katalon.core.webui.keyword.internal.WebUIKeywordMain.stepFailed(WebUIKeywordMain.groovy:64)
	at com.kms.katalon.core.webui.keyword.builtin.VerifyImagePresentKeyword$_verifyImagePresent_closure1.doCall(VerifyImagePresentKeyword.groovy:92)
	at com.kms.katalon.core.webui.keyword.builtin.VerifyImagePresentKeyword$_verifyImagePresent_closure1.call(VerifyImagePresentKeyword.groovy)
	at com.kms.katalon.core.webui.keyword.internal.WebUIKeywordMain.runKeyword(WebUIKeywordMain.groovy:20)
	at com.kms.katalon.core.webui.keyword.builtin.VerifyImagePresentKeyword.verifyImagePresent(VerifyImagePresentKeyword.groovy:94)
	at com.kms.katalon.core.webui.keyword.builtin.VerifyImagePresentKeyword.execute(VerifyImagePresentKeyword.groovy:67)
	at com.kms.katalon.core.keyword.internal.KeywordExecutor.executeKeywordForPlatform(KeywordExecutor.groovy:74)
	at com.kms.katalon.core.webui.keyword.WebUiBuiltInKeywords.verifyImagePresent(WebUiBuiltInKeywords.groovy:2820)
	at TC001 - Verify Sign In Page.run(TC001 - Verify Sign In Page:30)
	at com.kms.katalon.core.main.ScriptEngine.run(ScriptEngine.java:194)
	at com.kms.katalon.core.main.ScriptEngine.runScriptAsRawText(ScriptEngine.java:119)
	at com.kms.katalon.core.main.TestCaseExecutor.runScript(TestCaseExecutor.java:448)
	at com.kms.katalon.core.main.TestCaseExecutor.doExecute(TestCaseExecutor.java:439)
	at com.kms.katalon.core.main.TestCaseExecutor.processExecutionPhase(TestCaseExecutor.java:418)
	at com.kms.katalon.core.main.TestCaseExecutor.accessMainPhase(TestCaseExecutor.java:410)
	at com.kms.katalon.core.main.TestCaseExecutor.execute(TestCaseExecutor.java:285)
	at com.kms.katalon.core.main.TestCaseExecutor.execute(TestCaseExecutor.java:369)
	at com.kms.katalon.core.main.TestCaseExecutor.execute(TestCaseExecutor.java:369)
	at com.kms.katalon.core.main.TestCaseExecutor.execute(TestCaseExecutor.java:369)
	at com.kms.katalon.core.common.CommonExecutor.accessTestCaseMainPhase(CommonExecutor.java:65)
	at com.kms.katalon.core.main.TestSuiteExecutor.accessTestSuiteMainPhase(TestSuiteExecutor.java:150)
	at com.kms.katalon.core.main.TestSuiteExecutor.execute(TestSuiteExecutor.java:106)
	at com.kms.katalon.core.main.TestCaseMain.startTestSuite(TestCaseMain.java:180)
	at TempTestSuite1720768100389.run(TempTestSuite1720768100389.groovy:35)
	at java.base/jdk.internal.reflect.NativeMethodAccessorImpl.invoke0(Native Method)
	at java.base/jdk.internal.reflect.NativeMethodAccessorImpl.invoke(NativeMethodAccessorImpl.java:77)
	at java.base/jdk.internal.reflect.DelegatingMethodAccessorImpl.invoke(DelegatingMethodAccessorImpl.java:43)
)
	at com.kms.katalon.core.keyword.internal.KeywordMain.stepFailed(KeywordMain.groovy:39)
	at com.kms.katalon.core.webui.keyword.internal.WebUIKeywordMain.stepFailed(WebUIKeywordMain.groovy:64)
	at com.kms.katalon.core.webui.keyword.builtin.VerifyImagePresentKeyword$_verifyImagePresent_closure1.doCall(VerifyImagePresentKeyword.groovy:92)
	at com.kms.katalon.core.webui.keyword.builtin.VerifyImagePresentKeyword$_verifyImagePresent_closure1.call(VerifyImagePresentKeyword.groovy)
	at com.kms.katalon.core.webui.keyword.internal.WebUIKeywordMain.runKeyword(WebUIKeywordMain.groovy:20)
	at com.kms.katalon.core.webui.keyword.builtin.VerifyImagePresentKeyword.verifyImagePresent(VerifyImagePresentKeyword.groovy:94)
	at com.kms.katalon.core.webui.keyword.builtin.VerifyImagePresentKeyword.execute(VerifyImagePresentKeyword.groovy:67)
	at com.kms.katalon.core.keyword.internal.KeywordExecutor.executeKeywordForPlatform(KeywordExecutor.groovy:74)
	at com.kms.katalon.core.webui.keyword.WebUiBuiltInKeywords.verifyImagePresent(WebUiBuiltInKeywords.groovy:2820)
	at TC001 - Verify Sign In Page.run(TC001 - Verify Sign In Page:30)
	at com.kms.katalon.core.main.ScriptEngine.run(ScriptEngine.java:194)
	at com.kms.katalon.core.main.ScriptEngine.runScriptAsRawText(ScriptEngine.java:119)
	at com.kms.katalon.core.main.TestCaseExecutor.runScript(TestCaseExecutor.java:448)
	at com.kms.katalon.core.main.TestCaseExecutor.doExecute(TestCaseExecutor.java:439)
	at com.kms.katalon.core.main.TestCaseExecutor.processExecutionPhase(TestCaseExecutor.java:418)
	at com.kms.katalon.core.main.TestCaseExecutor.accessMainPhase(TestCaseExecutor.java:410)
	at com.kms.katalon.core.main.TestCaseExecutor.execute(TestCaseExecutor.java:285)
	at com.kms.katalon.core.main.TestCaseExecutor.execute(TestCaseExecutor.java:369)
	at com.kms.katalon.core.main.TestCaseExecutor.execute(TestCaseExecutor.java:369)
	at com.kms.katalon.core.main.TestCaseExecutor.execute(TestCaseExecutor.java:369)
	at com.kms.katalon.core.common.CommonExecutor.accessTestCaseMainPhase(CommonExecutor.java:65)
	at com.kms.katalon.core.main.TestSuiteExecutor.accessTestSuiteMainPhase(TestSuiteExecutor.java:150)
	at com.kms.katalon.core.main.TestSuiteExecutor.execute(TestSuiteExecutor.java:106)
	at com.kms.katalon.core.main.TestCaseMain.startTestSuite(TestCaseMain.java:180)
	at TempTestSuite1720768100389.run(TempTestSuite1720768100389.groovy:35)
	at java.base/jdk.internal.reflect.NativeMethodAccessorImpl.invoke0(Native Method)
	at java.base/jdk.internal.reflect.NativeMethodAccessorImpl.invoke(NativeMethodAccessorImpl.java:77)
	at java.base/jdk.internal.reflect.DelegatingMethodAccessorImpl.invoke(DelegatingMethodAccessorImpl.java:43)
Caused by: com.kms.katalon.core.exception.StepFailedException: Image: 'C:\Users\Lenovo\git\KatalonPractitionerLevel\../../OneDrive/Dokument/Tita/Lamaran kerja/Eklipse.gg/Eklipse gg image_Left.png' is NOT present
	... 27 more]]></system-err>
      </testcase>
      <system-out><![CDATA[12-07-2024T14:08:25 - [TEST_SUITE][FAILED] - TS005 - Sign In page: Test Cases/Eklipse Test/Sign in and Sign Up/TC001 - Verify Sign In Page FAILED.
Reason:
com.kms.katalon.core.exception.StepFailedException: Image: 'C:\Users\Lenovo\git\KatalonPractitionerLevel\../../OneDrive/Dokument/Tita/Lamaran kerja/Eklipse.gg/Eklipse gg image_Left.png' is NOT present (Root cause: com.kms.katalon.core.exception.StepFailedException: Image: 'C:\Users\Lenovo\git\KatalonPractitionerLevel\../../OneDrive/Dokument/Tita/Lamaran kerja/Eklipse.gg/Eklipse gg image_Left.png' is NOT present
	at com.kms.katalon.core.webui.keyword.internal.WebUIKeywordMain.stepFailed(WebUIKeywordMain.groovy:64)
	at com.kms.katalon.core.webui.keyword.builtin.VerifyImagePresentKeyword$_verifyImagePresent_closure1.doCall(VerifyImagePresentKeyword.groovy:92)
	at com.kms.katalon.core.webui.keyword.builtin.VerifyImagePresentKeyword$_verifyImagePresent_closure1.call(VerifyImagePresentKeyword.groovy)
	at com.kms.katalon.core.webui.keyword.internal.WebUIKeywordMain.runKeyword(WebUIKeywordMain.groovy:20)
	at com.kms.katalon.core.webui.keyword.builtin.VerifyImagePresentKeyword.verifyImagePresent(VerifyImagePresentKeyword.groovy:94)
	at com.kms.katalon.core.webui.keyword.builtin.VerifyImagePresentKeyword.execute(VerifyImagePresentKeyword.groovy:67)
	at com.kms.katalon.core.keyword.internal.KeywordExecutor.executeKeywordForPlatform(KeywordExecutor.groovy:74)
	at com.kms.katalon.core.webui.keyword.WebUiBuiltInKeywords.verifyImagePresent(WebUiBuiltInKeywords.groovy:2820)
	at TC001 - Verify Sign In Page.run(TC001 - Verify Sign In Page:30)
	at com.kms.katalon.core.main.ScriptEngine.run(ScriptEngine.java:194)
	at com.kms.katalon.core.main.ScriptEngine.runScriptAsRawText(ScriptEngine.java:119)
	at com.kms.katalon.core.main.TestCaseExecutor.runScript(TestCaseExecutor.java:448)
	at com.kms.katalon.core.main.TestCaseExecutor.doExecute(TestCaseExecutor.java:439)
	at com.kms.katalon.core.main.TestCaseExecutor.processExecutionPhase(TestCaseExecutor.java:418)
	at com.kms.katalon.core.main.TestCaseExecutor.accessMainPhase(TestCaseExecutor.java:410)
	at com.kms.katalon.core.main.TestCaseExecutor.execute(TestCaseExecutor.java:285)
	at com.kms.katalon.core.common.CommonExecutor.accessTestCaseMainPhase(CommonExecutor.java:65)
	at com.kms.katalon.core.main.TestSuiteExecutor.accessTestSuiteMainPhase(TestSuiteExecutor.java:150)
	at com.kms.katalon.core.main.TestSuiteExecutor.execute(TestSuiteExecutor.java:106)
	at com.kms.katalon.core.main.TestCaseMain.startTestSuite(TestCaseMain.java:180)
	at TempTestSuite1720768100389.run(TempTestSuite1720768100389.groovy:35)
	at java.base/jdk.internal.reflect.NativeMethodAccessorImpl.invoke0(Native Method)
	at java.base/jdk.internal.reflect.NativeMethodAccessorImpl.invoke(NativeMethodAccessorImpl.java:77)
	at java.base/jdk.internal.reflect.DelegatingMethodAccessorImpl.invoke(DelegatingMethodAccessorImpl.java:43)
)
	at com.kms.katalon.core.keyword.internal.KeywordMain.stepFailed(KeywordMain.groovy:39)
	at com.kms.katalon.core.webui.keyword.internal.WebUIKeywordMain.stepFailed(WebUIKeywordMain.groovy:64)
	at com.kms.katalon.core.webui.keyword.builtin.VerifyImagePresentKeyword$_verifyImagePresent_closure1.doCall(VerifyImagePresentKeyword.groovy:92)
	at com.kms.katalon.core.webui.keyword.builtin.VerifyImagePresentKeyword$_verifyImagePresent_closure1.call(VerifyImagePresentKeyword.groovy)
	at com.kms.katalon.core.webui.keyword.internal.WebUIKeywordMain.runKeyword(WebUIKeywordMain.groovy:20)
	at com.kms.katalon.core.webui.keyword.builtin.VerifyImagePresentKeyword.verifyImagePresent(VerifyImagePresentKeyword.groovy:94)
	at com.kms.katalon.core.webui.keyword.builtin.VerifyImagePresentKeyword.execute(VerifyImagePresentKeyword.groovy:67)
	at com.kms.katalon.core.keyword.internal.KeywordExecutor.executeKeywordForPlatform(KeywordExecutor.groovy:74)
	at com.kms.katalon.core.webui.keyword.WebUiBuiltInKeywords.verifyImagePresent(WebUiBuiltInKeywords.groovy:2820)
	at TC001 - Verify Sign In Page.run(TC001 - Verify Sign In Page:30)
	at com.kms.katalon.core.main.ScriptEngine.run(ScriptEngine.java:194)
	at com.kms.katalon.core.main.ScriptEngine.runScriptAsRawText(ScriptEngine.java:119)
	at com.kms.katalon.core.main.TestCaseExecutor.runScript(TestCaseExecutor.java:448)
	at com.kms.katalon.core.main.TestCaseExecutor.doExecute(TestCaseExecutor.java:439)
	at com.kms.katalon.core.main.TestCaseExecutor.processExecutionPhase(TestCaseExecutor.java:418)
	at com.kms.katalon.core.main.TestCaseExecutor.accessMainPhase(TestCaseExecutor.java:410)
	at com.kms.katalon.core.main.TestCaseExecutor.execute(TestCaseExecutor.java:285)
	at com.kms.katalon.core.common.CommonExecutor.accessTestCaseMainPhase(CommonExecutor.java:65)
	at com.kms.katalon.core.main.TestSuiteExecutor.accessTestSuiteMainPhase(TestSuiteExecutor.java:150)
	at com.kms.katalon.core.main.TestSuiteExecutor.execute(TestSuiteExecutor.java:106)
	at com.kms.katalon.core.main.TestCaseMain.startTestSuite(TestCaseMain.java:180)
	at TempTestSuite1720768100389.run(TempTestSuite1720768100389.groovy:35)
	at java.base/jdk.internal.reflect.NativeMethodAccessorImpl.invoke0(Native Method)
	at java.base/jdk.internal.reflect.NativeMethodAccessorImpl.invoke(NativeMethodAccessorImpl.java:77)
	at java.base/jdk.internal.reflect.DelegatingMethodAccessorImpl.invoke(DelegatingMethodAccessorImpl.java:43)
Caused by: com.kms.katalon.core.exception.StepFailedException: Image: 'C:\Users\Lenovo\git\KatalonPractitionerLevel\../../OneDrive/Dokument/Tita/Lamaran kerja/Eklipse.gg/Eklipse gg image_Left.png' is NOT present
	... 24 more]]></system-out>
      <system-err><![CDATA[12-07-2024T14:08:25 - [TEST_SUITE][FAILED] - TS005 - Sign In page: Test Cases/Eklipse Test/Sign in and Sign Up/TC001 - Verify Sign In Page FAILED.
Reason:
com.kms.katalon.core.exception.StepFailedException: Image: 'C:\Users\Lenovo\git\KatalonPractitionerLevel\../../OneDrive/Dokument/Tita/Lamaran kerja/Eklipse.gg/Eklipse gg image_Left.png' is NOT present (Root cause: com.kms.katalon.core.exception.StepFailedException: Image: 'C:\Users\Lenovo\git\KatalonPractitionerLevel\../../OneDrive/Dokument/Tita/Lamaran kerja/Eklipse.gg/Eklipse gg image_Left.png' is NOT present
	at com.kms.katalon.core.webui.keyword.internal.WebUIKeywordMain.stepFailed(WebUIKeywordMain.groovy:64)
	at com.kms.katalon.core.webui.keyword.builtin.VerifyImagePresentKeyword$_verifyImagePresent_closure1.doCall(VerifyImagePresentKeyword.groovy:92)
	at com.kms.katalon.core.webui.keyword.builtin.VerifyImagePresentKeyword$_verifyImagePresent_closure1.call(VerifyImagePresentKeyword.groovy)
	at com.kms.katalon.core.webui.keyword.internal.WebUIKeywordMain.runKeyword(WebUIKeywordMain.groovy:20)
	at com.kms.katalon.core.webui.keyword.builtin.VerifyImagePresentKeyword.verifyImagePresent(VerifyImagePresentKeyword.groovy:94)
	at com.kms.katalon.core.webui.keyword.builtin.VerifyImagePresentKeyword.execute(VerifyImagePresentKeyword.groovy:67)
	at com.kms.katalon.core.keyword.internal.KeywordExecutor.executeKeywordForPlatform(KeywordExecutor.groovy:74)
	at com.kms.katalon.core.webui.keyword.WebUiBuiltInKeywords.verifyImagePresent(WebUiBuiltInKeywords.groovy:2820)
	at TC001 - Verify Sign In Page.run(TC001 - Verify Sign In Page:30)
	at com.kms.katalon.core.main.ScriptEngine.run(ScriptEngine.java:194)
	at com.kms.katalon.core.main.ScriptEngine.runScriptAsRawText(ScriptEngine.java:119)
	at com.kms.katalon.core.main.TestCaseExecutor.runScript(TestCaseExecutor.java:448)
	at com.kms.katalon.core.main.TestCaseExecutor.doExecute(TestCaseExecutor.java:439)
	at com.kms.katalon.core.main.TestCaseExecutor.processExecutionPhase(TestCaseExecutor.java:418)
	at com.kms.katalon.core.main.TestCaseExecutor.accessMainPhase(TestCaseExecutor.java:410)
	at com.kms.katalon.core.main.TestCaseExecutor.execute(TestCaseExecutor.java:285)
	at com.kms.katalon.core.common.CommonExecutor.accessTestCaseMainPhase(CommonExecutor.java:65)
	at com.kms.katalon.core.main.TestSuiteExecutor.accessTestSuiteMainPhase(TestSuiteExecutor.java:150)
	at com.kms.katalon.core.main.TestSuiteExecutor.execute(TestSuiteExecutor.java:106)
	at com.kms.katalon.core.main.TestCaseMain.startTestSuite(TestCaseMain.java:180)
	at TempTestSuite1720768100389.run(TempTestSuite1720768100389.groovy:35)
	at java.base/jdk.internal.reflect.NativeMethodAccessorImpl.invoke0(Native Method)
	at java.base/jdk.internal.reflect.NativeMethodAccessorImpl.invoke(NativeMethodAccessorImpl.java:77)
	at java.base/jdk.internal.reflect.DelegatingMethodAccessorImpl.invoke(DelegatingMethodAccessorImpl.java:43)
)
	at com.kms.katalon.core.keyword.internal.KeywordMain.stepFailed(KeywordMain.groovy:39)
	at com.kms.katalon.core.webui.keyword.internal.WebUIKeywordMain.stepFailed(WebUIKeywordMain.groovy:64)
	at com.kms.katalon.core.webui.keyword.builtin.VerifyImagePresentKeyword$_verifyImagePresent_closure1.doCall(VerifyImagePresentKeyword.groovy:92)
	at com.kms.katalon.core.webui.keyword.builtin.VerifyImagePresentKeyword$_verifyImagePresent_closure1.call(VerifyImagePresentKeyword.groovy)
	at com.kms.katalon.core.webui.keyword.internal.WebUIKeywordMain.runKeyword(WebUIKeywordMain.groovy:20)
	at com.kms.katalon.core.webui.keyword.builtin.VerifyImagePresentKeyword.verifyImagePresent(VerifyImagePresentKeyword.groovy:94)
	at com.kms.katalon.core.webui.keyword.builtin.VerifyImagePresentKeyword.execute(VerifyImagePresentKeyword.groovy:67)
	at com.kms.katalon.core.keyword.internal.KeywordExecutor.executeKeywordForPlatform(KeywordExecutor.groovy:74)
	at com.kms.katalon.core.webui.keyword.WebUiBuiltInKeywords.verifyImagePresent(WebUiBuiltInKeywords.groovy:2820)
	at TC001 - Verify Sign In Page.run(TC001 - Verify Sign In Page:30)
	at com.kms.katalon.core.main.ScriptEngine.run(ScriptEngine.java:194)
	at com.kms.katalon.core.main.ScriptEngine.runScriptAsRawText(ScriptEngine.java:119)
	at com.kms.katalon.core.main.TestCaseExecutor.runScript(TestCaseExecutor.java:448)
	at com.kms.katalon.core.main.TestCaseExecutor.doExecute(TestCaseExecutor.java:439)
	at com.kms.katalon.core.main.TestCaseExecutor.processExecutionPhase(TestCaseExecutor.java:418)
	at com.kms.katalon.core.main.TestCaseExecutor.accessMainPhase(TestCaseExecutor.java:410)
	at com.kms.katalon.core.main.TestCaseExecutor.execute(TestCaseExecutor.java:285)
	at com.kms.katalon.core.common.CommonExecutor.accessTestCaseMainPhase(CommonExecutor.java:65)
	at com.kms.katalon.core.main.TestSuiteExecutor.accessTestSuiteMainPhase(TestSuiteExecutor.java:150)
	at com.kms.katalon.core.main.TestSuiteExecutor.execute(TestSuiteExecutor.java:106)
	at com.kms.katalon.core.main.TestCaseMain.startTestSuite(TestCaseMain.java:180)
	at TempTestSuite1720768100389.run(TempTestSuite1720768100389.groovy:35)
	at java.base/jdk.internal.reflect.NativeMethodAccessorImpl.invoke0(Native Method)
	at java.base/jdk.internal.reflect.NativeMethodAccessorImpl.invoke(NativeMethodAccessorImpl.java:77)
	at java.base/jdk.internal.reflect.DelegatingMethodAccessorImpl.invoke(DelegatingMethodAccessorImpl.java:43)
Caused by: com.kms.katalon.core.exception.StepFailedException: Image: 'C:\Users\Lenovo\git\KatalonPractitionerLevel\../../OneDrive/Dokument/Tita/Lamaran kerja/Eklipse.gg/Eklipse gg image_Left.png' is NOT present
	... 24 more]]></system-err>
   </testsuite>
</testsuites>
