<?xml version="1.0" encoding="UTF-8"?>
<testsuites name="TS004 - Landing Page" time="48.337" tests="3" failures="0" errors="0">
   <testsuite name="TS004 - Landing Page" tests="3" failures="0" errors="0" time="48.337" skipped="0" timestamp="16-07-2024T09:30:52" hostname="Lenovo - LAPTOP-7QB5JFLU" id="Test Suites/Eklipse Test suite/TS004 - Landing Page">
      <properties>
         <property name="deviceName" value=""/>
         <property name="devicePlatform"/>
         <property name="logFolder" value="C:\\Users\\Lenovo\\git\\KatalonPractitionerLevel\\Reports\\20240716_093044\\Eklipse Test suite\\TS004 - Landing Page\\20240716_093044"/>
         <property name="logFiles" value="C:\\Users\\Lenovo\\git\\KatalonPractitionerLevel\\Reports\\20240716_093044\\Eklipse Test suite\\TS004 - Landing Page\\20240716_093044\\execution0.log"/>
         <property name="attachments" value="C:\\Users\\Lenovo\\git\\KatalonPractitionerLevel\\Reports\\20240716_093044\\Eklipse Test suite\\TS004 - Landing Page\\20240716_093044\\1721097074501.png"/>
         <property name="hostName" value="Lenovo - LAPTOP-7QB5JFLU"/>
         <property name="os" value="Windows 11 64bit"/>
         <property name="katalonVersion" value="9.6.0.217"/>
         <property name="browser" value="Chrome 126.0.0.0"/>
         <property name="hostAddress" value="192.168.1.12"/>
         <property name="sessionId" value="c14006520d6e3d28182ab894377c5fbb"/>
         <property name="seleniumVersion" value="3.141.59"/>
         <property name="proxyInformation" value="ProxyInformation { proxyOption=NO_PROXY, proxyServerType=HTTP, username=, password=********, proxyServerAddress=, proxyServerPort=0, executionList=&quot;&quot;, isApplyToDesiredCapabilities=true }"/>
         <property name="platform" value="Windows 11"/>
      </properties>
      <testcase name="Test Cases/Eklipse Test/Landing page/TC001 - Open browser" time="10.997" classname="Test Cases/Eklipse Test/Landing page/TC001 - Open browser" status="PASSED">
         <system-out><![CDATA[16-07-2024T09:30:52 - [TEST_CASE][PASSED] - Test Cases/Eklipse Test/Landing page/TC001 - Open browser: Test Cases/Eklipse Test/Landing page/TC001 - Open browser

16-07-2024T09:30:52 - [TEST_STEP][PASSED] - openBrowser(""): Browser is opened with url: ''

16-07-2024T09:30:53 - [MESSAGE][INFO] - Starting 'Chrome' driver

16-07-2024T09:30:53 - [MESSAGE][INFO] - Action delay is set to 0 milliseconds

16-07-2024T09:30:54 - [MESSAGE][PASSED] - Browser is opened with url: ''

16-07-2024T09:30:54 - [TEST_STEP][PASSED] - navigateToUrl("https://eklipse.gg/"): Navigate to 'https://eklipse.gg/' successfully

16-07-2024T09:31:03 - [MESSAGE][PASSED] - Navigate to 'https://eklipse.gg/' successfully

16-07-2024T09:31:03 - [TEST_STEP][NOT_RUN] - maximizeWindow(): NOT_RUN: maximizeWindow()

16-07-2024T09:31:03 - [MESSAGE][NOT_RUN] - NOT_RUN: maximizeWindow()]]></system-out>
         <system-err><![CDATA[]]></system-err>
      </testcase>
      <testcase name="Test Cases/Eklipse Test/Landing page/TC002 - Verify header main" time="12.745" classname="Test Cases/Eklipse Test/Landing page/TC002 - Verify header main" status="PASSED">
         <system-out><![CDATA[16-07-2024T09:31:20 - [TEST_CASE][PASSED] - Test Cases/Eklipse Test/Landing page/TC002 - Verify header main: Test Cases/Eklipse Test/Landing page/TC002 - Verify header main

16-07-2024T09:31:20 - [TEST_STEP][PASSED] - openBrowser(""): Browser is opened with url: ''

16-07-2024T09:31:20 - [MESSAGE][INFO] - Starting 'Chrome' driver

16-07-2024T09:31:20 - [MESSAGE][INFO] - Action delay is set to 0 milliseconds

16-07-2024T09:31:20 - [MESSAGE][PASSED] - Browser is opened with url: ''

16-07-2024T09:31:20 - [TEST_STEP][PASSED] - navigateToUrl("https://eklipse.gg/"): Navigate to 'https://eklipse.gg/' successfully

16-07-2024T09:31:27 - [MESSAGE][PASSED] - Navigate to 'https://eklipse.gg/' successfully

16-07-2024T09:31:27 - [TEST_STEP][PASSED] - maximizeWindow(): Current window maximized

16-07-2024T09:31:27 - [MESSAGE][PASSED] - Current window maximized

16-07-2024T09:31:27 - [TEST_STEP][PASSED] - verifyImagePresent(findTestObject("Eklipse Landing Page/Page_Eklipse/img_Features_logo-desktop"), CONTINUE_ON_FAILURE): Image: 'C:\Users\Lenovo\git\KatalonPractitionerLevel\../../OneDrive/Dokument/Tita/Lamaran kerja/Eklipse.gg/Eklipse.gg logo.png' is present

16-07-2024T09:31:28 - [MESSAGE][PASSED] - Image: 'C:\Users\Lenovo\git\KatalonPractitionerLevel\../../OneDrive/Dokument/Tita/Lamaran kerja/Eklipse.gg/Eklipse.gg logo.png' is present

16-07-2024T09:31:28 - [TEST_STEP][PASSED] - verifyElementVisibleInViewport(findTestObject("Eklipse Landing Page/Page_Eklipse/FEATURES landing page"), 0): Object 'Object Repository/Eklipse Landing Page/Page_Eklipse/FEATURES landing page' is present and visible in viewport

16-07-2024T09:31:28 - [MESSAGE][WARNING] - Timeout '0' is invalid. Using default page load timeout: '30'

16-07-2024T09:31:28 - [MESSAGE][PASSED] - Object 'Object Repository/Eklipse Landing Page/Page_Eklipse/FEATURES landing page' is present and visible in viewport

16-07-2024T09:31:28 - [TEST_STEP][PASSED] - verifyElementClickable(findTestObject("Eklipse Landing Page/Page_Eklipse/FEATURES landing page")): Object 'Object Repository/Eklipse Landing Page/Page_Eklipse/FEATURES landing page' is clickable

16-07-2024T09:31:29 - [MESSAGE][PASSED] - Object 'Object Repository/Eklipse Landing Page/Page_Eklipse/FEATURES landing page' is clickable

16-07-2024T09:31:29 - [TEST_STEP][PASSED] - verifyElementVisibleInViewport(findTestObject("Eklipse Landing Page/Page_Eklipse/Use Case COD streamer"), 0): Object 'Object Repository/Eklipse Landing Page/Page_Eklipse/Use Case COD streamer' is present and visible in viewport

16-07-2024T09:31:29 - [MESSAGE][WARNING] - Timeout '0' is invalid. Using default page load timeout: '30'

16-07-2024T09:31:29 - [MESSAGE][PASSED] - Object 'Object Repository/Eklipse Landing Page/Page_Eklipse/Use Case COD streamer' is present and visible in viewport

16-07-2024T09:31:29 - [TEST_STEP][PASSED] - verifyElementClickable(findTestObject("Eklipse Landing Page/Page_Eklipse/Use Case COD streamer")): Object 'Object Repository/Eklipse Landing Page/Page_Eklipse/Use Case COD streamer' is clickable

16-07-2024T09:31:29 - [MESSAGE][PASSED] - Object 'Object Repository/Eklipse Landing Page/Page_Eklipse/Use Case COD streamer' is clickable

16-07-2024T09:31:29 - [TEST_STEP][PASSED] - verifyElementVisibleInViewport(findTestObject("Eklipse Landing Page/Page_Eklipse/Discovery"), 0): Object 'Object Repository/Eklipse Landing Page/Page_Eklipse/Discovery' is present and visible in viewport

16-07-2024T09:31:29 - [MESSAGE][WARNING] - Timeout '0' is invalid. Using default page load timeout: '30'

16-07-2024T09:31:30 - [MESSAGE][PASSED] - Object 'Object Repository/Eklipse Landing Page/Page_Eklipse/Discovery' is present and visible in viewport

16-07-2024T09:31:30 - [TEST_STEP][PASSED] - verifyElementClickable(findTestObject("Eklipse Landing Page/Page_Eklipse/Discovery")): Object 'Object Repository/Eklipse Landing Page/Page_Eklipse/Discovery' is clickable

16-07-2024T09:31:30 - [MESSAGE][PASSED] - Object 'Object Repository/Eklipse Landing Page/Page_Eklipse/Discovery' is clickable

16-07-2024T09:31:30 - [TEST_STEP][PASSED] - verifyElementVisibleInViewport(findTestObject("Eklipse Landing Page/Page_Eklipse/Premium"), 0): Object 'Object Repository/Eklipse Landing Page/Page_Eklipse/Premium' is present and visible in viewport

16-07-2024T09:31:30 - [MESSAGE][WARNING] - Timeout '0' is invalid. Using default page load timeout: '30'

16-07-2024T09:31:30 - [MESSAGE][PASSED] - Object 'Object Repository/Eklipse Landing Page/Page_Eklipse/Premium' is present and visible in viewport

16-07-2024T09:31:30 - [TEST_STEP][PASSED] - verifyElementClickable(findTestObject("Eklipse Landing Page/Page_Eklipse/Premium")): Object 'Object Repository/Eklipse Landing Page/Page_Eklipse/Premium' is clickable

16-07-2024T09:31:31 - [MESSAGE][PASSED] - Object 'Object Repository/Eklipse Landing Page/Page_Eklipse/Premium' is clickable

16-07-2024T09:31:31 - [TEST_STEP][PASSED] - verifyElementVisibleInViewport(findTestObject("Eklipse Landing Page/Page_Eklipse/Sign In"), 0): Object 'Object Repository/Eklipse Landing Page/Page_Eklipse/Sign In' is present and visible in viewport

16-07-2024T09:31:31 - [MESSAGE][WARNING] - Timeout '0' is invalid. Using default page load timeout: '30'

16-07-2024T09:31:31 - [MESSAGE][PASSED] - Object 'Object Repository/Eklipse Landing Page/Page_Eklipse/Sign In' is present and visible in viewport

16-07-2024T09:31:31 - [TEST_STEP][PASSED] - verifyElementClickable(findTestObject("Eklipse Landing Page/Page_Eklipse/Sign In")): Object 'Object Repository/Eklipse Landing Page/Page_Eklipse/Sign In' is clickable

16-07-2024T09:31:31 - [MESSAGE][PASSED] - Object 'Object Repository/Eklipse Landing Page/Page_Eklipse/Sign In' is clickable

16-07-2024T09:31:31 - [TEST_STEP][PASSED] - verifyElementVisibleInViewport(findTestObject("Eklipse Landing Page/Page_Eklipse/Start for Free"), 0): Object 'Object Repository/Eklipse Landing Page/Page_Eklipse/Start for Free' is present and visible in viewport

16-07-2024T09:31:31 - [MESSAGE][WARNING] - Timeout '0' is invalid. Using default page load timeout: '30'

16-07-2024T09:31:32 - [MESSAGE][PASSED] - Object 'Object Repository/Eklipse Landing Page/Page_Eklipse/Start for Free' is present and visible in viewport

16-07-2024T09:31:32 - [TEST_STEP][PASSED] - verifyElementClickable(findTestObject("Eklipse Landing Page/Page_Eklipse/Start for Free")): Object 'Object Repository/Eklipse Landing Page/Page_Eklipse/Start for Free' is clickable

16-07-2024T09:31:32 - [MESSAGE][PASSED] - Object 'Object Repository/Eklipse Landing Page/Page_Eklipse/Start for Free' is clickable

16-07-2024T09:31:32 - [TEST_STEP][PASSED] - closeBrowser(): Browser is closed

16-07-2024T09:31:32 - [MESSAGE][PASSED] - Browser is closed]]></system-out>
         <system-err><![CDATA[]]></system-err>
      </testcase>
      <testcase name="Test Cases/Eklipse Test/Landing page/TC003 - Verify web title" time="7.523" classname="Test Cases/Eklipse Test/Landing page/TC003 - Verify web title" status="PASSED">
         <system-out><![CDATA[16-07-2024T09:31:32 - [TEST_CASE][PASSED] - Test Cases/Eklipse Test/Landing page/TC003 - Verify web title: Test Cases/Eklipse Test/Landing page/TC003 - Verify web title

16-07-2024T09:31:33 - [TEST_STEP][PASSED] - openBrowser(""): Browser is opened with url: ''

16-07-2024T09:31:33 - [MESSAGE][INFO] - Starting 'Chrome' driver

16-07-2024T09:31:33 - [MESSAGE][INFO] - Action delay is set to 0 milliseconds

16-07-2024T09:31:33 - [MESSAGE][PASSED] - Browser is opened with url: ''

16-07-2024T09:31:33 - [TEST_STEP][PASSED] - navigateToUrl("https://eklipse.gg/"): Navigate to 'https://eklipse.gg/' successfully

16-07-2024T09:31:40 - [MESSAGE][PASSED] - Navigate to 'https://eklipse.gg/' successfully

16-07-2024T09:31:40 - [TEST_STEP][NOT_RUN] - waitForImagePresent(findTestObject("Eklipse Landing Page/Page_Eklipse/img_Features_logo-desktop"), 3): NOT_RUN: waitForImagePresent(findTestObject("Eklipse Landing Page/Page_Eklipse/img_Features_logo-desktop"), 3)

16-07-2024T09:31:40 - [MESSAGE][NOT_RUN] - NOT_RUN: waitForImagePresent(findTestObject("Eklipse Landing Page/Page_Eklipse/img_Features_logo-desktop"), 3)

16-07-2024T09:31:40 - [TEST_STEP][NOT_RUN] - takeFullPageScreenshot(): NOT_RUN: takeFullPageScreenshot()

16-07-2024T09:31:40 - [MESSAGE][NOT_RUN] - NOT_RUN: takeFullPageScreenshot()

16-07-2024T09:31:40 - [TEST_STEP][PASSED] - title1 = getWindowTitle(): Current window's title is: 'Eklipse - Convert Twitch Clip To TikTok, Reels, & Shorts For Free'

16-07-2024T09:31:40 - [MESSAGE][PASSED] - Current window's title is: 'Eklipse - Convert Twitch Clip To TikTok, Reels, & Shorts For Free'

16-07-2024T09:31:40 - [TEST_STEP][PASSED] - title2 = "Eklipse - Convert Twitch Clip To TikTok, Reels, & Shorts For Free": null

16-07-2024T09:31:40 - [TEST_STEP][PASSED] - verifyEqual(title1, title2): Actual object 'Eklipse - Convert Twitch Clip To TikTok, Reels, & Shorts For Free' and expected object 'Eklipse - Convert Twitch Clip To TikTok, Reels, & Shorts For Free' are equal

16-07-2024T09:31:40 - [MESSAGE][PASSED] - Actual object 'Eklipse - Convert Twitch Clip To TikTok, Reels, & Shorts For Free' and expected object 'Eklipse - Convert Twitch Clip To TikTok, Reels, & Shorts For Free' are equal

16-07-2024T09:31:40 - [TEST_STEP][PASSED] - if (title1.equals(title2)): Execute JavaScript 'alert('PAGE TITLE MATCHED')' successfully

16-07-2024T09:31:40 - [TEST_STEP][PASSED] - comment("PAGE TITLE MATCHED"): PAGE TITLE MATCHED

16-07-2024T09:31:40 - [MESSAGE][INFO] - PAGE TITLE MATCHED

16-07-2024T09:31:40 - [TEST_STEP][PASSED] - executeJavaScript("alert('PAGE TITLE MATCHED')", null): Execute JavaScript 'alert('PAGE TITLE MATCHED')' successfully

16-07-2024T09:31:40 - [MESSAGE][PASSED] - Execute JavaScript 'alert('PAGE TITLE MATCHED')' successfully

16-07-2024T09:31:40 - [TEST_STEP][PASSED] - closeBrowser(): Browser is closed

16-07-2024T09:31:40 - [MESSAGE][PASSED] - Browser is closed]]></system-out>
         <system-err><![CDATA[]]></system-err>
      </testcase>
      <system-out><![CDATA[16-07-2024T09:30:52 - [TEST_SUITE][FAILED] - TS004 - Landing Page: Test Cases/Eklipse Test/Landing page/TC002 - Verify header main FAILED.
Reason:
com.kms.katalon.core.exception.StepFailedException: Image: 'C:\Users\Lenovo\git\KatalonPractitionerLevel\../../OneDrive/Dokument/Tita/Lamaran kerja/Eklipse.gg/Eklipse.gg logo.png' is NOT present (Root cause: com.kms.katalon.core.exception.StepFailedException: Image: 'C:\Users\Lenovo\git\KatalonPractitionerLevel\../../OneDrive/Dokument/Tita/Lamaran kerja/Eklipse.gg/Eklipse.gg logo.png' is NOT present
	at com.kms.katalon.core.webui.keyword.internal.WebUIKeywordMain.stepFailed(WebUIKeywordMain.groovy:64)
	at com.kms.katalon.core.webui.keyword.builtin.VerifyImagePresentKeyword$_verifyImagePresent_closure1.doCall(VerifyImagePresentKeyword.groovy:92)
	at com.kms.katalon.core.webui.keyword.builtin.VerifyImagePresentKeyword$_verifyImagePresent_closure1.call(VerifyImagePresentKeyword.groovy)
	at com.kms.katalon.core.webui.keyword.internal.WebUIKeywordMain.runKeyword(WebUIKeywordMain.groovy:20)
	at com.kms.katalon.core.webui.keyword.builtin.VerifyImagePresentKeyword.verifyImagePresent(VerifyImagePresentKeyword.groovy:94)
	at com.kms.katalon.core.webui.keyword.builtin.VerifyImagePresentKeyword.execute(VerifyImagePresentKeyword.groovy:67)
	at com.kms.katalon.core.keyword.internal.KeywordExecutor.executeKeywordForPlatform(KeywordExecutor.groovy:74)
	at com.kms.katalon.core.webui.keyword.WebUiBuiltInKeywords.verifyImagePresent(WebUiBuiltInKeywords.groovy:2820)
	at TC002 - Verify header main.run(TC002 - Verify header main:26)
	at com.kms.katalon.core.main.ScriptEngine.run(ScriptEngine.java:194)
	at com.kms.katalon.core.main.ScriptEngine.runScriptAsRawText(ScriptEngine.java:119)
	at com.kms.katalon.core.main.TestCaseExecutor.runScript(TestCaseExecutor.java:448)
	at com.kms.katalon.core.main.TestCaseExecutor.doExecute(TestCaseExecutor.java:439)
	at com.kms.katalon.core.main.TestCaseExecutor.processExecutionPhase(TestCaseExecutor.java:418)
	at com.kms.katalon.core.main.TestCaseExecutor.accessMainPhase(TestCaseExecutor.java:410)
	at com.kms.katalon.core.main.TestCaseExecutor.execute(TestCaseExecutor.java:285)
	at com.kms.katalon.core.common.CommonExecutor.accessTestCaseMainPhase(CommonExecutor.java:65)
	at com.kms.katalon.core.main.TestSuiteExecutor.accessTestSuiteMainPhase(TestSuiteExecutor.java:150)
	at com.kms.katalon.core.main.TestSuiteExecutor.execute(TestSuiteExecutor.java:106)
	at com.kms.katalon.core.main.TestCaseMain.startTestSuite(TestCaseMain.java:180)
	at TempTestSuite1721097044279.run(TempTestSuite1721097044279.groovy:35)
	at java.base/jdk.internal.reflect.NativeMethodAccessorImpl.invoke0(Native Method)
	at java.base/jdk.internal.reflect.NativeMethodAccessorImpl.invoke(NativeMethodAccessorImpl.java:77)
	at java.base/jdk.internal.reflect.DelegatingMethodAccessorImpl.invoke(DelegatingMethodAccessorImpl.java:43)
)
	at com.kms.katalon.core.keyword.internal.KeywordMain.stepFailed(KeywordMain.groovy:39)
	at com.kms.katalon.core.webui.keyword.internal.WebUIKeywordMain.stepFailed(WebUIKeywordMain.groovy:64)
	at com.kms.katalon.core.webui.keyword.builtin.VerifyImagePresentKeyword$_verifyImagePresent_closure1.doCall(VerifyImagePresentKeyword.groovy:92)
	at com.kms.katalon.core.webui.keyword.builtin.VerifyImagePresentKeyword$_verifyImagePresent_closure1.call(VerifyImagePresentKeyword.groovy)
	at com.kms.katalon.core.webui.keyword.internal.WebUIKeywordMain.runKeyword(WebUIKeywordMain.groovy:20)
	at com.kms.katalon.core.webui.keyword.builtin.VerifyImagePresentKeyword.verifyImagePresent(VerifyImagePresentKeyword.groovy:94)
	at com.kms.katalon.core.webui.keyword.builtin.VerifyImagePresentKeyword.execute(VerifyImagePresentKeyword.groovy:67)
	at com.kms.katalon.core.keyword.internal.KeywordExecutor.executeKeywordForPlatform(KeywordExecutor.groovy:74)
	at com.kms.katalon.core.webui.keyword.WebUiBuiltInKeywords.verifyImagePresent(WebUiBuiltInKeywords.groovy:2820)
	at TC002 - Verify header main.run(TC002 - Verify header main:26)
	at com.kms.katalon.core.main.ScriptEngine.run(ScriptEngine.java:194)
	at com.kms.katalon.core.main.ScriptEngine.runScriptAsRawText(ScriptEngine.java:119)
	at com.kms.katalon.core.main.TestCaseExecutor.runScript(TestCaseExecutor.java:448)
	at com.kms.katalon.core.main.TestCaseExecutor.doExecute(TestCaseExecutor.java:439)
	at com.kms.katalon.core.main.TestCaseExecutor.processExecutionPhase(TestCaseExecutor.java:418)
	at com.kms.katalon.core.main.TestCaseExecutor.accessMainPhase(TestCaseExecutor.java:410)
	at com.kms.katalon.core.main.TestCaseExecutor.execute(TestCaseExecutor.java:285)
	at com.kms.katalon.core.common.CommonExecutor.accessTestCaseMainPhase(CommonExecutor.java:65)
	at com.kms.katalon.core.main.TestSuiteExecutor.accessTestSuiteMainPhase(TestSuiteExecutor.java:150)
	at com.kms.katalon.core.main.TestSuiteExecutor.execute(TestSuiteExecutor.java:106)
	at com.kms.katalon.core.main.TestCaseMain.startTestSuite(TestCaseMain.java:180)
	at TempTestSuite1721097044279.run(TempTestSuite1721097044279.groovy:35)
	at java.base/jdk.internal.reflect.NativeMethodAccessorImpl.invoke0(Native Method)
	at java.base/jdk.internal.reflect.NativeMethodAccessorImpl.invoke(NativeMethodAccessorImpl.java:77)
	at java.base/jdk.internal.reflect.DelegatingMethodAccessorImpl.invoke(DelegatingMethodAccessorImpl.java:43)
Caused by: com.kms.katalon.core.exception.StepFailedException: Image: 'C:\Users\Lenovo\git\KatalonPractitionerLevel\../../OneDrive/Dokument/Tita/Lamaran kerja/Eklipse.gg/Eklipse.gg logo.png' is NOT present
	... 24 more]]></system-out>
      <system-err><![CDATA[16-07-2024T09:30:52 - [TEST_SUITE][FAILED] - TS004 - Landing Page: Test Cases/Eklipse Test/Landing page/TC002 - Verify header main FAILED.
Reason:
com.kms.katalon.core.exception.StepFailedException: Image: 'C:\Users\Lenovo\git\KatalonPractitionerLevel\../../OneDrive/Dokument/Tita/Lamaran kerja/Eklipse.gg/Eklipse.gg logo.png' is NOT present (Root cause: com.kms.katalon.core.exception.StepFailedException: Image: 'C:\Users\Lenovo\git\KatalonPractitionerLevel\../../OneDrive/Dokument/Tita/Lamaran kerja/Eklipse.gg/Eklipse.gg logo.png' is NOT present
	at com.kms.katalon.core.webui.keyword.internal.WebUIKeywordMain.stepFailed(WebUIKeywordMain.groovy:64)
	at com.kms.katalon.core.webui.keyword.builtin.VerifyImagePresentKeyword$_verifyImagePresent_closure1.doCall(VerifyImagePresentKeyword.groovy:92)
	at com.kms.katalon.core.webui.keyword.builtin.VerifyImagePresentKeyword$_verifyImagePresent_closure1.call(VerifyImagePresentKeyword.groovy)
	at com.kms.katalon.core.webui.keyword.internal.WebUIKeywordMain.runKeyword(WebUIKeywordMain.groovy:20)
	at com.kms.katalon.core.webui.keyword.builtin.VerifyImagePresentKeyword.verifyImagePresent(VerifyImagePresentKeyword.groovy:94)
	at com.kms.katalon.core.webui.keyword.builtin.VerifyImagePresentKeyword.execute(VerifyImagePresentKeyword.groovy:67)
	at com.kms.katalon.core.keyword.internal.KeywordExecutor.executeKeywordForPlatform(KeywordExecutor.groovy:74)
	at com.kms.katalon.core.webui.keyword.WebUiBuiltInKeywords.verifyImagePresent(WebUiBuiltInKeywords.groovy:2820)
	at TC002 - Verify header main.run(TC002 - Verify header main:26)
	at com.kms.katalon.core.main.ScriptEngine.run(ScriptEngine.java:194)
	at com.kms.katalon.core.main.ScriptEngine.runScriptAsRawText(ScriptEngine.java:119)
	at com.kms.katalon.core.main.TestCaseExecutor.runScript(TestCaseExecutor.java:448)
	at com.kms.katalon.core.main.TestCaseExecutor.doExecute(TestCaseExecutor.java:439)
	at com.kms.katalon.core.main.TestCaseExecutor.processExecutionPhase(TestCaseExecutor.java:418)
	at com.kms.katalon.core.main.TestCaseExecutor.accessMainPhase(TestCaseExecutor.java:410)
	at com.kms.katalon.core.main.TestCaseExecutor.execute(TestCaseExecutor.java:285)
	at com.kms.katalon.core.common.CommonExecutor.accessTestCaseMainPhase(CommonExecutor.java:65)
	at com.kms.katalon.core.main.TestSuiteExecutor.accessTestSuiteMainPhase(TestSuiteExecutor.java:150)
	at com.kms.katalon.core.main.TestSuiteExecutor.execute(TestSuiteExecutor.java:106)
	at com.kms.katalon.core.main.TestCaseMain.startTestSuite(TestCaseMain.java:180)
	at TempTestSuite1721097044279.run(TempTestSuite1721097044279.groovy:35)
	at java.base/jdk.internal.reflect.NativeMethodAccessorImpl.invoke0(Native Method)
	at java.base/jdk.internal.reflect.NativeMethodAccessorImpl.invoke(NativeMethodAccessorImpl.java:77)
	at java.base/jdk.internal.reflect.DelegatingMethodAccessorImpl.invoke(DelegatingMethodAccessorImpl.java:43)
)
	at com.kms.katalon.core.keyword.internal.KeywordMain.stepFailed(KeywordMain.groovy:39)
	at com.kms.katalon.core.webui.keyword.internal.WebUIKeywordMain.stepFailed(WebUIKeywordMain.groovy:64)
	at com.kms.katalon.core.webui.keyword.builtin.VerifyImagePresentKeyword$_verifyImagePresent_closure1.doCall(VerifyImagePresentKeyword.groovy:92)
	at com.kms.katalon.core.webui.keyword.builtin.VerifyImagePresentKeyword$_verifyImagePresent_closure1.call(VerifyImagePresentKeyword.groovy)
	at com.kms.katalon.core.webui.keyword.internal.WebUIKeywordMain.runKeyword(WebUIKeywordMain.groovy:20)
	at com.kms.katalon.core.webui.keyword.builtin.VerifyImagePresentKeyword.verifyImagePresent(VerifyImagePresentKeyword.groovy:94)
	at com.kms.katalon.core.webui.keyword.builtin.VerifyImagePresentKeyword.execute(VerifyImagePresentKeyword.groovy:67)
	at com.kms.katalon.core.keyword.internal.KeywordExecutor.executeKeywordForPlatform(KeywordExecutor.groovy:74)
	at com.kms.katalon.core.webui.keyword.WebUiBuiltInKeywords.verifyImagePresent(WebUiBuiltInKeywords.groovy:2820)
	at TC002 - Verify header main.run(TC002 - Verify header main:26)
	at com.kms.katalon.core.main.ScriptEngine.run(ScriptEngine.java:194)
	at com.kms.katalon.core.main.ScriptEngine.runScriptAsRawText(ScriptEngine.java:119)
	at com.kms.katalon.core.main.TestCaseExecutor.runScript(TestCaseExecutor.java:448)
	at com.kms.katalon.core.main.TestCaseExecutor.doExecute(TestCaseExecutor.java:439)
	at com.kms.katalon.core.main.TestCaseExecutor.processExecutionPhase(TestCaseExecutor.java:418)
	at com.kms.katalon.core.main.TestCaseExecutor.accessMainPhase(TestCaseExecutor.java:410)
	at com.kms.katalon.core.main.TestCaseExecutor.execute(TestCaseExecutor.java:285)
	at com.kms.katalon.core.common.CommonExecutor.accessTestCaseMainPhase(CommonExecutor.java:65)
	at com.kms.katalon.core.main.TestSuiteExecutor.accessTestSuiteMainPhase(TestSuiteExecutor.java:150)
	at com.kms.katalon.core.main.TestSuiteExecutor.execute(TestSuiteExecutor.java:106)
	at com.kms.katalon.core.main.TestCaseMain.startTestSuite(TestCaseMain.java:180)
	at TempTestSuite1721097044279.run(TempTestSuite1721097044279.groovy:35)
	at java.base/jdk.internal.reflect.NativeMethodAccessorImpl.invoke0(Native Method)
	at java.base/jdk.internal.reflect.NativeMethodAccessorImpl.invoke(NativeMethodAccessorImpl.java:77)
	at java.base/jdk.internal.reflect.DelegatingMethodAccessorImpl.invoke(DelegatingMethodAccessorImpl.java:43)
Caused by: com.kms.katalon.core.exception.StepFailedException: Image: 'C:\Users\Lenovo\git\KatalonPractitionerLevel\../../OneDrive/Dokument/Tita/Lamaran kerja/Eklipse.gg/Eklipse.gg logo.png' is NOT present
	... 24 more]]></system-err>
   </testsuite>
</testsuites>
