<?xml version="1.0" encoding="UTF-8"?>
<testsuites name="TS03 - Logout variation" time="15.219" tests="2" failures="0" errors="0">
   <testsuite name="TS03 - Logout variation" tests="2" failures="0" errors="0" time="15.219" skipped="0" timestamp="16-07-2024T13:58:53" hostname="Lenovo - LAPTOP-7QB5JFLU" id="Test Suites/CURA Test suites/TS03 - Logout variation">
      <properties>
         <property name="deviceName" value=""/>
         <property name="devicePlatform"/>
         <property name="logFolder" value="C:\\Users\\Lenovo\\git\\KatalonPractitionerLevel\\Reports\\20240716_135752\\CURA Test suites\\TS03 - Logout variation\\20240716_135755"/>
         <property name="logFiles" value="C:\\Users\\Lenovo\\git\\KatalonPractitionerLevel\\Reports\\20240716_135752\\CURA Test suites\\TS03 - Logout variation\\20240716_135755\\execution0.log"/>
         <property name="attachments" value="C:\\Users\\Lenovo\\git\\KatalonPractitionerLevel\\Reports\\20240716_135752\\CURA Test suites\\TS03 - Logout variation\\20240716_135755\\1721113140742.png, keyes\keyes-Login page.png, keyes\keyes-Make appointment page.png"/>
         <property name="hostName" value="Lenovo - LAPTOP-7QB5JFLU"/>
         <property name="os" value="Windows 11 64bit"/>
         <property name="katalonVersion" value="9.6.0.217"/>
         <property name="browser" value="Chrome 126.0.0.0"/>
         <property name="hostAddress" value="192.168.1.12"/>
         <property name="sessionId" value="2e248b35c1eadf184df1493140368bc2"/>
         <property name="seleniumVersion" value="3.141.59"/>
         <property name="proxyInformation" value="ProxyInformation { proxyOption=NO_PROXY, proxyServerType=HTTP, username=, password=********, proxyServerAddress=, proxyServerPort=0, executionList=&quot;&quot;, isApplyToDesiredCapabilities=true }"/>
         <property name="platform" value="Windows 11"/>
      </properties>
      <testcase name="Test Cases/CURA Web Test/TC02 - Login normally" time="13.492" classname="Test Cases/CURA Web Test/TC02 - Login normally" status="PASSED">
         <system-out><![CDATA[16-07-2024T13:58:53 - [TEST_CASE][PASSED] - Test Cases/CURA Web Test/TC02 - Login normally: Test Cases/CURA Web Test/TC02 - Login normally

16-07-2024T13:58:54 - [TEST_STEP][PASSED] - callTestCase(findTestCase("CURA Web Test/Properties/TCP01 - Open browser"), [:], STOP_ON_FAILURE): Call Test Case 'Test Cases/CURA Web Test/Properties/TCP01 - Open browser' successfully

16-07-2024T13:58:54 - [TEST_CASE][PASSED] - Test Cases/CURA Web Test/Properties/TCP01 - Open browser: Test Cases/CURA Web Test/Properties/TCP01 - Open browser

16-07-2024T13:58:54 - [TEST_STEP][PASSED] - openBrowser(""): Browser is opened with url: ''

16-07-2024T13:58:54 - [MESSAGE][INFO] - Starting 'Chrome' driver

16-07-2024T13:58:54 - [MESSAGE][INFO] - Action delay is set to 0 milliseconds

16-07-2024T13:58:55 - [MESSAGE][PASSED] - Browser is opened with url: ''

16-07-2024T13:58:55 - [TEST_STEP][PASSED] - navigateToUrl(URL): Navigate to 'https://katalon-demo-cura.herokuapp.com/' successfully

16-07-2024T13:58:58 - [MESSAGE][PASSED] - Navigate to 'https://katalon-demo-cura.herokuapp.com/' successfully

16-07-2024T13:58:58 - [MESSAGE][PASSED] - Call Test Case 'Test Cases/CURA Web Test/Properties/TCP01 - Open browser' successfully

16-07-2024T13:58:58 - [TEST_STEP][PASSED] - delay(2): Delayed 2 second(s)

16-07-2024T13:59:00 - [MESSAGE][PASSED] - Delayed 2 second(s)

16-07-2024T13:59:00 - [TEST_STEP][PASSED] - takeFullPageScreenshot(): Taking screenshot successfully

16-07-2024T13:59:01 - [MESSAGE][INFO] - 0 hidden object(s)

16-07-2024T13:59:01 - [MESSAGE][PASSED] - Taking screenshot successfully
[[ATTACHMENT|C:\\Users\\Lenovo\\git\\KatalonPractitionerLevel\\Reports\\20240716_135752\\CURA Test suites\\TS03 - Logout variation\\20240716_135755\\1721113140742.png]]

16-07-2024T13:59:01 - [TEST_STEP][PASSED] - click(findTestObject("1. CURA Object button/Make Appointment")): Object: 'Object Repository/1. CURA Object button/Make Appointment' is clicked on

16-07-2024T13:59:02 - [MESSAGE][PASSED] - Object: 'Object Repository/1. CURA Object button/Make Appointment' is clicked on

16-07-2024T13:59:02 - [TEST_STEP][PASSED] - takeScreenshotAsCheckpoint("Login page"): Taking screenshot successfully

16-07-2024T13:59:02 - [MESSAGE][INFO] - 0 hidden object(s)

16-07-2024T13:59:02 - [MESSAGE][PASSED] - Taking screenshot successfully
[[ATTACHMENT|keyes\keyes-Login page.png]]

16-07-2024T13:59:02 - [TEST_STEP][PASSED] - setText(findTestObject("1. CURA Object button/Username"), Username): Text 'John Doe' is set on object 'Object Repository/1. CURA Object button/Username'

16-07-2024T13:59:03 - [MESSAGE][PASSED] - Text 'John Doe' is set on object 'Object Repository/1. CURA Object button/Username'

16-07-2024T13:59:03 - [TEST_STEP][PASSED] - setText(findTestObject("1. CURA Object button/Password"), Password): Text 'ThisIsNotAPassword' is set on object 'Object Repository/1. CURA Object button/Password'

16-07-2024T13:59:04 - [MESSAGE][PASSED] - Text 'ThisIsNotAPassword' is set on object 'Object Repository/1. CURA Object button/Password'

16-07-2024T13:59:04 - [TEST_STEP][PASSED] - click(findTestObject("1. CURA Object button/Login Button")): Object: 'Object Repository/1. CURA Object button/Login Button' is clicked on

16-07-2024T13:59:04 - [MESSAGE][PASSED] - Object: 'Object Repository/1. CURA Object button/Login Button' is clicked on

16-07-2024T13:59:04 - [TEST_STEP][PASSED] - delay(2): Delayed 2 second(s)

16-07-2024T13:59:06 - [MESSAGE][PASSED] - Delayed 2 second(s)

16-07-2024T13:59:06 - [TEST_STEP][PASSED] - takeScreenshotAsCheckpoint("Make appointment page"): Taking screenshot successfully

16-07-2024T13:59:07 - [MESSAGE][INFO] - 0 hidden object(s)

16-07-2024T13:59:07 - [MESSAGE][PASSED] - Taking screenshot successfully
[[ATTACHMENT|keyes\keyes-Make appointment page.png]]]]></system-out>
         <system-err><![CDATA[]]></system-err>
      </testcase>
      <testcase name="Test Cases/CURA Web Test/TC12 - Logout via button toggle" time="1.614" classname="Test Cases/CURA Web Test/TC12 - Logout via button toggle" status="PASSED">
         <system-out><![CDATA[16-07-2024T13:59:07 - [TEST_CASE][PASSED] - Test Cases/CURA Web Test/TC12 - Logout via button toggle: Test Cases/CURA Web Test/TC12 - Logout via button toggle

16-07-2024T13:59:07 - [TEST_STEP][PASSED] - click(findTestObject("1. CURA Object button/Menu"), STOP_ON_FAILURE): Object: 'Object Repository/1. CURA Object button/Menu' is clicked on

16-07-2024T13:59:07 - [MESSAGE][PASSED] - Object: 'Object Repository/1. CURA Object button/Menu' is clicked on

16-07-2024T13:59:07 - [TEST_STEP][PASSED] - click(findTestObject("12. Log out/Page_CURA/a_Logout")): Object: 'Object Repository/12. Log out/Page_CURA/a_Logout' is clicked on

16-07-2024T13:59:08 - [MESSAGE][PASSED] - Object: 'Object Repository/12. Log out/Page_CURA/a_Logout' is clicked on

16-07-2024T13:59:08 - [TEST_STEP][PASSED] - verifyElementText(findTestObject("2. CURA Object Text/Healthcare Service"), "CURA Healthcare Service"): Actual text and expected text of test object 'Object Repository/2. CURA Object Text/Healthcare Service' are matched.

16-07-2024T13:59:08 - [MESSAGE][PASSED] - Actual text and expected text of test object 'Object Repository/2. CURA Object Text/Healthcare Service' are matched.

16-07-2024T13:59:08 - [TEST_STEP][PASSED] - closeBrowser(): Browser is closed

16-07-2024T13:59:08 - [MESSAGE][PASSED] - Browser is closed]]></system-out>
         <system-err><![CDATA[]]></system-err>
      </testcase>
      <system-out><![CDATA[16-07-2024T13:58:53 - [TEST_SUITE][PASSED] - TS03 - Logout variation: Test Cases/CURA Web Test/TC12 - Logout via button toggle]]></system-out>
      <system-err><![CDATA[]]></system-err>
   </testsuite>
</testsuites>
